{"E:\\bimta-backend-1\\src\\app.controller.spec.ts": {"path":"E:\\bimta-backend-1\\src\\app.controller.spec.ts","statementMap":{"0":{"start":{"line":1,"column":0},"end":{"line":1,"column":54}},"1":{"start":{"line":2,"column":0},"end":{"line":2,"column":49}},"2":{"start":{"line":3,"column":0},"end":{"line":3,"column":43}},"3":{"start":{"line":5,"column":0},"end":{"line":22,"column":3}},"4":{"start":{"line":8,"column":2},"end":{"line":15,"column":5}},"5":{"start":{"line":9,"column":31},"end":{"line":12,"column":16}},"6":{"start":{"line":14,"column":4},"end":{"line":14,"column":58}},"7":{"start":{"line":17,"column":2},"end":{"line":21,"column":5}},"8":{"start":{"line":18,"column":4},"end":{"line":20,"column":7}},"9":{"start":{"line":19,"column":6},"end":{"line":19,"column":60}}},"fnMap":{"0":{"name":"(anonymous_0)","decl":{"start":{"line":5,"column":26},"end":{"line":5,"column":29}},"loc":{"start":{"line":5,"column":31},"end":{"line":22,"column":1}}},"1":{"name":"(anonymous_1)","decl":{"start":{"line":8,"column":13},"end":{"line":8,"column":18}},"loc":{"start":{"line":8,"column":24},"end":{"line":15,"column":3}}},"2":{"name":"(anonymous_2)","decl":{"start":{"line":17,"column":19},"end":{"line":17,"column":22}},"loc":{"start":{"line":17,"column":24},"end":{"line":21,"column":3}}},"3":{"name":"(anonymous_3)","decl":{"start":{"line":18,"column":39},"end":{"line":18,"column":42}},"loc":{"start":{"line":18,"column":44},"end":{"line":20,"column":5}}}},"branchMap":{},"s":{"0":0,"1":0,"2":0,"3":0,"4":0,"5":0,"6":0,"7":0,"8":0,"9":0},"f":{"0":0,"1":0,"2":0,"3":0},"b":{}}
,"E:\\bimta-backend-1\\src\\app.controller.ts": {"path":"E:\\bimta-backend-1\\src\\app.controller.ts","statementMap":{"0":{"start":{"line":1,"column":0},"end":{"line":1,"column":49}},"1":{"start":{"line":2,"column":0},"end":{"line":2,"column":43}},"2":{"start":{"line":5,"column":7},"end":{"line":12,"column":null}},"3":{"start":{"line":6,"column":31},"end":{"line":6,"column":43}},"4":{"start":{"line":10,"column":4},"end":{"line":10,"column":38}},"5":{"start":{"line":5,"column":13},"end":{"line":5,"column":26}},"6":{"start":{"line":9,"column":2},"end":{"line":11,"column":null}},"7":{"start":{"line":5,"column":13},"end":{"line":12,"column":null}}},"fnMap":{"0":{"name":"(anonymous_2)","decl":{"start":{"line":6,"column":2},"end":{"line":6,"column":31}},"loc":{"start":{"line":6,"column":53},"end":{"line":6,"column":57}}},"1":{"name":"(anonymous_3)","decl":{"start":{"line":9,"column":2},"end":{"line":9,"column":10}},"loc":{"start":{"line":9,"column":10},"end":{"line":11,"column":3}}}},"branchMap":{"0":{"loc":{"start":{"line":6,"column":43},"end":{"line":6,"column":56}},"type":"cond-expr","locations":[{"start":{"line":6,"column":53},"end":{"line":6,"column":56}},{"start":{"line":6,"column":53},"end":{"line":6,"column":56}}]},"1":{"loc":{"start":{"line":6,"column":43},"end":{"line":6,"column":53}},"type":"binary-expr","locations":[{"start":{"line":6,"column":43},"end":{"line":6,"column":56}},{"start":{"line":6,"column":43},"end":{"line":6,"column":53}}]}},"s":{"0":9,"1":9,"2":9,"3":9,"4":1,"5":9,"6":9,"7":9},"f":{"0":9,"1":1},"b":{"0":[9,0],"1":[9,9]}}
,"E:\\bimta-backend-1\\src\\app.module.ts": {"path":"E:\\bimta-backend-1\\src\\app.module.ts","statementMap":{"0":{"start":{"line":1,"column":0},"end":{"line":1,"column":40}},"1":{"start":{"line":2,"column":0},"end":{"line":2,"column":46}},"2":{"start":{"line":3,"column":0},"end":{"line":3,"column":48}},"3":{"start":{"line":4,"column":0},"end":{"line":4,"column":48}},"4":{"start":{"line":5,"column":0},"end":{"line":5,"column":57}},"5":{"start":{"line":6,"column":0},"end":{"line":6,"column":63}},"6":{"start":{"line":7,"column":0},"end":{"line":7,"column":60}},"7":{"start":{"line":8,"column":0},"end":{"line":8,"column":49}},"8":{"start":{"line":9,"column":0},"end":{"line":9,"column":43}},"9":{"start":{"line":10,"column":0},"end":{"line":10,"column":56}},"10":{"start":{"line":11,"column":0},"end":{"line":11,"column":54}},"11":{"start":{"line":12,"column":0},"end":{"line":12,"column":60}},"12":{"start":{"line":13,"column":0},"end":{"line":13,"column":57}},"13":{"start":{"line":25,"column":7},"end":{"line":25,"column":null}},"14":{"start":{"line":25,"column":13},"end":{"line":25,"column":22}},"15":{"start":{"line":25,"column":13},"end":{"line":25,"column":null}},"16":{"start":{"line":20,"column":18},"end":{"line":20,"column":35}}},"fnMap":{"0":{"name":"(anonymous_1)","decl":{"start":{"line":20,"column":11},"end":{"line":20,"column":14}},"loc":{"start":{"line":20,"column":18},"end":{"line":20,"column":35}}}},"branchMap":{},"s":{"0":9,"1":9,"2":9,"3":9,"4":9,"5":9,"6":9,"7":9,"8":9,"9":9,"10":9,"11":9,"12":9,"13":9,"14":9,"15":9,"16":9},"f":{"0":9},"b":{}}
,"E:\\bimta-backend-1\\src\\app.service.ts": {"path":"E:\\bimta-backend-1\\src\\app.service.ts","statementMap":{"0":{"start":{"line":1,"column":0},"end":{"line":1,"column":44}},"1":{"start":{"line":4,"column":7},"end":{"line":8,"column":null}},"2":{"start":{"line":6,"column":4},"end":{"line":6,"column":26}},"3":{"start":{"line":4,"column":13},"end":{"line":4,"column":23}},"4":{"start":{"line":4,"column":13},"end":{"line":8,"column":null}}},"fnMap":{"0":{"name":"(anonymous_1)","decl":{"start":{"line":5,"column":2},"end":{"line":5,"column":10}},"loc":{"start":{"line":5,"column":10},"end":{"line":7,"column":3}}}},"branchMap":{},"s":{"0":9,"1":9,"2":1,"3":9,"4":9},"f":{"0":1},"b":{}}
,"E:\\bimta-backend-1\\src\\main.ts": {"path":"E:\\bimta-backend-1\\src\\main.ts","statementMap":{"0":{"start":{"line":1,"column":0},"end":{"line":1,"column":43}},"1":{"start":{"line":2,"column":0},"end":{"line":2,"column":41}},"2":{"start":{"line":6,"column":14},"end":{"line":6,"column":49}},"3":{"start":{"line":8,"column":2},"end":{"line":11,"column":5}},"4":{"start":{"line":13,"column":15},"end":{"line":13,"column":39}},"5":{"start":{"line":14,"column":2},"end":{"line":14,"column":36}},"6":{"start":{"line":15,"column":2},"end":{"line":15,"column":61}},"7":{"start":{"line":17,"column":0},"end":{"line":17,"column":12}}},"fnMap":{"0":{"name":"bootstrap","decl":{"start":{"line":5,"column":15},"end":{"line":5,"column":24}},"loc":{"start":{"line":5,"column":24},"end":{"line":16,"column":1}}}},"branchMap":{"0":{"loc":{"start":{"line":13,"column":15},"end":{"line":13,"column":39}},"type":"binary-expr","locations":[{"start":{"line":13,"column":15},"end":{"line":13,"column":31}},{"start":{"line":13,"column":35},"end":{"line":13,"column":39}}]}},"s":{"0":0,"1":0,"2":0,"3":0,"4":0,"5":0,"6":0,"7":0},"f":{"0":0},"b":{"0":[0,0]}}
,"E:\\bimta-backend-1\\src\\auth\\auth.controller.ts": {"path":"E:\\bimta-backend-1\\src\\auth\\auth.controller.ts","statementMap":{"0":{"start":{"line":1,"column":0},"end":{"line":1,"column":72}},"1":{"start":{"line":3,"column":0},"end":{"line":3,"column":45}},"2":{"start":{"line":4,"column":0},"end":{"line":4,"column":49}},"3":{"start":{"line":5,"column":0},"end":{"line":5,"column":43}},"4":{"start":{"line":6,"column":0},"end":{"line":6,"column":50}},"5":{"start":{"line":9,"column":7},"end":{"line":32,"column":null}},"6":{"start":{"line":11,"column":16},"end":{"line":11,"column":28}},"7":{"start":{"line":16,"column":8},"end":{"line":16,"column":52}},"8":{"start":{"line":21,"column":8},"end":{"line":21,"column":49}},"9":{"start":{"line":22,"column":8},"end":{"line":22,"column":49}},"10":{"start":{"line":28,"column":22},"end":{"line":28,"column":77}},"11":{"start":{"line":29,"column":21},"end":{"line":29,"column":29}},"12":{"start":{"line":30,"column":8},"end":{"line":30,"column":58}},"13":{"start":{"line":9,"column":13},"end":{"line":9,"column":27}},"14":{"start":{"line":15,"column":10},"end":{"line":17,"column":null}},"15":{"start":{"line":20,"column":10},"end":{"line":23,"column":null}},"16":{"start":{"line":27,"column":10},"end":{"line":31,"column":null}},"17":{"start":{"line":9,"column":13},"end":{"line":32,"column":null}}},"fnMap":{"0":{"name":"(anonymous_4)","decl":{"start":{"line":10,"column":4},"end":{"line":10,"column":null}},"loc":{"start":{"line":11,"column":39},"end":{"line":12,"column":7}}},"1":{"name":"(anonymous_5)","decl":{"start":{"line":15,"column":10},"end":{"line":15,"column":18}},"loc":{"start":{"line":15,"column":42},"end":{"line":17,"column":5}}},"2":{"name":"(anonymous_6)","decl":{"start":{"line":20,"column":10},"end":{"line":20,"column":15}},"loc":{"start":{"line":20,"column":36},"end":{"line":23,"column":5}}},"3":{"name":"(anonymous_7)","decl":{"start":{"line":27,"column":10},"end":{"line":27,"column":16}},"loc":{"start":{"line":27,"column":36},"end":{"line":31,"column":5}}}},"branchMap":{"0":{"loc":{"start":{"line":28,"column":22},"end":{"line":28,"column":77}},"type":"binary-expr","locations":[{"start":{"line":28,"column":22},"end":{"line":28,"column":71}},{"start":{"line":28,"column":75},"end":{"line":28,"column":77}}]},"1":{"loc":{"start":{"line":15,"column":31},"end":{"line":15,"column":null}},"type":"cond-expr","locations":[{"start":{"line":15,"column":42},"end":{"line":15,"column":null}},{"start":{"line":15,"column":42},"end":{"line":15,"column":null}}]},"2":{"loc":{"start":{"line":15,"column":31},"end":{"line":15,"column":42}},"type":"binary-expr","locations":[{"start":{"line":15,"column":31},"end":{"line":15,"column":null}},{"start":{"line":15,"column":31},"end":{"line":15,"column":42}}]},"3":{"loc":{"start":{"line":20,"column":28},"end":{"line":20,"column":null}},"type":"cond-expr","locations":[{"start":{"line":20,"column":36},"end":{"line":20,"column":null}},{"start":{"line":20,"column":36},"end":{"line":20,"column":null}}]},"4":{"loc":{"start":{"line":20,"column":28},"end":{"line":20,"column":36}},"type":"binary-expr","locations":[{"start":{"line":20,"column":28},"end":{"line":20,"column":null}},{"start":{"line":20,"column":28},"end":{"line":20,"column":36}}]},"5":{"loc":{"start":{"line":11,"column":28},"end":{"line":11,"column":null}},"type":"cond-expr","locations":[{"start":{"line":11,"column":39},"end":{"line":11,"column":null}},{"start":{"line":11,"column":39},"end":{"line":11,"column":null}}]},"6":{"loc":{"start":{"line":11,"column":28},"end":{"line":11,"column":39}},"type":"binary-expr","locations":[{"start":{"line":11,"column":28},"end":{"line":11,"column":null}},{"start":{"line":11,"column":28},"end":{"line":11,"column":39}}]}},"s":{"0":9,"1":9,"2":9,"3":9,"4":9,"5":9,"6":9,"7":2,"8":4,"9":4,"10":1,"11":1,"12":1,"13":9,"14":9,"15":9,"16":9,"17":9},"f":{"0":9,"1":2,"2":4,"3":1},"b":{"0":[1,0],"1":[9,0],"2":[9,9],"3":[9,0],"4":[9,9],"5":[9,0],"6":[9,9]}}
,"E:\\bimta-backend-1\\src\\auth\\auth.module.ts": {"path":"E:\\bimta-backend-1\\src\\auth\\auth.module.ts","statementMap":{"0":{"start":{"line":1,"column":0},"end":{"line":1,"column":40}},"1":{"start":{"line":2,"column":0},"end":{"line":2,"column":50}},"2":{"start":{"line":3,"column":0},"end":{"line":3,"column":40}},"3":{"start":{"line":4,"column":0},"end":{"line":4,"column":61}},"4":{"start":{"line":5,"column":0},"end":{"line":5,"column":51}},"5":{"start":{"line":6,"column":0},"end":{"line":6,"column":45}},"6":{"start":{"line":7,"column":0},"end":{"line":7,"column":54}},"7":{"start":{"line":8,"column":0},"end":{"line":8,"column":50}},"8":{"start":{"line":9,"column":0},"end":{"line":9,"column":61}},"9":{"start":{"line":10,"column":0},"end":{"line":10,"column":50}},"10":{"start":{"line":11,"column":0},"end":{"line":11,"column":55}},"11":{"start":{"line":31,"column":7},"end":{"line":31,"column":null}},"12":{"start":{"line":31,"column":13},"end":{"line":31,"column":23}},"13":{"start":{"line":31,"column":13},"end":{"line":31,"column":null}},"14":{"start":{"line":20,"column":64},"end":{"line":26,"column":14}}},"fnMap":{"0":{"name":"(anonymous_1)","decl":{"start":{"line":20,"column":24},"end":{"line":20,"column":29}},"loc":{"start":{"line":20,"column":64},"end":{"line":26,"column":14}}}},"branchMap":{"0":{"loc":{"start":{"line":23,"column":31},"end":{"line":23,"column":90}},"type":"binary-expr","locations":[{"start":{"line":23,"column":31},"end":{"line":23,"column":81}},{"start":{"line":23,"column":85},"end":{"line":23,"column":90}}]}},"s":{"0":9,"1":9,"2":9,"3":9,"4":9,"5":9,"6":9,"7":9,"8":9,"9":9,"10":9,"11":9,"12":9,"13":9,"14":9},"f":{"0":9},"b":{"0":[9,0]}}
,"E:\\bimta-backend-1\\src\\auth\\auth.service.ts": {"path":"E:\\bimta-backend-1\\src\\auth\\auth.service.ts","statementMap":{"0":{"start":{"line":1,"column":0},"end":{"line":1,"column":118}},"1":{"start":{"line":2,"column":0},"end":{"line":2,"column":33}},"2":{"start":{"line":3,"column":0},"end":{"line":3,"column":57}},"3":{"start":{"line":4,"column":0},"end":{"line":4,"column":50}},"4":{"start":{"line":5,"column":0},"end":{"line":5,"column":61}},"5":{"start":{"line":7,"column":0},"end":{"line":7,"column":49}},"6":{"start":{"line":12,"column":7},"end":{"line":126,"column":null}},"7":{"start":{"line":14,"column":16},"end":{"line":14,"column":24}},"8":{"start":{"line":15,"column":16},"end":{"line":15,"column":30}},"9":{"start":{"line":16,"column":16},"end":{"line":16,"column":31}},"10":{"start":{"line":20,"column":8},"end":{"line":50,"column":9}},"11":{"start":{"line":21,"column":24},"end":{"line":25,"column":14}},"12":{"start":{"line":27,"column":12},"end":{"line":29,"column":13}},"13":{"start":{"line":28,"column":16},"end":{"line":28,"column":70}},"14":{"start":{"line":31,"column":23},"end":{"line":31,"column":57}},"15":{"start":{"line":32,"column":28},"end":{"line":41,"column":14}},"16":{"start":{"line":43,"column":12},"end":{"line":43,"column":27}},"17":{"start":{"line":45,"column":12},"end":{"line":48,"column":13}},"18":{"start":{"line":46,"column":16},"end":{"line":46,"column":65}},"19":{"start":{"line":47,"column":16},"end":{"line":47,"column":88}},"20":{"start":{"line":49,"column":12},"end":{"line":49,"column":24}},"21":{"start":{"line":54,"column":8},"end":{"line":98,"column":9}},"22":{"start":{"line":55,"column":25},"end":{"line":65,"column":14}},"23":{"start":{"line":67,"column":12},"end":{"line":69,"column":13}},"24":{"start":{"line":68,"column":16},"end":{"line":68,"column":72}},"25":{"start":{"line":71,"column":28},"end":{"line":71,"column":71}},"26":{"start":{"line":72,"column":12},"end":{"line":74,"column":13}},"27":{"start":{"line":73,"column":16},"end":{"line":73,"column":84}},"28":{"start":{"line":76,"column":40},"end":{"line":76,"column":90}},"29":{"start":{"line":77,"column":26},"end":{"line":77,"column":73}},"30":{"start":{"line":79,"column":12},"end":{"line":79,"column":63}},"31":{"start":{"line":80,"column":12},"end":{"line":80,"column":65}},"32":{"start":{"line":82,"column":12},"end":{"line":91,"column":14}},"33":{"start":{"line":93,"column":12},"end":{"line":93,"column":33}},"34":{"start":{"line":94,"column":12},"end":{"line":96,"column":13}},"35":{"start":{"line":95,"column":16},"end":{"line":95,"column":88}},"36":{"start":{"line":97,"column":12},"end":{"line":97,"column":24}},"37":{"start":{"line":102,"column":8},"end":{"line":124,"column":9}},"38":{"start":{"line":103,"column":12},"end":{"line":105,"column":13}},"39":{"start":{"line":104,"column":16},"end":{"line":104,"column":73}},"40":{"start":{"line":107,"column":12},"end":{"line":107,"column":79}},"41":{"start":{"line":109,"column":12},"end":{"line":112,"column":14}},"42":{"start":{"line":114,"column":12},"end":{"line":114,"column":55}},"43":{"start":{"line":116,"column":12},"end":{"line":118,"column":13}},"44":{"start":{"line":117,"column":16},"end":{"line":117,"column":28}},"45":{"start":{"line":120,"column":12},"end":{"line":123,"column":14}},"46":{"start":{"line":12,"column":13},"end":{"line":12,"column":24}},"47":{"start":{"line":12,"column":13},"end":{"line":126,"column":null}}},"fnMap":{"0":{"name":"(anonymous_11)","decl":{"start":{"line":13,"column":4},"end":{"line":13,"column":null}},"loc":{"start":{"line":16,"column":44},"end":{"line":17,"column":7}}},"1":{"name":"(anonymous_12)","decl":{"start":{"line":19,"column":4},"end":{"line":19,"column":9}},"loc":{"start":{"line":19,"column":34},"end":{"line":51,"column":5}}},"2":{"name":"(anonymous_13)","decl":{"start":{"line":53,"column":4},"end":{"line":53,"column":9}},"loc":{"start":{"line":53,"column":29},"end":{"line":99,"column":5}}},"3":{"name":"(anonymous_14)","decl":{"start":{"line":101,"column":4},"end":{"line":101,"column":9}},"loc":{"start":{"line":101,"column":41},"end":{"line":125,"column":5}}}},"branchMap":{"0":{"loc":{"start":{"line":27,"column":12},"end":{"line":29,"column":13}},"type":"if","locations":[{"start":{"line":27,"column":12},"end":{"line":29,"column":13}},{"start":{},"end":{}}]},"1":{"loc":{"start":{"line":45,"column":12},"end":{"line":48,"column":13}},"type":"if","locations":[{"start":{"line":45,"column":12},"end":{"line":48,"column":13}},{"start":{},"end":{}}]},"2":{"loc":{"start":{"line":67,"column":12},"end":{"line":69,"column":13}},"type":"if","locations":[{"start":{"line":67,"column":12},"end":{"line":69,"column":13}},{"start":{},"end":{}}]},"3":{"loc":{"start":{"line":72,"column":12},"end":{"line":74,"column":13}},"type":"if","locations":[{"start":{"line":72,"column":12},"end":{"line":74,"column":13}},{"start":{},"end":{}}]},"4":{"loc":{"start":{"line":94,"column":12},"end":{"line":96,"column":13}},"type":"if","locations":[{"start":{"line":94,"column":12},"end":{"line":96,"column":13}},{"start":{},"end":{}}]},"5":{"loc":{"start":{"line":103,"column":12},"end":{"line":105,"column":13}},"type":"if","locations":[{"start":{"line":103,"column":12},"end":{"line":105,"column":13}},{"start":{},"end":{}}]},"6":{"loc":{"start":{"line":107,"column":32},"end":{"line":107,"column":58}},"type":"binary-expr","locations":[{"start":{"line":107,"column":32},"end":{"line":107,"column":45}},{"start":{"line":107,"column":49},"end":{"line":107,"column":58}}]},"7":{"loc":{"start":{"line":116,"column":12},"end":{"line":118,"column":13}},"type":"if","locations":[{"start":{"line":116,"column":12},"end":{"line":118,"column":13}},{"start":{},"end":{}}]},"8":{"loc":{"start":{"line":14,"column":24},"end":{"line":14,"column":null}},"type":"cond-expr","locations":[{"start":{"line":14,"column":37},"end":{"line":14,"column":null}},{"start":{"line":14,"column":37},"end":{"line":14,"column":null}}]},"9":{"loc":{"start":{"line":14,"column":24},"end":{"line":14,"column":37}},"type":"binary-expr","locations":[{"start":{"line":14,"column":24},"end":{"line":14,"column":null}},{"start":{"line":14,"column":24},"end":{"line":14,"column":37}}]},"10":{"loc":{"start":{"line":14,"column":37},"end":{"line":15,"column":null}},"type":"cond-expr","locations":[{"start":{"line":15,"column":42},"end":{"line":15,"column":null}},{"start":{"line":15,"column":42},"end":{"line":15,"column":null}}]},"11":{"loc":{"start":{"line":14,"column":37},"end":{"line":15,"column":42}},"type":"binary-expr","locations":[{"start":{"line":14,"column":37},"end":{"line":15,"column":null}},{"start":{"line":15,"column":30},"end":{"line":15,"column":42}}]},"12":{"loc":{"start":{"line":15,"column":42},"end":{"line":16,"column":null}},"type":"cond-expr","locations":[{"start":{"line":16,"column":44},"end":{"line":16,"column":null}},{"start":{"line":16,"column":44},"end":{"line":16,"column":null}}]},"13":{"loc":{"start":{"line":15,"column":42},"end":{"line":16,"column":44}},"type":"binary-expr","locations":[{"start":{"line":15,"column":42},"end":{"line":16,"column":null}},{"start":{"line":16,"column":31},"end":{"line":16,"column":44}}]}},"s":{"0":9,"1":9,"2":9,"3":9,"4":9,"5":9,"6":9,"7":9,"8":9,"9":9,"10":2,"11":2,"12":2,"13":1,"14":1,"15":1,"16":1,"17":1,"18":0,"19":0,"20":1,"21":4,"22":4,"23":4,"24":1,"25":3,"26":3,"27":1,"28":2,"29":2,"30":2,"31":2,"32":2,"33":2,"34":2,"35":0,"36":2,"37":1,"38":1,"39":0,"40":1,"41":1,"42":0,"43":0,"44":0,"45":0,"46":9,"47":9},"f":{"0":9,"1":2,"2":4,"3":1},"b":{"0":[1,1],"1":[0,1],"2":[1,3],"3":[1,2],"4":[0,2],"5":[0,1],"6":[1,1],"7":[0,0],"8":[9,0],"9":[9,9],"10":[9,0],"11":[9,9],"12":[9,0],"13":[9,9]}}
,"E:\\bimta-backend-1\\src\\auth\\dto\\login.dto.ts": {"path":"E:\\bimta-backend-1\\src\\auth\\dto\\login.dto.ts","statementMap":{"0":{"start":{"line":1,"column":0},"end":{"line":1,"column":55}},"1":{"start":{"line":3,"column":0},"end":{"line":3,"column":13}},"2":{"start":{"line":6,"column":4},"end":{"line":6,"column":null}},"3":{"start":{"line":10,"column":4},"end":{"line":10,"column":null}}},"fnMap":{},"branchMap":{},"s":{"0":9,"1":9,"2":9,"3":9},"f":{},"b":{}}
,"E:\\bimta-backend-1\\src\\auth\\dto\\register.dto.ts": {"path":"E:\\bimta-backend-1\\src\\auth\\dto\\register.dto.ts","statementMap":{"0":{"start":{"line":1,"column":0},"end":{"line":1,"column":48}},"1":{"start":{"line":2,"column":0},"end":{"line":2,"column":63}},"2":{"start":{"line":4,"column":0},"end":{"line":4,"column":13}},"3":{"start":{"line":7,"column":4},"end":{"line":7,"column":null}},"4":{"start":{"line":11,"column":4},"end":{"line":11,"column":null}},"5":{"start":{"line":15,"column":4},"end":{"line":15,"column":null}},"6":{"start":{"line":19,"column":4},"end":{"line":19,"column":null}}},"fnMap":{},"branchMap":{"0":{"loc":{"start":{"line":19,"column":10},"end":{"line":19,"column":null}},"type":"cond-expr","locations":[{"start":{"line":19,"column":19},"end":{"line":19,"column":null}},{"start":{"line":19,"column":19},"end":{"line":19,"column":null}}]},"1":{"loc":{"start":{"line":19,"column":10},"end":{"line":19,"column":19}},"type":"binary-expr","locations":[{"start":{"line":19,"column":10},"end":{"line":19,"column":null}},{"start":{"line":19,"column":10},"end":{"line":19,"column":19}}]}},"s":{"0":9,"1":9,"2":9,"3":9,"4":9,"5":9,"6":9},"f":{},"b":{"0":[0,9],"1":[9,9]}}
,"E:\\bimta-backend-1\\src\\auth\\guards\\jwt.guard.ts": {"path":"E:\\bimta-backend-1\\src\\auth\\guards\\jwt.guard.ts","statementMap":{"0":{"start":{"line":1,"column":0},"end":{"line":1,"column":44}},"1":{"start":{"line":2,"column":0},"end":{"line":2,"column":45}},"2":{"start":{"line":5,"column":7},"end":{"line":5,"column":null}},"3":{"start":{"line":5,"column":13},"end":{"line":5,"column":25}},"4":{"start":{"line":5,"column":13},"end":{"line":5,"column":null}}},"fnMap":{},"branchMap":{},"s":{"0":9,"1":9,"2":9,"3":9,"4":9},"f":{},"b":{}}
,"E:\\bimta-backend-1\\src\\auth\\strategy\\jwt.strategy.ts": {"path":"E:\\bimta-backend-1\\src\\auth\\strategy\\jwt.strategy.ts","statementMap":{"0":{"start":{"line":1,"column":0},"end":{"line":1,"column":44}},"1":{"start":{"line":2,"column":0},"end":{"line":2,"column":52}},"2":{"start":{"line":3,"column":0},"end":{"line":3,"column":52}},"3":{"start":{"line":7,"column":7},"end":{"line":23,"column":null}},"4":{"start":{"line":9,"column":4},"end":{"line":13,"column":7}},"5":{"start":{"line":17,"column":4},"end":{"line":21,"column":6}},"6":{"start":{"line":7,"column":13},"end":{"line":7,"column":24}},"7":{"start":{"line":7,"column":13},"end":{"line":23,"column":null}}},"fnMap":{"0":{"name":"(anonymous_2)","decl":{"start":{"line":8,"column":2},"end":{"line":8,"column":null}},"loc":{"start":{"line":8,"column":2},"end":{"line":14,"column":3}}},"1":{"name":"(anonymous_3)","decl":{"start":{"line":16,"column":2},"end":{"line":16,"column":7}},"loc":{"start":{"line":16,"column":36},"end":{"line":22,"column":3}}}},"branchMap":{"0":{"loc":{"start":{"line":12,"column":19},"end":{"line":12,"column":111}},"type":"binary-expr","locations":[{"start":{"line":12,"column":19},"end":{"line":12,"column":41}},{"start":{"line":12,"column":45},"end":{"line":12,"column":111}}]}},"s":{"0":9,"1":9,"2":9,"3":9,"4":9,"5":1,"6":9,"7":9},"f":{"0":9,"1":1},"b":{"0":[9,9]}}
,"E:\\bimta-backend-1\\src\\bimbingan\\bimbingan.controller.ts": {"path":"E:\\bimta-backend-1\\src\\bimbingan\\bimbingan.controller.ts","statementMap":{"0":{"start":{"line":1,"column":0},"end":{"line":1,"column":114}},"1":{"start":{"line":2,"column":0},"end":{"line":2,"column":55}},"2":{"start":{"line":3,"column":0},"end":{"line":3,"column":67}},"3":{"start":{"line":6,"column":7},"end":{"line":59,"column":null}},"4":{"start":{"line":8,"column":16},"end":{"line":8,"column":34}},"5":{"start":{"line":14,"column":8},"end":{"line":14,"column":49}},"6":{"start":{"line":15,"column":8},"end":{"line":15,"column":72}},"7":{"start":{"line":20,"column":8},"end":{"line":20,"column":57}},"8":{"start":{"line":21,"column":8},"end":{"line":21,"column":67}},"9":{"start":{"line":27,"column":8},"end":{"line":27,"column":49}},"10":{"start":{"line":28,"column":8},"end":{"line":28,"column":66}},"11":{"start":{"line":34,"column":8},"end":{"line":34,"column":55}},"12":{"start":{"line":42,"column":8},"end":{"line":42,"column":49}},"13":{"start":{"line":43,"column":8},"end":{"line":43,"column":57}},"14":{"start":{"line":44,"column":8},"end":{"line":44,"column":85}},"15":{"start":{"line":49,"column":8},"end":{"line":49,"column":57}},"16":{"start":{"line":50,"column":8},"end":{"line":50,"column":68}},"17":{"start":{"line":55,"column":8},"end":{"line":57,"column":9}},"18":{"start":{"line":56,"column":12},"end":{"line":56,"column":70}},"19":{"start":{"line":6,"column":13},"end":{"line":6,"column":32}},"20":{"start":{"line":13,"column":10},"end":{"line":16,"column":null}},"21":{"start":{"line":19,"column":10},"end":{"line":22,"column":null}},"22":{"start":{"line":26,"column":10},"end":{"line":29,"column":null}},"23":{"start":{"line":33,"column":10},"end":{"line":35,"column":null}},"24":{"start":{"line":38,"column":10},"end":{"line":45,"column":null}},"25":{"start":{"line":48,"column":10},"end":{"line":51,"column":null}},"26":{"start":{"line":6,"column":13},"end":{"line":59,"column":null}}},"fnMap":{"0":{"name":"(anonymous_4)","decl":{"start":{"line":7,"column":4},"end":{"line":7,"column":null}},"loc":{"start":{"line":8,"column":50},"end":{"line":9,"column":8}}},"1":{"name":"(anonymous_5)","decl":{"start":{"line":13,"column":10},"end":{"line":13,"column":34}},"loc":{"start":{"line":13,"column":70},"end":{"line":16,"column":5}}},"2":{"name":"(anonymous_6)","decl":{"start":{"line":19,"column":10},"end":{"line":19,"column":25}},"loc":{"start":{"line":19,"column":69},"end":{"line":22,"column":5}}},"3":{"name":"(anonymous_7)","decl":{"start":{"line":26,"column":10},"end":{"line":26,"column":28}},"loc":{"start":{"line":26,"column":64},"end":{"line":29,"column":5}}},"4":{"name":"(anonymous_8)","decl":{"start":{"line":33,"column":10},"end":{"line":33,"column":22}},"loc":{"start":{"line":33,"column":60},"end":{"line":35,"column":5}}},"5":{"name":"(anonymous_9)","decl":{"start":{"line":38,"column":10},"end":{"line":38,"column":33}},"loc":{"start":{"line":40,"column":51},"end":{"line":45,"column":5}}},"6":{"name":"(anonymous_10)","decl":{"start":{"line":48,"column":10},"end":{"line":48,"column":26}},"loc":{"start":{"line":48,"column":70},"end":{"line":51,"column":5}}},"7":{"name":"(anonymous_11)","decl":{"start":{"line":54,"column":12},"end":{"line":54,"column":25}},"loc":{"start":{"line":54,"column":58},"end":{"line":58,"column":5}}}},"branchMap":{"0":{"loc":{"start":{"line":55,"column":8},"end":{"line":57,"column":9}},"type":"if","locations":[{"start":{"line":55,"column":8},"end":{"line":57,"column":9}},{"start":{},"end":{}}]},"1":{"loc":{"start":{"line":55,"column":12},"end":{"line":55,"column":35}},"type":"binary-expr","locations":[{"start":{"line":55,"column":12},"end":{"line":55,"column":18}},{"start":{"line":55,"column":22},"end":{"line":55,"column":35}}]},"2":{"loc":{"start":{"line":33,"column":36},"end":{"line":33,"column":null}},"type":"cond-expr","locations":[{"start":{"line":33,"column":60},"end":{"line":33,"column":null}},{"start":{"line":33,"column":60},"end":{"line":33,"column":null}}]},"3":{"loc":{"start":{"line":33,"column":36},"end":{"line":33,"column":60}},"type":"binary-expr","locations":[{"start":{"line":33,"column":36},"end":{"line":33,"column":null}},{"start":{"line":33,"column":36},"end":{"line":33,"column":60}}]},"4":{"loc":{"start":{"line":8,"column":34},"end":{"line":8,"column":null}},"type":"cond-expr","locations":[{"start":{"line":8,"column":50},"end":{"line":8,"column":null}},{"start":{"line":8,"column":50},"end":{"line":8,"column":null}}]},"5":{"loc":{"start":{"line":8,"column":34},"end":{"line":8,"column":50}},"type":"binary-expr","locations":[{"start":{"line":8,"column":34},"end":{"line":8,"column":null}},{"start":{"line":8,"column":34},"end":{"line":8,"column":50}}]}},"s":{"0":9,"1":9,"2":9,"3":9,"4":9,"5":5,"6":5,"7":4,"8":4,"9":4,"10":4,"11":12,"12":6,"13":6,"14":6,"15":6,"16":6,"17":31,"18":0,"19":9,"20":9,"21":9,"22":9,"23":9,"24":9,"25":9,"26":9},"f":{"0":9,"1":5,"2":4,"3":4,"4":12,"5":6,"6":6,"7":31},"b":{"0":[0,31],"1":[31,31],"2":[9,0],"3":[9,9],"4":[9,0],"5":[9,9]}}
,"E:\\bimta-backend-1\\src\\bimbingan\\bimbingan.module.ts": {"path":"E:\\bimta-backend-1\\src\\bimbingan\\bimbingan.module.ts","statementMap":{"0":{"start":{"line":1,"column":0},"end":{"line":1,"column":40}},"1":{"start":{"line":2,"column":0},"end":{"line":2,"column":55}},"2":{"start":{"line":3,"column":0},"end":{"line":3,"column":49}},"3":{"start":{"line":4,"column":0},"end":{"line":4,"column":61}},"4":{"start":{"line":5,"column":0},"end":{"line":5,"column":55}},"5":{"start":{"line":12,"column":7},"end":{"line":12,"column":null}},"6":{"start":{"line":12,"column":13},"end":{"line":12,"column":28}},"7":{"start":{"line":12,"column":13},"end":{"line":12,"column":null}}},"fnMap":{},"branchMap":{},"s":{"0":9,"1":9,"2":9,"3":9,"4":9,"5":9,"6":9,"7":9},"f":{},"b":{}}
,"E:\\bimta-backend-1\\src\\bimbingan\\bimbingan.service.ts": {"path":"E:\\bimta-backend-1\\src\\bimbingan\\bimbingan.service.ts","statementMap":{"0":{"start":{"line":1,"column":0},"end":{"line":1,"column":null}},"1":{"start":{"line":9,"column":0},"end":{"line":9,"column":55}},"2":{"start":{"line":10,"column":0},"end":{"line":10,"column":57}},"3":{"start":{"line":14,"column":7},"end":{"line":423,"column":null}},"4":{"start":{"line":15,"column":24},"end":{"line":15,"column":32}},"5":{"start":{"line":18,"column":8},"end":{"line":53,"column":9}},"6":{"start":{"line":20,"column":32},"end":{"line":23,"column":14}},"7":{"start":{"line":25,"column":12},"end":{"line":27,"column":13}},"8":{"start":{"line":26,"column":16},"end":{"line":26,"column":69}},"9":{"start":{"line":29,"column":30},"end":{"line":44,"column":14}},"10":{"start":{"line":46,"column":12},"end":{"line":46,"column":29}},"11":{"start":{"line":48,"column":12},"end":{"line":48,"column":33}},"12":{"start":{"line":49,"column":12},"end":{"line":51,"column":13}},"13":{"start":{"line":50,"column":16},"end":{"line":50,"column":28}},"14":{"start":{"line":52,"column":12},"end":{"line":52,"column":84}},"15":{"start":{"line":58,"column":8},"end":{"line":60,"column":9}},"16":{"start":{"line":59,"column":12},"end":{"line":59,"column":66}},"17":{"start":{"line":62,"column":8},"end":{"line":64,"column":9}},"18":{"start":{"line":63,"column":12},"end":{"line":63,"column":81}},"19":{"start":{"line":67,"column":35},"end":{"line":69,"column":10}},"20":{"start":{"line":68,"column":42},"end":{"line":68,"column":83}},"21":{"start":{"line":71,"column":8},"end":{"line":73,"column":9}},"22":{"start":{"line":72,"column":12},"end":{"line":72,"column":79}},"23":{"start":{"line":75,"column":8},"end":{"line":173,"column":9}},"24":{"start":{"line":77,"column":26},"end":{"line":84,"column":14}},"25":{"start":{"line":86,"column":12},"end":{"line":88,"column":13}},"26":{"start":{"line":87,"column":16},"end":{"line":87,"column":69}},"27":{"start":{"line":90,"column":12},"end":{"line":92,"column":13}},"28":{"start":{"line":91,"column":16},"end":{"line":91,"column":66}},"29":{"start":{"line":94,"column":12},"end":{"line":96,"column":13}},"30":{"start":{"line":95,"column":16},"end":{"line":95,"column":67}},"31":{"start":{"line":99,"column":34},"end":{"line":108,"column":14}},"32":{"start":{"line":110,"column":12},"end":{"line":116,"column":13}},"33":{"start":{"line":111,"column":33},"end":{"line":111,"column":66}},"34":{"start":{"line":111,"column":56},"end":{"line":111,"column":65}},"35":{"start":{"line":112,"column":36},"end":{"line":112,"column":91}},"36":{"start":{"line":112,"column":68},"end":{"line":112,"column":90}},"37":{"start":{"line":113,"column":16},"end":{"line":115,"column":18}},"38":{"start":{"line":119,"column":33},"end":{"line":119,"column":82}},"39":{"start":{"line":119,"column":59},"end":{"line":119,"column":81}},"40":{"start":{"line":120,"column":12},"end":{"line":124,"column":13}},"41":{"start":{"line":121,"column":16},"end":{"line":123,"column":18}},"42":{"start":{"line":122,"column":67},"end":{"line":122,"column":76}},"43":{"start":{"line":127,"column":38},"end":{"line":127,"column":91}},"44":{"start":{"line":127,"column":64},"end":{"line":127,"column":90}},"45":{"start":{"line":128,"column":12},"end":{"line":132,"column":13}},"46":{"start":{"line":129,"column":16},"end":{"line":131,"column":18}},"47":{"start":{"line":130,"column":73},"end":{"line":130,"column":82}},"48":{"start":{"line":135,"column":38},"end":{"line":144,"column":14}},"49":{"start":{"line":146,"column":12},"end":{"line":151,"column":13}},"50":{"start":{"line":147,"column":36},"end":{"line":147,"column":78}},"51":{"start":{"line":147,"column":63},"end":{"line":147,"column":77}},"52":{"start":{"line":148,"column":16},"end":{"line":150,"column":18}},"53":{"start":{"line":153,"column":33},"end":{"line":159,"column":15}},"54":{"start":{"line":153,"column":68},"end":{"line":159,"column":14}},"55":{"start":{"line":161,"column":12},"end":{"line":164,"column":15}},"56":{"start":{"line":166,"column":12},"end":{"line":166,"column":37}},"57":{"start":{"line":168,"column":12},"end":{"line":168,"column":33}},"58":{"start":{"line":169,"column":12},"end":{"line":171,"column":13}},"59":{"start":{"line":170,"column":16},"end":{"line":170,"column":28}},"60":{"start":{"line":172,"column":12},"end":{"line":172,"column":84}},"61":{"start":{"line":178,"column":8},"end":{"line":180,"column":9}},"62":{"start":{"line":179,"column":12},"end":{"line":179,"column":70}},"63":{"start":{"line":182,"column":8},"end":{"line":220,"column":9}},"64":{"start":{"line":184,"column":30},"end":{"line":190,"column":14}},"65":{"start":{"line":192,"column":12},"end":{"line":194,"column":13}},"66":{"start":{"line":193,"column":16},"end":{"line":193,"column":73}},"67":{"start":{"line":196,"column":12},"end":{"line":198,"column":13}},"68":{"start":{"line":197,"column":16},"end":{"line":197,"column":70}},"69":{"start":{"line":200,"column":26},"end":{"line":211,"column":14}},"70":{"start":{"line":213,"column":12},"end":{"line":213,"column":25}},"71":{"start":{"line":215,"column":12},"end":{"line":215,"column":33}},"72":{"start":{"line":216,"column":12},"end":{"line":218,"column":13}},"73":{"start":{"line":217,"column":16},"end":{"line":217,"column":28}},"74":{"start":{"line":219,"column":12},"end":{"line":219,"column":84}},"75":{"start":{"line":225,"column":8},"end":{"line":227,"column":9}},"76":{"start":{"line":226,"column":12},"end":{"line":226,"column":66}},"77":{"start":{"line":229,"column":8},"end":{"line":263,"column":9}},"78":{"start":{"line":231,"column":32},"end":{"line":237,"column":14}},"79":{"start":{"line":239,"column":12},"end":{"line":241,"column":13}},"80":{"start":{"line":240,"column":16},"end":{"line":240,"column":69}},"81":{"start":{"line":243,"column":12},"end":{"line":245,"column":13}},"82":{"start":{"line":244,"column":16},"end":{"line":244,"column":66}},"83":{"start":{"line":247,"column":27},"end":{"line":254,"column":14}},"84":{"start":{"line":256,"column":12},"end":{"line":256,"column":26}},"85":{"start":{"line":258,"column":12},"end":{"line":258,"column":33}},"86":{"start":{"line":259,"column":12},"end":{"line":261,"column":13}},"87":{"start":{"line":260,"column":16},"end":{"line":260,"column":28}},"88":{"start":{"line":262,"column":12},"end":{"line":262,"column":84}},"89":{"start":{"line":268,"column":8},"end":{"line":270,"column":9}},"90":{"start":{"line":269,"column":12},"end":{"line":269,"column":80}},"91":{"start":{"line":272,"column":8},"end":{"line":356,"column":9}},"92":{"start":{"line":274,"column":51},"end":{"line":283,"column":14}},"93":{"start":{"line":285,"column":12},"end":{"line":287,"column":13}},"94":{"start":{"line":286,"column":16},"end":{"line":286,"column":69}},"95":{"start":{"line":289,"column":12},"end":{"line":291,"column":13}},"96":{"start":{"line":290,"column":16},"end":{"line":290,"column":73}},"97":{"start":{"line":293,"column":30},"end":{"line":302,"column":14}},"98":{"start":{"line":304,"column":12},"end":{"line":306,"column":13}},"99":{"start":{"line":305,"column":16},"end":{"line":305,"column":78}},"100":{"start":{"line":309,"column":12},"end":{"line":311,"column":13}},"101":{"start":{"line":310,"column":16},"end":{"line":310,"column":100}},"102":{"start":{"line":313,"column":37},"end":{"line":313,"column":46}},"103":{"start":{"line":316,"column":49},"end":{"line":323,"column":14}},"104":{"start":{"line":326,"column":12},"end":{"line":344,"column":13}},"105":{"start":{"line":328,"column":16},"end":{"line":338,"column":19}},"106":{"start":{"line":341,"column":16},"end":{"line":343,"column":19}},"107":{"start":{"line":346,"column":12},"end":{"line":346,"column":null}},"108":{"start":{"line":348,"column":12},"end":{"line":348,"column":33}},"109":{"start":{"line":349,"column":12},"end":{"line":354,"column":13}},"110":{"start":{"line":353,"column":16},"end":{"line":353,"column":28}},"111":{"start":{"line":355,"column":12},"end":{"line":355,"column":84}},"112":{"start":{"line":361,"column":8},"end":{"line":363,"column":9}},"113":{"start":{"line":362,"column":12},"end":{"line":362,"column":70}},"114":{"start":{"line":365,"column":8},"end":{"line":421,"column":9}},"115":{"start":{"line":367,"column":30},"end":{"line":373,"column":14}},"116":{"start":{"line":375,"column":12},"end":{"line":377,"column":13}},"117":{"start":{"line":376,"column":16},"end":{"line":376,"column":73}},"118":{"start":{"line":379,"column":12},"end":{"line":381,"column":13}},"119":{"start":{"line":380,"column":16},"end":{"line":380,"column":70}},"120":{"start":{"line":384,"column":32},"end":{"line":395,"column":14}},"121":{"start":{"line":397,"column":12},"end":{"line":399,"column":13}},"122":{"start":{"line":398,"column":16},"end":{"line":398,"column":92}},"123":{"start":{"line":401,"column":24},"end":{"line":401,"column":68}},"124":{"start":{"line":401,"column":50},"end":{"line":401,"column":67}},"125":{"start":{"line":403,"column":12},"end":{"line":412,"column":15}},"126":{"start":{"line":414,"column":12},"end":{"line":414,"column":37}},"127":{"start":{"line":416,"column":12},"end":{"line":416,"column":33}},"128":{"start":{"line":417,"column":12},"end":{"line":419,"column":13}},"129":{"start":{"line":418,"column":16},"end":{"line":418,"column":28}},"130":{"start":{"line":420,"column":12},"end":{"line":420,"column":84}},"131":{"start":{"line":14,"column":13},"end":{"line":14,"column":29}},"132":{"start":{"line":14,"column":13},"end":{"line":423,"column":null}}},"fnMap":{"0":{"name":"(anonymous_2)","decl":{"start":{"line":15,"column":4},"end":{"line":15,"column":24}},"loc":{"start":{"line":15,"column":45},"end":{"line":15,"column":49}}},"1":{"name":"(anonymous_3)","decl":{"start":{"line":17,"column":4},"end":{"line":17,"column":9}},"loc":{"start":{"line":17,"column":45},"end":{"line":54,"column":5}}},"2":{"name":"(anonymous_4)","decl":{"start":{"line":56,"column":4},"end":{"line":56,"column":9}},"loc":{"start":{"line":56,"column":52},"end":{"line":174,"column":5}}},"3":{"name":"(anonymous_5)","decl":{"start":{"line":68,"column":36},"end":{"line":68,"column":38}},"loc":{"start":{"line":68,"column":42},"end":{"line":68,"column":83}}},"4":{"name":"(anonymous_6)","decl":{"start":{"line":111,"column":51},"end":{"line":111,"column":52}},"loc":{"start":{"line":111,"column":56},"end":{"line":111,"column":65}}},"5":{"name":"(anonymous_7)","decl":{"start":{"line":112,"column":62},"end":{"line":112,"column":64}},"loc":{"start":{"line":112,"column":68},"end":{"line":112,"column":90}}},"6":{"name":"(anonymous_8)","decl":{"start":{"line":119,"column":54},"end":{"line":119,"column":55}},"loc":{"start":{"line":119,"column":59},"end":{"line":119,"column":81}}},"7":{"name":"(anonymous_9)","decl":{"start":{"line":122,"column":62},"end":{"line":122,"column":63}},"loc":{"start":{"line":122,"column":67},"end":{"line":122,"column":76}}},"8":{"name":"(anonymous_10)","decl":{"start":{"line":127,"column":59},"end":{"line":127,"column":60}},"loc":{"start":{"line":127,"column":64},"end":{"line":127,"column":90}}},"9":{"name":"(anonymous_11)","decl":{"start":{"line":130,"column":68},"end":{"line":130,"column":69}},"loc":{"start":{"line":130,"column":73},"end":{"line":130,"column":82}}},"10":{"name":"(anonymous_12)","decl":{"start":{"line":147,"column":58},"end":{"line":147,"column":59}},"loc":{"start":{"line":147,"column":63},"end":{"line":147,"column":77}}},"11":{"name":"(anonymous_13)","decl":{"start":{"line":153,"column":56},"end":{"line":153,"column":57}},"loc":{"start":{"line":153,"column":68},"end":{"line":159,"column":14}}},"12":{"name":"(anonymous_14)","decl":{"start":{"line":176,"column":4},"end":{"line":176,"column":9}},"loc":{"start":{"line":176,"column":46},"end":{"line":221,"column":5}}},"13":{"name":"(anonymous_15)","decl":{"start":{"line":223,"column":4},"end":{"line":223,"column":9}},"loc":{"start":{"line":223,"column":51},"end":{"line":264,"column":5}}},"14":{"name":"(anonymous_16)","decl":{"start":{"line":266,"column":4},"end":{"line":266,"column":9}},"loc":{"start":{"line":266,"column":72},"end":{"line":357,"column":5}}},"15":{"name":"(anonymous_17)","decl":{"start":{"line":359,"column":4},"end":{"line":359,"column":9}},"loc":{"start":{"line":359,"column":47},"end":{"line":422,"column":5}}},"16":{"name":"(anonymous_18)","decl":{"start":{"line":401,"column":40},"end":{"line":401,"column":41}},"loc":{"start":{"line":401,"column":50},"end":{"line":401,"column":67}}}},"branchMap":{"0":{"loc":{"start":{"line":25,"column":12},"end":{"line":27,"column":13}},"type":"if","locations":[{"start":{"line":25,"column":12},"end":{"line":27,"column":13}},{"start":{},"end":{}}]},"1":{"loc":{"start":{"line":49,"column":12},"end":{"line":51,"column":13}},"type":"if","locations":[{"start":{"line":49,"column":12},"end":{"line":51,"column":13}},{"start":{},"end":{}}]},"2":{"loc":{"start":{"line":49,"column":16},"end":{"line":49,"column":90}},"type":"binary-expr","locations":[{"start":{"line":49,"column":16},"end":{"line":49,"column":50}},{"start":{"line":49,"column":54},"end":{"line":49,"column":90}}]},"3":{"loc":{"start":{"line":58,"column":8},"end":{"line":60,"column":9}},"type":"if","locations":[{"start":{"line":58,"column":8},"end":{"line":60,"column":9}},{"start":{},"end":{}}]},"4":{"loc":{"start":{"line":62,"column":8},"end":{"line":64,"column":9}},"type":"if","locations":[{"start":{"line":62,"column":8},"end":{"line":64,"column":9}},{"start":{},"end":{}}]},"5":{"loc":{"start":{"line":62,"column":12},"end":{"line":62,"column":98}},"type":"binary-expr","locations":[{"start":{"line":62,"column":12},"end":{"line":62,"column":29}},{"start":{"line":62,"column":33},"end":{"line":62,"column":65}},{"start":{"line":62,"column":69},"end":{"line":62,"column":98}}]},"6":{"loc":{"start":{"line":68,"column":42},"end":{"line":68,"column":83}},"type":"binary-expr","locations":[{"start":{"line":68,"column":42},"end":{"line":68,"column":44}},{"start":{"line":68,"column":48},"end":{"line":68,"column":70}},{"start":{"line":68,"column":74},"end":{"line":68,"column":83}}]},"7":{"loc":{"start":{"line":71,"column":8},"end":{"line":73,"column":9}},"type":"if","locations":[{"start":{"line":71,"column":8},"end":{"line":73,"column":9}},{"start":{},"end":{}}]},"8":{"loc":{"start":{"line":86,"column":12},"end":{"line":88,"column":13}},"type":"if","locations":[{"start":{"line":86,"column":12},"end":{"line":88,"column":13}},{"start":{},"end":{}}]},"9":{"loc":{"start":{"line":90,"column":12},"end":{"line":92,"column":13}},"type":"if","locations":[{"start":{"line":90,"column":12},"end":{"line":92,"column":13}},{"start":{},"end":{}}]},"10":{"loc":{"start":{"line":94,"column":12},"end":{"line":96,"column":13}},"type":"if","locations":[{"start":{"line":94,"column":12},"end":{"line":96,"column":13}},{"start":{},"end":{}}]},"11":{"loc":{"start":{"line":110,"column":12},"end":{"line":116,"column":13}},"type":"if","locations":[{"start":{"line":110,"column":12},"end":{"line":116,"column":13}},{"start":{},"end":{}}]},"12":{"loc":{"start":{"line":120,"column":12},"end":{"line":124,"column":13}},"type":"if","locations":[{"start":{"line":120,"column":12},"end":{"line":124,"column":13}},{"start":{},"end":{}}]},"13":{"loc":{"start":{"line":128,"column":12},"end":{"line":132,"column":13}},"type":"if","locations":[{"start":{"line":128,"column":12},"end":{"line":132,"column":13}},{"start":{},"end":{}}]},"14":{"loc":{"start":{"line":146,"column":12},"end":{"line":151,"column":13}},"type":"if","locations":[{"start":{"line":146,"column":12},"end":{"line":151,"column":13}},{"start":{},"end":{}}]},"15":{"loc":{"start":{"line":169,"column":12},"end":{"line":171,"column":13}},"type":"if","locations":[{"start":{"line":169,"column":12},"end":{"line":171,"column":13}},{"start":{},"end":{}}]},"16":{"loc":{"start":{"line":178,"column":8},"end":{"line":180,"column":9}},"type":"if","locations":[{"start":{"line":178,"column":8},"end":{"line":180,"column":9}},{"start":{},"end":{}}]},"17":{"loc":{"start":{"line":192,"column":12},"end":{"line":194,"column":13}},"type":"if","locations":[{"start":{"line":192,"column":12},"end":{"line":194,"column":13}},{"start":{},"end":{}}]},"18":{"loc":{"start":{"line":196,"column":12},"end":{"line":198,"column":13}},"type":"if","locations":[{"start":{"line":196,"column":12},"end":{"line":198,"column":13}},{"start":{},"end":{}}]},"19":{"loc":{"start":{"line":216,"column":12},"end":{"line":218,"column":13}},"type":"if","locations":[{"start":{"line":216,"column":12},"end":{"line":218,"column":13}},{"start":{},"end":{}}]},"20":{"loc":{"start":{"line":216,"column":16},"end":{"line":216,"column":90}},"type":"binary-expr","locations":[{"start":{"line":216,"column":16},"end":{"line":216,"column":50}},{"start":{"line":216,"column":54},"end":{"line":216,"column":90}}]},"21":{"loc":{"start":{"line":225,"column":8},"end":{"line":227,"column":9}},"type":"if","locations":[{"start":{"line":225,"column":8},"end":{"line":227,"column":9}},{"start":{},"end":{}}]},"22":{"loc":{"start":{"line":239,"column":12},"end":{"line":241,"column":13}},"type":"if","locations":[{"start":{"line":239,"column":12},"end":{"line":241,"column":13}},{"start":{},"end":{}}]},"23":{"loc":{"start":{"line":243,"column":12},"end":{"line":245,"column":13}},"type":"if","locations":[{"start":{"line":243,"column":12},"end":{"line":245,"column":13}},{"start":{},"end":{}}]},"24":{"loc":{"start":{"line":259,"column":12},"end":{"line":261,"column":13}},"type":"if","locations":[{"start":{"line":259,"column":12},"end":{"line":261,"column":13}},{"start":{},"end":{}}]},"25":{"loc":{"start":{"line":259,"column":16},"end":{"line":259,"column":90}},"type":"binary-expr","locations":[{"start":{"line":259,"column":16},"end":{"line":259,"column":50}},{"start":{"line":259,"column":54},"end":{"line":259,"column":90}}]},"26":{"loc":{"start":{"line":268,"column":8},"end":{"line":270,"column":9}},"type":"if","locations":[{"start":{"line":268,"column":8},"end":{"line":270,"column":9}},{"start":{},"end":{}}]},"27":{"loc":{"start":{"line":268,"column":12},"end":{"line":268,"column":54}},"type":"binary-expr","locations":[{"start":{"line":268,"column":12},"end":{"line":268,"column":29}},{"start":{"line":268,"column":33},"end":{"line":268,"column":54}}]},"28":{"loc":{"start":{"line":285,"column":12},"end":{"line":287,"column":13}},"type":"if","locations":[{"start":{"line":285,"column":12},"end":{"line":287,"column":13}},{"start":{},"end":{}}]},"29":{"loc":{"start":{"line":289,"column":12},"end":{"line":291,"column":13}},"type":"if","locations":[{"start":{"line":289,"column":12},"end":{"line":291,"column":13}},{"start":{},"end":{}}]},"30":{"loc":{"start":{"line":304,"column":12},"end":{"line":306,"column":13}},"type":"if","locations":[{"start":{"line":304,"column":12},"end":{"line":306,"column":13}},{"start":{},"end":{}}]},"31":{"loc":{"start":{"line":309,"column":12},"end":{"line":311,"column":13}},"type":"if","locations":[{"start":{"line":309,"column":12},"end":{"line":311,"column":13}},{"start":{},"end":{}}]},"32":{"loc":{"start":{"line":326,"column":12},"end":{"line":344,"column":13}},"type":"if","locations":[{"start":{"line":326,"column":12},"end":{"line":344,"column":13}},{"start":{"line":339,"column":19},"end":{"line":344,"column":13}}]},"33":{"loc":{"start":{"line":326,"column":16},"end":{"line":326,"column":52}},"type":"binary-expr","locations":[{"start":{"line":326,"column":16},"end":{"line":326,"column":33}},{"start":{"line":326,"column":37},"end":{"line":326,"column":52}}]},"34":{"loc":{"start":{"line":349,"column":12},"end":{"line":354,"column":13}},"type":"if","locations":[{"start":{"line":349,"column":12},"end":{"line":354,"column":13}},{"start":{},"end":{}}]},"35":{"loc":{"start":{"line":350,"column":16},"end":{"line":351,"column":52}},"type":"binary-expr","locations":[{"start":{"line":350,"column":16},"end":{"line":350,"column":50}},{"start":{"line":351,"column":16},"end":{"line":351,"column":52}}]},"36":{"loc":{"start":{"line":361,"column":8},"end":{"line":363,"column":9}},"type":"if","locations":[{"start":{"line":361,"column":8},"end":{"line":363,"column":9}},{"start":{},"end":{}}]},"37":{"loc":{"start":{"line":375,"column":12},"end":{"line":377,"column":13}},"type":"if","locations":[{"start":{"line":375,"column":12},"end":{"line":377,"column":13}},{"start":{},"end":{}}]},"38":{"loc":{"start":{"line":379,"column":12},"end":{"line":381,"column":13}},"type":"if","locations":[{"start":{"line":379,"column":12},"end":{"line":381,"column":13}},{"start":{},"end":{}}]},"39":{"loc":{"start":{"line":397,"column":12},"end":{"line":399,"column":13}},"type":"if","locations":[{"start":{"line":397,"column":12},"end":{"line":399,"column":13}},{"start":{},"end":{}}]},"40":{"loc":{"start":{"line":417,"column":12},"end":{"line":419,"column":13}},"type":"if","locations":[{"start":{"line":417,"column":12},"end":{"line":419,"column":13}},{"start":{},"end":{}}]},"41":{"loc":{"start":{"line":417,"column":16},"end":{"line":417,"column":90}},"type":"binary-expr","locations":[{"start":{"line":417,"column":16},"end":{"line":417,"column":50}},{"start":{"line":417,"column":54},"end":{"line":417,"column":90}}]},"42":{"loc":{"start":{"line":15,"column":32},"end":{"line":15,"column":48}},"type":"cond-expr","locations":[{"start":{"line":15,"column":45},"end":{"line":15,"column":48}},{"start":{"line":15,"column":45},"end":{"line":15,"column":48}}]},"43":{"loc":{"start":{"line":15,"column":32},"end":{"line":15,"column":45}},"type":"binary-expr","locations":[{"start":{"line":15,"column":32},"end":{"line":15,"column":48}},{"start":{"line":15,"column":32},"end":{"line":15,"column":45}}]}},"s":{"0":9,"1":9,"2":9,"3":9,"4":9,"5":4,"6":4,"7":4,"8":1,"9":3,"10":3,"11":1,"12":1,"13":1,"14":0,"15":12,"16":1,"17":11,"18":1,"19":10,"20":13,"21":10,"22":0,"23":10,"24":10,"25":10,"26":1,"27":9,"28":1,"29":8,"30":1,"31":7,"32":7,"33":1,"34":0,"35":1,"36":1,"37":1,"38":6,"39":7,"40":6,"41":1,"42":1,"43":5,"44":6,"45":5,"46":1,"47":1,"48":4,"49":4,"50":1,"51":1,"52":1,"53":3,"54":4,"55":3,"56":3,"57":7,"58":7,"59":7,"60":0,"61":4,"62":0,"63":4,"64":4,"65":4,"66":1,"67":3,"68":1,"69":2,"70":2,"71":2,"72":2,"73":2,"74":0,"75":5,"76":0,"77":5,"78":5,"79":5,"80":1,"81":4,"82":1,"83":3,"84":3,"85":2,"86":2,"87":2,"88":0,"89":6,"90":0,"91":6,"92":6,"93":6,"94":1,"95":5,"96":1,"97":4,"98":4,"99":1,"100":3,"101":1,"102":2,"103":2,"104":2,"105":1,"106":1,"107":2,"108":4,"109":4,"110":4,"111":0,"112":6,"113":0,"114":6,"115":6,"116":6,"117":1,"118":5,"119":1,"120":4,"121":4,"122":2,"123":2,"124":3,"125":2,"126":2,"127":4,"128":4,"129":4,"130":0,"131":9,"132":9},"f":{"0":9,"1":4,"2":12,"3":13,"4":0,"5":1,"6":7,"7":1,"8":6,"9":1,"10":1,"11":4,"12":4,"13":5,"14":6,"15":6,"16":3},"b":{"0":[1,3],"1":[1,0],"2":[1,0],"3":[1,11],"4":[1,10],"5":[11,11,11],"6":[13,13,13],"7":[0,10],"8":[1,9],"9":[1,8],"10":[1,7],"11":[1,6],"12":[1,5],"13":[1,4],"14":[1,3],"15":[7,0],"16":[0,4],"17":[1,3],"18":[1,2],"19":[2,0],"20":[2,1],"21":[0,5],"22":[1,4],"23":[1,3],"24":[2,0],"25":[2,1],"26":[0,6],"27":[6,6],"28":[1,5],"29":[1,4],"30":[1,3],"31":[1,2],"32":[1,1],"33":[2,1],"34":[4,0],"35":[4,1],"36":[0,6],"37":[1,5],"38":[1,4],"39":[2,2],"40":[4,0],"41":[4,1],"42":[9,0],"43":[9,9]}}
,"E:\\bimta-backend-1\\src\\bimbingan\\dto\\add-mahasiswa.dto.ts": {"path":"E:\\bimta-backend-1\\src\\bimbingan\\dto\\add-mahasiswa.dto.ts","statementMap":{"0":{"start":{"line":1,"column":0},"end":{"line":1,"column":64}},"1":{"start":{"line":3,"column":0},"end":{"line":3,"column":13}},"2":{"start":{"line":6,"column":4},"end":{"line":6,"column":null}},"3":{"start":{"line":11,"column":4},"end":{"line":11,"column":null}}},"fnMap":{},"branchMap":{},"s":{"0":9,"1":9,"2":9,"3":9},"f":{},"b":{}}
,"E:\\bimta-backend-1\\src\\config\\app.config.ts": {"path":"E:\\bimta-backend-1\\src\\config\\app.config.ts","statementMap":{"0":{"start":{"line":1,"column":13},"end":{"line":1,"column":65}}},"fnMap":{},"branchMap":{},"s":{"0":0},"f":{},"b":{}}
,"E:\\bimta-backend-1\\src\\config\\jwt.config.ts": {"path":"E:\\bimta-backend-1\\src\\config\\jwt.config.ts","statementMap":{"0":{"start":{"line":1,"column":13},"end":{"line":6,"column":2}}},"fnMap":{},"branchMap":{"0":{"loc":{"start":{"line":2,"column":12},"end":{"line":2,"column":104}},"type":"binary-expr","locations":[{"start":{"line":2,"column":12},"end":{"line":2,"column":34}},{"start":{"line":2,"column":38},"end":{"line":2,"column":104}}]},"1":{"loc":{"start":{"line":3,"column":23},"end":{"line":3,"column":58}},"type":"binary-expr","locations":[{"start":{"line":3,"column":23},"end":{"line":3,"column":49}},{"start":{"line":3,"column":53},"end":{"line":3,"column":58}}]},"2":{"loc":{"start":{"line":4,"column":24},"end":{"line":4,"column":62}},"type":"binary-expr","locations":[{"start":{"line":4,"column":24},"end":{"line":4,"column":54}},{"start":{"line":4,"column":58},"end":{"line":4,"column":62}}]}},"s":{"0":9},"f":{},"b":{"0":[9,9],"1":[9,9],"2":[9,9]}}
,"E:\\bimta-backend-1\\src\\general\\general.controller.ts": {"path":"E:\\bimta-backend-1\\src\\general\\general.controller.ts","statementMap":{"0":{"start":{"line":1,"column":0},"end":{"line":1,"column":56}},"1":{"start":{"line":2,"column":0},"end":{"line":2,"column":51}},"2":{"start":{"line":5,"column":7},"end":{"line":29,"column":null}},"3":{"start":{"line":7,"column":16},"end":{"line":7,"column":32}},"4":{"start":{"line":12,"column":8},"end":{"line":12,"column":55}},"5":{"start":{"line":17,"column":8},"end":{"line":17,"column":61}},"6":{"start":{"line":22,"column":8},"end":{"line":22,"column":72}},"7":{"start":{"line":27,"column":8},"end":{"line":27,"column":64}},"8":{"start":{"line":5,"column":13},"end":{"line":5,"column":30}},"9":{"start":{"line":11,"column":10},"end":{"line":13,"column":null}},"10":{"start":{"line":16,"column":10},"end":{"line":18,"column":null}},"11":{"start":{"line":21,"column":10},"end":{"line":23,"column":null}},"12":{"start":{"line":26,"column":10},"end":{"line":28,"column":null}},"13":{"start":{"line":5,"column":13},"end":{"line":29,"column":null}}},"fnMap":{"0":{"name":"(anonymous_4)","decl":{"start":{"line":6,"column":4},"end":{"line":6,"column":null}},"loc":{"start":{"line":7,"column":46},"end":{"line":8,"column":7}}},"1":{"name":"(anonymous_5)","decl":{"start":{"line":11,"column":10},"end":{"line":11,"column":21}},"loc":{"start":{"line":11,"column":21},"end":{"line":13,"column":5}}},"2":{"name":"(anonymous_6)","decl":{"start":{"line":16,"column":10},"end":{"line":16,"column":19}},"loc":{"start":{"line":16,"column":54},"end":{"line":18,"column":5}}},"3":{"name":"(anonymous_7)","decl":{"start":{"line":21,"column":10},"end":{"line":21,"column":26}},"loc":{"start":{"line":21,"column":69},"end":{"line":23,"column":5}}},"4":{"name":"(anonymous_8)","decl":{"start":{"line":26,"column":10},"end":{"line":26,"column":22}},"loc":{"start":{"line":26,"column":57},"end":{"line":28,"column":5}}}},"branchMap":{"0":{"loc":{"start":{"line":7,"column":32},"end":{"line":7,"column":null}},"type":"cond-expr","locations":[{"start":{"line":7,"column":46},"end":{"line":7,"column":null}},{"start":{"line":7,"column":46},"end":{"line":7,"column":null}}]},"1":{"loc":{"start":{"line":7,"column":32},"end":{"line":7,"column":46}},"type":"binary-expr","locations":[{"start":{"line":7,"column":32},"end":{"line":7,"column":null}},{"start":{"line":7,"column":32},"end":{"line":7,"column":46}}]}},"s":{"0":9,"1":9,"2":9,"3":9,"4":3,"5":3,"6":6,"7":9,"8":9,"9":9,"10":9,"11":9,"12":9,"13":9},"f":{"0":9,"1":3,"2":3,"3":6,"4":9},"b":{"0":[9,0],"1":[9,9]}}
,"E:\\bimta-backend-1\\src\\general\\general.module.ts": {"path":"E:\\bimta-backend-1\\src\\general\\general.module.ts","statementMap":{"0":{"start":{"line":1,"column":0},"end":{"line":1,"column":40}},"1":{"start":{"line":2,"column":0},"end":{"line":2,"column":51}},"2":{"start":{"line":3,"column":0},"end":{"line":3,"column":57}},"3":{"start":{"line":4,"column":0},"end":{"line":4,"column":55}},"4":{"start":{"line":11,"column":7},"end":{"line":11,"column":null}},"5":{"start":{"line":11,"column":13},"end":{"line":11,"column":26}},"6":{"start":{"line":11,"column":13},"end":{"line":11,"column":null}}},"fnMap":{},"branchMap":{},"s":{"0":9,"1":9,"2":9,"3":9,"4":9,"5":9,"6":9},"f":{},"b":{}}
,"E:\\bimta-backend-1\\src\\general\\general.service.ts": {"path":"E:\\bimta-backend-1\\src\\general\\general.service.ts","statementMap":{"0":{"start":{"line":1,"column":0},"end":{"line":1,"column":74}},"1":{"start":{"line":2,"column":0},"end":{"line":2,"column":57}},"2":{"start":{"line":3,"column":0},"end":{"line":3,"column":74}},"3":{"start":{"line":6,"column":7},"end":{"line":203,"column":null}},"4":{"start":{"line":8,"column":16},"end":{"line":8,"column":24}},"5":{"start":{"line":12,"column":8},"end":{"line":31,"column":9}},"6":{"start":{"line":13,"column":30},"end":{"line":22,"column":14}},"7":{"start":{"line":24,"column":12},"end":{"line":24,"column":29}},"8":{"start":{"line":26,"column":12},"end":{"line":26,"column":33}},"9":{"start":{"line":27,"column":12},"end":{"line":29,"column":13}},"10":{"start":{"line":28,"column":16},"end":{"line":28,"column":88}},"11":{"start":{"line":30,"column":12},"end":{"line":30,"column":24}},"12":{"start":{"line":35,"column":8},"end":{"line":59,"column":9}},"13":{"start":{"line":36,"column":30},"end":{"line":50,"column":14}},"14":{"start":{"line":52,"column":12},"end":{"line":52,"column":29}},"15":{"start":{"line":54,"column":12},"end":{"line":54,"column":33}},"16":{"start":{"line":55,"column":12},"end":{"line":57,"column":13}},"17":{"start":{"line":56,"column":16},"end":{"line":56,"column":88}},"18":{"start":{"line":58,"column":12},"end":{"line":58,"column":24}},"19":{"start":{"line":63,"column":8},"end":{"line":128,"column":5}},"20":{"start":{"line":64,"column":32},"end":{"line":71,"column":14}},"21":{"start":{"line":73,"column":29},"end":{"line":85,"column":14}},"22":{"start":{"line":76,"column":54},"end":{"line":76,"column":71}},"23":{"start":{"line":87,"column":27},"end":{"line":99,"column":14}},"24":{"start":{"line":90,"column":54},"end":{"line":90,"column":71}},"25":{"start":{"line":101,"column":33},"end":{"line":106,"column":15}},"26":{"start":{"line":101,"column":57},"end":{"line":106,"column":14}},"27":{"start":{"line":108,"column":31},"end":{"line":113,"column":15}},"28":{"start":{"line":108,"column":53},"end":{"line":113,"column":14}},"29":{"start":{"line":115,"column":38},"end":{"line":115,"column":70}},"30":{"start":{"line":117,"column":37},"end":{"line":118,"column":null}},"31":{"start":{"line":118,"column":16},"end":{"line":118,"column":79}},"32":{"start":{"line":121,"column":8},"end":{"line":121,"column":32}},"33":{"start":{"line":123,"column":8},"end":{"line":123,"column":29}},"34":{"start":{"line":124,"column":8},"end":{"line":126,"column":9}},"35":{"start":{"line":125,"column":12},"end":{"line":125,"column":84}},"36":{"start":{"line":127,"column":8},"end":{"line":127,"column":20}},"37":{"start":{"line":132,"column":8},"end":{"line":201,"column":9}},"38":{"start":{"line":133,"column":32},"end":{"line":140,"column":14}},"39":{"start":{"line":142,"column":29},"end":{"line":156,"column":14}},"40":{"start":{"line":145,"column":54},"end":{"line":145,"column":71}},"41":{"start":{"line":158,"column":33},"end":{"line":163,"column":15}},"42":{"start":{"line":158,"column":57},"end":{"line":163,"column":14}},"43":{"start":{"line":165,"column":27},"end":{"line":179,"column":14}},"44":{"start":{"line":168,"column":54},"end":{"line":168,"column":71}},"45":{"start":{"line":181,"column":31},"end":{"line":186,"column":15}},"46":{"start":{"line":181,"column":53},"end":{"line":186,"column":14}},"47":{"start":{"line":188,"column":38},"end":{"line":188,"column":70}},"48":{"start":{"line":190,"column":37},"end":{"line":191,"column":null}},"49":{"start":{"line":191,"column":16},"end":{"line":191,"column":79}},"50":{"start":{"line":194,"column":12},"end":{"line":194,"column":36}},"51":{"start":{"line":196,"column":12},"end":{"line":196,"column":33}},"52":{"start":{"line":197,"column":12},"end":{"line":199,"column":13}},"53":{"start":{"line":198,"column":16},"end":{"line":198,"column":88}},"54":{"start":{"line":200,"column":12},"end":{"line":200,"column":24}},"55":{"start":{"line":6,"column":13},"end":{"line":6,"column":27}},"56":{"start":{"line":6,"column":13},"end":{"line":203,"column":null}}},"fnMap":{"0":{"name":"(anonymous_2)","decl":{"start":{"line":7,"column":4},"end":{"line":7,"column":null}},"loc":{"start":{"line":8,"column":37},"end":{"line":9,"column":7}}},"1":{"name":"(anonymous_3)","decl":{"start":{"line":11,"column":4},"end":{"line":11,"column":9}},"loc":{"start":{"line":11,"column":21},"end":{"line":32,"column":5}}},"2":{"name":"(anonymous_4)","decl":{"start":{"line":34,"column":4},"end":{"line":34,"column":9}},"loc":{"start":{"line":34,"column":35},"end":{"line":60,"column":5}}},"3":{"name":"(anonymous_5)","decl":{"start":{"line":62,"column":4},"end":{"line":62,"column":9}},"loc":{"start":{"line":62,"column":47},"end":{"line":129,"column":1}}},"4":{"name":"(anonymous_6)","decl":{"start":{"line":76,"column":44},"end":{"line":76,"column":45}},"loc":{"start":{"line":76,"column":54},"end":{"line":76,"column":71}}},"5":{"name":"(anonymous_7)","decl":{"start":{"line":90,"column":44},"end":{"line":90,"column":45}},"loc":{"start":{"line":90,"column":54},"end":{"line":90,"column":71}}},"6":{"name":"(anonymous_8)","decl":{"start":{"line":101,"column":46},"end":{"line":101,"column":47}},"loc":{"start":{"line":101,"column":57},"end":{"line":106,"column":14}}},"7":{"name":"(anonymous_9)","decl":{"start":{"line":108,"column":42},"end":{"line":108,"column":43}},"loc":{"start":{"line":108,"column":53},"end":{"line":113,"column":14}}},"8":{"name":"(anonymous_10)","decl":{"start":{"line":117,"column":60},"end":{"line":117,"column":61}},"loc":{"start":{"line":118,"column":16},"end":{"line":118,"column":79}}},"9":{"name":"(anonymous_11)","decl":{"start":{"line":131,"column":4},"end":{"line":131,"column":9}},"loc":{"start":{"line":131,"column":39},"end":{"line":202,"column":5}}},"10":{"name":"(anonymous_12)","decl":{"start":{"line":145,"column":44},"end":{"line":145,"column":45}},"loc":{"start":{"line":145,"column":54},"end":{"line":145,"column":71}}},"11":{"name":"(anonymous_13)","decl":{"start":{"line":158,"column":46},"end":{"line":158,"column":47}},"loc":{"start":{"line":158,"column":57},"end":{"line":163,"column":14}}},"12":{"name":"(anonymous_14)","decl":{"start":{"line":168,"column":44},"end":{"line":168,"column":45}},"loc":{"start":{"line":168,"column":54},"end":{"line":168,"column":71}}},"13":{"name":"(anonymous_15)","decl":{"start":{"line":181,"column":42},"end":{"line":181,"column":43}},"loc":{"start":{"line":181,"column":53},"end":{"line":186,"column":14}}},"14":{"name":"(anonymous_16)","decl":{"start":{"line":190,"column":60},"end":{"line":190,"column":61}},"loc":{"start":{"line":191,"column":16},"end":{"line":191,"column":79}}}},"branchMap":{"0":{"loc":{"start":{"line":27,"column":12},"end":{"line":29,"column":13}},"type":"if","locations":[{"start":{"line":27,"column":12},"end":{"line":29,"column":13}},{"start":{},"end":{}}]},"1":{"loc":{"start":{"line":55,"column":12},"end":{"line":57,"column":13}},"type":"if","locations":[{"start":{"line":55,"column":12},"end":{"line":57,"column":13}},{"start":{},"end":{}}]},"2":{"loc":{"start":{"line":124,"column":8},"end":{"line":126,"column":9}},"type":"if","locations":[{"start":{"line":124,"column":8},"end":{"line":126,"column":9}},{"start":{},"end":{}}]},"3":{"loc":{"start":{"line":197,"column":12},"end":{"line":199,"column":13}},"type":"if","locations":[{"start":{"line":197,"column":12},"end":{"line":199,"column":13}},{"start":{},"end":{}}]},"4":{"loc":{"start":{"line":8,"column":24},"end":{"line":8,"column":null}},"type":"cond-expr","locations":[{"start":{"line":8,"column":37},"end":{"line":8,"column":null}},{"start":{"line":8,"column":37},"end":{"line":8,"column":null}}]},"5":{"loc":{"start":{"line":8,"column":24},"end":{"line":8,"column":37}},"type":"binary-expr","locations":[{"start":{"line":8,"column":24},"end":{"line":8,"column":null}},{"start":{"line":8,"column":24},"end":{"line":8,"column":37}}]}},"s":{"0":9,"1":9,"2":9,"3":9,"4":9,"5":3,"6":3,"7":3,"8":0,"9":0,"10":0,"11":0,"12":3,"13":3,"14":3,"15":0,"16":0,"17":0,"18":0,"19":6,"20":6,"21":6,"22":6,"23":6,"24":6,"25":6,"26":3,"27":6,"28":3,"29":6,"30":6,"31":1,"32":6,"33":0,"34":0,"35":0,"36":0,"37":9,"38":9,"39":9,"40":10,"41":9,"42":6,"43":9,"44":10,"45":9,"46":4,"47":9,"48":9,"49":2,"50":9,"51":0,"52":0,"53":0,"54":0,"55":9,"56":9},"f":{"0":9,"1":3,"2":3,"3":6,"4":6,"5":6,"6":3,"7":3,"8":1,"9":9,"10":10,"11":6,"12":10,"13":4,"14":2},"b":{"0":[0,0],"1":[0,0],"2":[0,0],"3":[0,0],"4":[9,0],"5":[9,9]}}
,"E:\\bimta-backend-1\\src\\jadwal\\jadwal.controller.ts": {"path":"E:\\bimta-backend-1\\src\\jadwal\\jadwal.controller.ts","statementMap":{"0":{"start":{"line":1,"column":0},"end":{"line":1,"column":75}},"1":{"start":{"line":2,"column":0},"end":{"line":2,"column":49}},"2":{"start":{"line":3,"column":0},"end":{"line":3,"column":52}},"3":{"start":{"line":4,"column":0},"end":{"line":4,"column":59}},"4":{"start":{"line":7,"column":7},"end":{"line":64,"column":null}},"5":{"start":{"line":9,"column":16},"end":{"line":9,"column":31}},"6":{"start":{"line":16,"column":8},"end":{"line":16,"column":69}},"7":{"start":{"line":21,"column":8},"end":{"line":21,"column":65}},"8":{"start":{"line":26,"column":8},"end":{"line":26,"column":65}},"9":{"start":{"line":35,"column":8},"end":{"line":35,"column":84}},"10":{"start":{"line":44,"column":8},"end":{"line":44,"column":84}},"11":{"start":{"line":53,"column":8},"end":{"line":53,"column":82}},"12":{"start":{"line":62,"column":8},"end":{"line":62,"column":80}},"13":{"start":{"line":7,"column":13},"end":{"line":7,"column":29}},"14":{"start":{"line":13,"column":10},"end":{"line":17,"column":null}},"15":{"start":{"line":20,"column":10},"end":{"line":22,"column":null}},"16":{"start":{"line":25,"column":10},"end":{"line":27,"column":null}},"17":{"start":{"line":30,"column":10},"end":{"line":36,"column":null}},"18":{"start":{"line":39,"column":10},"end":{"line":45,"column":null}},"19":{"start":{"line":48,"column":10},"end":{"line":54,"column":null}},"20":{"start":{"line":57,"column":10},"end":{"line":63,"column":null}},"21":{"start":{"line":7,"column":13},"end":{"line":64,"column":null}}},"fnMap":{"0":{"name":"(anonymous_4)","decl":{"start":{"line":8,"column":4},"end":{"line":8,"column":null}},"loc":{"start":{"line":9,"column":44},"end":{"line":10,"column":7}}},"1":{"name":"(anonymous_5)","decl":{"start":{"line":13,"column":10},"end":{"line":13,"column":19}},"loc":{"start":{"line":15,"column":50},"end":{"line":17,"column":5}}},"2":{"name":"(anonymous_6)","decl":{"start":{"line":20,"column":10},"end":{"line":20,"column":20}},"loc":{"start":{"line":20,"column":63},"end":{"line":22,"column":5}}},"3":{"name":"(anonymous_7)","decl":{"start":{"line":25,"column":10},"end":{"line":25,"column":24}},"loc":{"start":{"line":25,"column":59},"end":{"line":27,"column":5}}},"4":{"name":"(anonymous_8)","decl":{"start":{"line":30,"column":10},"end":{"line":30,"column":24}},"loc":{"start":{"line":33,"column":35},"end":{"line":36,"column":5}}},"5":{"name":"(anonymous_9)","decl":{"start":{"line":39,"column":10},"end":{"line":39,"column":24}},"loc":{"start":{"line":42,"column":35},"end":{"line":45,"column":5}}},"6":{"name":"(anonymous_10)","decl":{"start":{"line":48,"column":10},"end":{"line":48,"column":22}},"loc":{"start":{"line":51,"column":35},"end":{"line":54,"column":5}}},"7":{"name":"(anonymous_11)","decl":{"start":{"line":57,"column":10},"end":{"line":57,"column":20}},"loc":{"start":{"line":60,"column":35},"end":{"line":63,"column":5}}}},"branchMap":{"0":{"loc":{"start":{"line":14,"column":21},"end":{"line":14,"column":null}},"type":"cond-expr","locations":[{"start":{"line":14,"column":33},"end":{"line":14,"column":null}},{"start":{"line":14,"column":33},"end":{"line":14,"column":null}}]},"1":{"loc":{"start":{"line":14,"column":21},"end":{"line":14,"column":33}},"type":"binary-expr","locations":[{"start":{"line":14,"column":21},"end":{"line":14,"column":null}},{"start":{"line":14,"column":21},"end":{"line":14,"column":33}}]},"2":{"loc":{"start":{"line":33,"column":21},"end":{"line":33,"column":null}},"type":"cond-expr","locations":[{"start":{"line":33,"column":35},"end":{"line":33,"column":null}},{"start":{"line":33,"column":35},"end":{"line":33,"column":null}}]},"3":{"loc":{"start":{"line":33,"column":21},"end":{"line":33,"column":35}},"type":"binary-expr","locations":[{"start":{"line":33,"column":21},"end":{"line":33,"column":null}},{"start":{"line":33,"column":21},"end":{"line":33,"column":35}}]},"4":{"loc":{"start":{"line":42,"column":21},"end":{"line":42,"column":null}},"type":"cond-expr","locations":[{"start":{"line":42,"column":35},"end":{"line":42,"column":null}},{"start":{"line":42,"column":35},"end":{"line":42,"column":null}}]},"5":{"loc":{"start":{"line":42,"column":21},"end":{"line":42,"column":35}},"type":"binary-expr","locations":[{"start":{"line":42,"column":21},"end":{"line":42,"column":null}},{"start":{"line":42,"column":21},"end":{"line":42,"column":35}}]},"6":{"loc":{"start":{"line":51,"column":21},"end":{"line":51,"column":null}},"type":"cond-expr","locations":[{"start":{"line":51,"column":35},"end":{"line":51,"column":null}},{"start":{"line":51,"column":35},"end":{"line":51,"column":null}}]},"7":{"loc":{"start":{"line":51,"column":21},"end":{"line":51,"column":35}},"type":"binary-expr","locations":[{"start":{"line":51,"column":21},"end":{"line":51,"column":null}},{"start":{"line":51,"column":21},"end":{"line":51,"column":35}}]},"8":{"loc":{"start":{"line":60,"column":21},"end":{"line":60,"column":null}},"type":"cond-expr","locations":[{"start":{"line":60,"column":35},"end":{"line":60,"column":null}},{"start":{"line":60,"column":35},"end":{"line":60,"column":null}}]},"9":{"loc":{"start":{"line":60,"column":21},"end":{"line":60,"column":35}},"type":"binary-expr","locations":[{"start":{"line":60,"column":21},"end":{"line":60,"column":null}},{"start":{"line":60,"column":21},"end":{"line":60,"column":35}}]},"10":{"loc":{"start":{"line":9,"column":31},"end":{"line":9,"column":null}},"type":"cond-expr","locations":[{"start":{"line":9,"column":44},"end":{"line":9,"column":null}},{"start":{"line":9,"column":44},"end":{"line":9,"column":null}}]},"11":{"loc":{"start":{"line":9,"column":31},"end":{"line":9,"column":44}},"type":"binary-expr","locations":[{"start":{"line":9,"column":31},"end":{"line":9,"column":null}},{"start":{"line":9,"column":31},"end":{"line":9,"column":44}}]}},"s":{"0":9,"1":9,"2":9,"3":9,"4":9,"5":9,"6":3,"7":3,"8":2,"9":2,"10":1,"11":1,"12":1,"13":9,"14":9,"15":9,"16":9,"17":9,"18":9,"19":9,"20":9,"21":9},"f":{"0":9,"1":3,"2":3,"3":2,"4":2,"5":1,"6":1,"7":1},"b":{"0":[9,0],"1":[9,9],"2":[9,0],"3":[9,9],"4":[9,0],"5":[9,9],"6":[9,0],"7":[9,9],"8":[9,0],"9":[9,9],"10":[9,0],"11":[9,9]}}
,"E:\\bimta-backend-1\\src\\jadwal\\jadwal.module.ts": {"path":"E:\\bimta-backend-1\\src\\jadwal\\jadwal.module.ts","statementMap":{"0":{"start":{"line":1,"column":0},"end":{"line":1,"column":40}},"1":{"start":{"line":2,"column":0},"end":{"line":2,"column":55}},"2":{"start":{"line":3,"column":0},"end":{"line":3,"column":49}},"3":{"start":{"line":4,"column":0},"end":{"line":4,"column":55}},"4":{"start":{"line":11,"column":7},"end":{"line":11,"column":null}},"5":{"start":{"line":11,"column":13},"end":{"line":11,"column":25}},"6":{"start":{"line":11,"column":13},"end":{"line":11,"column":null}}},"fnMap":{},"branchMap":{},"s":{"0":9,"1":9,"2":9,"3":9,"4":9,"5":9,"6":9},"f":{},"b":{}}
,"E:\\bimta-backend-1\\src\\jadwal\\jadwal.service.ts": {"path":"E:\\bimta-backend-1\\src\\jadwal\\jadwal.service.ts","statementMap":{"0":{"start":{"line":1,"column":0},"end":{"line":1,"column":93}},"1":{"start":{"line":2,"column":0},"end":{"line":2,"column":57}},"2":{"start":{"line":4,"column":0},"end":{"line":4,"column":52}},"3":{"start":{"line":8,"column":7},"end":{"line":277,"column":null}},"4":{"start":{"line":10,"column":16},"end":{"line":10,"column":24}},"5":{"start":{"line":14,"column":8},"end":{"line":48,"column":9}},"6":{"start":{"line":15,"column":34},"end":{"line":22,"column":14}},"7":{"start":{"line":24,"column":12},"end":{"line":26,"column":13}},"8":{"start":{"line":25,"column":16},"end":{"line":25,"column":93}},"9":{"start":{"line":28,"column":31},"end":{"line":35,"column":15}},"10":{"start":{"line":28,"column":60},"end":{"line":35,"column":14}},"11":{"start":{"line":37,"column":27},"end":{"line":39,"column":14}},"12":{"start":{"line":41,"column":12},"end":{"line":41,"column":26}},"13":{"start":{"line":43,"column":12},"end":{"line":43,"column":33}},"14":{"start":{"line":44,"column":12},"end":{"line":46,"column":13}},"15":{"start":{"line":45,"column":16},"end":{"line":45,"column":88}},"16":{"start":{"line":47,"column":12},"end":{"line":47,"column":24}},"17":{"start":{"line":52,"column":8},"end":{"line":109,"column":9}},"18":{"start":{"line":53,"column":32},"end":{"line":57,"column":14}},"19":{"start":{"line":59,"column":34},"end":{"line":66,"column":14}},"20":{"start":{"line":68,"column":12},"end":{"line":70,"column":13}},"21":{"start":{"line":69,"column":16},"end":{"line":69,"column":93}},"22":{"start":{"line":72,"column":27},"end":{"line":86,"column":14}},"23":{"start":{"line":75,"column":54},"end":{"line":75,"column":71}},"24":{"start":{"line":88,"column":24},"end":{"line":100,"column":14}},"25":{"start":{"line":89,"column":33},"end":{"line":89,"column":56}},"26":{"start":{"line":91,"column":16},"end":{"line":99,"column":18}},"27":{"start":{"line":102,"column":12},"end":{"line":102,"column":23}},"28":{"start":{"line":104,"column":12},"end":{"line":104,"column":33}},"29":{"start":{"line":105,"column":12},"end":{"line":107,"column":13}},"30":{"start":{"line":106,"column":16},"end":{"line":106,"column":88}},"31":{"start":{"line":108,"column":12},"end":{"line":108,"column":24}},"32":{"start":{"line":113,"column":8},"end":{"line":179,"column":9}},"33":{"start":{"line":114,"column":32},"end":{"line":120,"column":14}},"34":{"start":{"line":122,"column":30},"end":{"line":147,"column":14}},"35":{"start":{"line":125,"column":54},"end":{"line":125,"column":71}},"36":{"start":{"line":149,"column":24},"end":{"line":169,"column":14}},"37":{"start":{"line":150,"column":33},"end":{"line":150,"column":56}},"38":{"start":{"line":152,"column":32},"end":{"line":152,"column":68}},"39":{"start":{"line":153,"column":30},"end":{"line":153,"column":79}},"40":{"start":{"line":155,"column":16},"end":{"line":168,"column":18}},"41":{"start":{"line":172,"column":12},"end":{"line":172,"column":23}},"42":{"start":{"line":174,"column":12},"end":{"line":174,"column":33}},"43":{"start":{"line":175,"column":12},"end":{"line":177,"column":13}},"44":{"start":{"line":176,"column":16},"end":{"line":176,"column":88}},"45":{"start":{"line":178,"column":12},"end":{"line":178,"column":24}},"46":{"start":{"line":183,"column":8},"end":{"line":203,"column":9}},"47":{"start":{"line":184,"column":12},"end":{"line":194,"column":null}},"48":{"start":{"line":196,"column":12},"end":{"line":196,"column":null}},"49":{"start":{"line":198,"column":12},"end":{"line":198,"column":33}},"50":{"start":{"line":199,"column":12},"end":{"line":201,"column":13}},"51":{"start":{"line":200,"column":16},"end":{"line":200,"column":88}},"52":{"start":{"line":202,"column":12},"end":{"line":202,"column":24}},"53":{"start":{"line":207,"column":8},"end":{"line":227,"column":9}},"54":{"start":{"line":208,"column":12},"end":{"line":218,"column":null}},"55":{"start":{"line":220,"column":12},"end":{"line":220,"column":null}},"56":{"start":{"line":222,"column":12},"end":{"line":222,"column":33}},"57":{"start":{"line":223,"column":12},"end":{"line":225,"column":13}},"58":{"start":{"line":224,"column":16},"end":{"line":224,"column":88}},"59":{"start":{"line":226,"column":12},"end":{"line":226,"column":24}},"60":{"start":{"line":231,"column":8},"end":{"line":251,"column":9}},"61":{"start":{"line":232,"column":12},"end":{"line":242,"column":null}},"62":{"start":{"line":244,"column":12},"end":{"line":244,"column":null}},"63":{"start":{"line":246,"column":12},"end":{"line":246,"column":33}},"64":{"start":{"line":247,"column":12},"end":{"line":249,"column":13}},"65":{"start":{"line":248,"column":16},"end":{"line":248,"column":88}},"66":{"start":{"line":250,"column":12},"end":{"line":250,"column":24}},"67":{"start":{"line":255,"column":8},"end":{"line":275,"column":9}},"68":{"start":{"line":256,"column":12},"end":{"line":266,"column":null}},"69":{"start":{"line":268,"column":12},"end":{"line":268,"column":null}},"70":{"start":{"line":270,"column":12},"end":{"line":270,"column":33}},"71":{"start":{"line":271,"column":12},"end":{"line":273,"column":13}},"72":{"start":{"line":272,"column":16},"end":{"line":272,"column":88}},"73":{"start":{"line":274,"column":12},"end":{"line":274,"column":24}},"74":{"start":{"line":8,"column":13},"end":{"line":8,"column":26}},"75":{"start":{"line":8,"column":13},"end":{"line":277,"column":null}}},"fnMap":{"0":{"name":"(anonymous_2)","decl":{"start":{"line":9,"column":4},"end":{"line":9,"column":null}},"loc":{"start":{"line":10,"column":37},"end":{"line":11,"column":7}}},"1":{"name":"(anonymous_3)","decl":{"start":{"line":13,"column":4},"end":{"line":13,"column":9}},"loc":{"start":{"line":13,"column":59},"end":{"line":49,"column":5}}},"2":{"name":"(anonymous_4)","decl":{"start":{"line":28,"column":49},"end":{"line":28,"column":50}},"loc":{"start":{"line":28,"column":60},"end":{"line":35,"column":14}}},"3":{"name":"(anonymous_5)","decl":{"start":{"line":51,"column":4},"end":{"line":51,"column":9}},"loc":{"start":{"line":51,"column":40},"end":{"line":110,"column":5}}},"4":{"name":"(anonymous_6)","decl":{"start":{"line":75,"column":44},"end":{"line":75,"column":45}},"loc":{"start":{"line":75,"column":54},"end":{"line":75,"column":71}}},"5":{"name":"(anonymous_7)","decl":{"start":{"line":88,"column":35},"end":{"line":88,"column":36}},"loc":{"start":{"line":88,"column":44},"end":{"line":100,"column":13}}},"6":{"name":"(anonymous_8)","decl":{"start":{"line":112,"column":4},"end":{"line":112,"column":9}},"loc":{"start":{"line":112,"column":40},"end":{"line":180,"column":5}}},"7":{"name":"(anonymous_9)","decl":{"start":{"line":125,"column":44},"end":{"line":125,"column":45}},"loc":{"start":{"line":125,"column":54},"end":{"line":125,"column":71}}},"8":{"name":"(anonymous_10)","decl":{"start":{"line":149,"column":38},"end":{"line":149,"column":39}},"loc":{"start":{"line":149,"column":47},"end":{"line":169,"column":13}}},"9":{"name":"(anonymous_11)","decl":{"start":{"line":182,
[...]
,"E:\\bimta-backend-1\\src\\riwayat\\riwayat.controller.ts": {"path":"E:\\bimta-backend-1\\src\\riwayat\\riwayat.controller.ts","statementMap":{"0":{"start":{"line":1,"column":0},"end":{"line":1,"column":56}},"1":{"start":{"line":2,"column":0},"end":{"line":2,"column":51}},"2":{"start":{"line":5,"column":7},"end":{"line":14,"column":null}},"3":{"start":{"line":7,"column":16},"end":{"line":7,"column":32}},"4":{"start":{"line":12,"column":8},"end":{"line":12,"column":null}},"5":{"start":{"line":5,"column":13},"end":{"line":5,"column":30}},"6":{"start":{"line":11,"column":10},"end":{"line":13,"column":null}},"7":{"start":{"line":5,"column":13},"end":{"line":14,"column":null}}},"fnMap":{"0":{"name":"(anonymous_4)","decl":{"start":{"line":6,"column":4},"end":{"line":6,"column":null}},"loc":{"start":{"line":7,"column":46},"end":{"line":8,"column":7}}},"1":{"name":"(anonymous_5)","decl":{"start":{"line":11,"column":10},"end":{"line":11,"column":20}},"loc":{"start":{"line":11,"column":63},"end":{"line":13,"column":5}}}},"branchMap":{"0":{"loc":{"start":{"line":7,"column":32},"end":{"line":7,"column":null}},"type":"cond-expr","locations":[{"start":{"line":7,"column":46},"end":{"line":7,"column":null}},{"start":{"line":7,"column":46},"end":{"line":7,"column":null}}]},"1":{"loc":{"start":{"line":7,"column":32},"end":{"line":7,"column":46}},"type":"binary-expr","locations":[{"start":{"line":7,"column":32},"end":{"line":7,"column":null}},{"start":{"line":7,"column":32},"end":{"line":7,"column":46}}]}},"s":{"0":9,"1":9,"2":9,"3":9,"4":3,"5":9,"6":9,"7":9},"f":{"0":9,"1":3},"b":{"0":[9,0],"1":[9,9]}}
,"E:\\bimta-backend-1\\src\\riwayat\\riwayat.module.ts": {"path":"E:\\bimta-backend-1\\src\\riwayat\\riwayat.module.ts","statementMap":{"0":{"start":{"line":1,"column":0},"end":{"line":1,"column":40}},"1":{"start":{"line":2,"column":0},"end":{"line":2,"column":57}},"2":{"start":{"line":3,"column":0},"end":{"line":3,"column":51}},"3":{"start":{"line":4,"column":0},"end":{"line":4,"column":55}},"4":{"start":{"line":11,"column":7},"end":{"line":11,"column":null}},"5":{"start":{"line":11,"column":13},"end":{"line":11,"column":26}},"6":{"start":{"line":11,"column":13},"end":{"line":11,"column":null}}},"fnMap":{},"branchMap":{},"s":{"0":9,"1":9,"2":9,"3":9,"4":9,"5":9,"6":9},"f":{},"b":{}}
,"E:\\bimta-backend-1\\src\\riwayat\\riwayat.service.ts": {"path":"E:\\bimta-backend-1\\src\\riwayat\\riwayat.service.ts","statementMap":{"0":{"start":{"line":1,"column":0},"end":{"line":1,"column":93}},"1":{"start":{"line":2,"column":0},"end":{"line":2,"column":57}},"2":{"start":{"line":3,"column":0},"end":{"line":3,"column":96}},"3":{"start":{"line":6,"column":7},"end":{"line":83,"column":null}},"4":{"start":{"line":8,"column":16},"end":{"line":8,"column":24}},"5":{"start":{"line":12,"column":8},"end":{"line":81,"column":9}},"6":{"start":{"line":14,"column":30},"end":{"line":16,"column":14}},"7":{"start":{"line":18,"column":12},"end":{"line":20,"column":13}},"8":{"start":{"line":19,"column":16},"end":{"line":19,"column":73}},"9":{"start":{"line":22,"column":32},"end":{"line":28,"column":14}},"10":{"start":{"line":30,"column":28},"end":{"line":40,"column":14}},"11":{"start":{"line":42,"column":32},"end":{"line":48,"column":15}},"12":{"start":{"line":42,"column":55},"end":{"line":48,"column":14}},"13":{"start":{"line":50,"column":27},"end":{"line":60,"column":14}},"14":{"start":{"line":62,"column":31},"end":{"line":68,"column":15}},"15":{"start":{"line":62,"column":53},"end":{"line":68,"column":14}},"16":{"start":{"line":70,"column":37},"end":{"line":71,"column":null}},"17":{"start":{"line":71,"column":26},"end":{"line":71,"column":87}},"18":{"start":{"line":74,"column":12},"end":{"line":74,"column":36}},"19":{"start":{"line":76,"column":12},"end":{"line":76,"column":33}},"20":{"start":{"line":77,"column":12},"end":{"line":79,"column":13}},"21":{"start":{"line":78,"column":16},"end":{"line":78,"column":88}},"22":{"start":{"line":80,"column":12},"end":{"line":80,"column":24}},"23":{"start":{"line":6,"column":13},"end":{"line":6,"column":27}},"24":{"start":{"line":6,"column":13},"end":{"line":83,"column":null}}},"fnMap":{"0":{"name":"(anonymous_2)","decl":{"start":{"line":7,"column":4},"end":{"line":7,"column":null}},"loc":{"start":{"line":8,"column":37},"end":{"line":9,"column":7}}},"1":{"name":"(anonymous_3)","decl":{"start":{"line":11,"column":4},"end":{"line":11,"column":9}},"loc":{"start":{"line":11,"column":46},"end":{"line":82,"column":5}}},"2":{"name":"(anonymous_4)","decl":{"start":{"line":42,"column":44},"end":{"line":42,"column":45}},"loc":{"start":{"line":42,"column":55},"end":{"line":48,"column":14}}},"3":{"name":"(anonymous_5)","decl":{"start":{"line":62,"column":42},"end":{"line":62,"column":43}},"loc":{"start":{"line":62,"column":53},"end":{"line":68,"column":14}}},"4":{"name":"(anonymous_6)","decl":{"start":{"line":71,"column":16},"end":{"line":71,"column":17}},"loc":{"start":{"line":71,"column":26},"end":{"line":71,"column":87}}}},"branchMap":{"0":{"loc":{"start":{"line":18,"column":12},"end":{"line":20,"column":13}},"type":"if","locations":[{"start":{"line":18,"column":12},"end":{"line":20,"column":13}},{"start":{},"end":{}}]},"1":{"loc":{"start":{"line":77,"column":12},"end":{"line":79,"column":13}},"type":"if","locations":[{"start":{"line":77,"column":12},"end":{"line":79,"column":13}},{"start":{},"end":{}}]},"2":{"loc":{"start":{"line":8,"column":24},"end":{"line":8,"column":null}},"type":"cond-expr","locations":[{"start":{"line":8,"column":37},"end":{"line":8,"column":null}},{"start":{"line":8,"column":37},"end":{"line":8,"column":null}}]},"3":{"loc":{"start":{"line":8,"column":24},"end":{"line":8,"column":37}},"type":"binary-expr","locations":[{"start":{"line":8,"column":24},"end":{"line":8,"column":null}},{"start":{"line":8,"column":24},"end":{"line":8,"column":37}}]}},"s":{"0":9,"1":9,"2":9,"3":9,"4":9,"5":3,"6":3,"7":3,"8":1,"9":2,"10":2,"11":2,"12":1,"13":2,"14":2,"15":1,"16":2,"17":1,"18":2,"19":1,"20":1,"21":0,"22":1,"23":9,"24":9},"f":{"0":9,"1":3,"2":1,"3":1,"4":1},"b":{"0":[1,2],"1":[0,1],"2":[9,0],"3":[9,9]}}
,"E:\\bimta-backend-1\\src\\supabase\\supabase.module.ts": {"path":"E:\\bimta-backend-1\\src\\supabase\\supabase.module.ts","statementMap":{"0":{"start":{"line":1,"column":0},"end":{"line":1,"column":40}},"1":{"start":{"line":2,"column":0},"end":{"line":2,"column":53}},"2":{"start":{"line":9,"column":7},"end":{"line":9,"column":null}},"3":{"start":{"line":9,"column":13},"end":{"line":9,"column":27}},"4":{"start":{"line":9,"column":13},"end":{"line":9,"column":null}}},"fnMap":{},"branchMap":{},"s":{"0":0,"1":0,"2":0,"3":0,"4":0},"f":{},"b":{}}
,"E:\\bimta-backend-1\\src\\supabase\\supabase.service.ts": {"path":"E:\\bimta-backend-1\\src\\supabase\\supabase.service.ts","statementMap":{"0":{"start":{"line":1,"column":0},"end":{"line":1,"column":74}},"1":{"start":{"line":2,"column":0},"end":{"line":2,"column":69}},"2":{"start":{"line":3,"column":0},"end":{"line":3,"column":24}},"3":{"start":{"line":6,"column":7},"end":{"line":83,"column":null}},"4":{"start":{"line":10,"column":28},"end":{"line":10,"column":52}},"5":{"start":{"line":11,"column":28},"end":{"line":11,"column":52}},"6":{"start":{"line":13,"column":8},"end":{"line":15,"column":9}},"7":{"start":{"line":14,"column":12},"end":{"line":14,"column":67}},"8":{"start":{"line":19,"column":8},"end":{"line":48,"column":9}},"9":{"start":{"line":20,"column":30},"end":{"line":20,"column":90}},"10":{"start":{"line":21,"column":24},"end":{"line":21,"column":55}},"11":{"start":{"line":22,"column":29},"end":{"line":22,"column":49}},"12":{"start":{"line":23,"column":29},"end":{"line":23,"column":52}},"13":{"start":{"line":25,"column":30},"end":{"line":30,"column":14}},"14":{"start":{"line":32,"column":12},"end":{"line":35,"column":13}},"15":{"start":{"line":33,"column":16},"end":{"line":33,"column":63}},"16":{"start":{"line":34,"column":16},"end":{"line":34,"column":92}},"17":{"start":{"line":37,"column":44},"end":{"line":39,"column":35}},"18":{"start":{"line":41,"column":12},"end":{"line":44,"column":14}},"19":{"start":{"line":46,"column":12},"end":{"line":46,"column":48}},"20":{"start":{"line":47,"column":12},"end":{"line":47,"column":89}},"21":{"start":{"line":52,"column":8},"end":{"line":80,"column":9}},"22":{"start":{"line":53,"column":30},"end":{"line":53,"column":90}},"23":{"start":{"line":54,"column":24},"end":{"line":54,"column":55}},"24":{"start":{"line":55,"column":29},"end":{"line":55,"column":49}},"25":{"start":{"line":56,"column":29},"end":{"line":56,"column":52}},"26":{"start":{"line":58,"column":30},"end":{"line":63,"column":14}},"27":{"start":{"line":65,"column":12},"end":{"line":68,"column":13}},"28":{"start":{"line":66,"column":16},"end":{"line":66,"column":63}},"29":{"start":{"line":67,"column":16},"end":{"line":67,"column":92}},"30":{"start":{"line":70,"column":44},"end":{"line":72,"column":35}},"31":{"start":{"line":74,"column":30},"end":{"line":74,"column":53}},"32":{"start":{"line":76,"column":12},"end":{"line":76,"column":29}},"33":{"start":{"line":78,"column":12},"end":{"line":78,"column":48}},"34":{"start":{"line":79,"column":12},"end":{"line":79,"column":89}},"35":{"start":{"line":6,"column":13},"end":{"line":6,"column":28}},"36":{"start":{"line":6,"column":13},"end":{"line":83,"column":null}}},"fnMap":{"0":{"name":"(anonymous_3)","decl":{"start":{"line":9,"column":4},"end":{"line":9,"column":null}},"loc":{"start":{"line":9,"column":4},"end":{"line":16,"column":5}}},"1":{"name":"(anonymous_4)","decl":{"start":{"line":18,"column":4},"end":{"line":18,"column":9}},"loc":{"start":{"line":18,"column":83},"end":{"line":49,"column":5}}},"2":{"name":"(anonymous_5)","decl":{"start":{"line":51,"column":4},"end":{"line":51,"column":9}},"loc":{"start":{"line":51,"column":74},"end":{"line":81,"column":5}}}},"branchMap":{"0":{"loc":{"start":{"line":13,"column":8},"end":{"line":15,"column":9}},"type":"if","locations":[{"start":{"line":13,"column":8},"end":{"line":15,"column":9}},{"start":{},"end":{}}]},"1":{"loc":{"start":{"line":13,"column":11},"end":{"line":13,"column":37}},"type":"binary-expr","locations":[{"start":{"line":13,"column":11},"end":{"line":13,"column":22}},{"start":{"line":13,"column":26},"end":{"line":13,"column":37}}]},"2":{"loc":{"start":{"line":18,"column":56},"end":{"line":18,"column":83}},"type":"default-arg","locations":[{"start":{"line":18,"column":73},"end":{"line":18,"column":83}}]},"3":{"loc":{"start":{"line":32,"column":12},"end":{"line":35,"column":13}},"type":"if","locations":[{"start":{"line":32,"column":12},"end":{"line":35,"column":13}},{"start":{},"end":{}}]},"4":{"loc":{"start":{"line":51,"column":49},"end":{"line":51,"column":74}},"type":"default-arg","locations":[{"start":{"line":51,"column":66},"end":{"line":51,"column":74}}]},"5":{"loc":{"start":{"line":65,"column":12},"end":{"line":68,"column":13}},"type":"if","locations":[{"start":{"line":65,"column":12},"end":{"line":68,"column":13}},{"start":{},"end":{}}]}},"s":{"0":9,"1":9,"2":9,"3":9,"4":14,"5":14,"6":14,"7":14,"8":0,"9":0,"10":0,"11":0,"12":0,"13":0,"14":0,"15":0,"16":0,"17":0,"18":0,"19":0,"20":0,"21":0,"22":0,"23":0,"24":0,"25":0,"26":0,"27":0,"28":0,"29":0,"30":0,"31":0,"32":0,"33":0,"34":0,"35":9,"36":9},"f":{"0":14,"1":0,"2":0},"b":{"0":[14,0],"1":[14,14],"2":[0],"3":[0,0],"4":[0],"5":[0,0]}}
,"E:\\bimta-backend-1\\src\\utils\\jwt_token.ts": {"path":"E:\\bimta-backend-1\\src\\utils\\jwt_token.ts","statementMap":{"0":{"start":{"line":1,"column":0},"end":{"line":1,"column":44}},"1":{"start":{"line":2,"column":0},"end":{"line":2,"column":41}},"2":{"start":{"line":3,"column":0},"end":{"line":3,"column":47}},"3":{"start":{"line":12,"column":7},"end":{"line":57,"column":null}},"4":{"start":{"line":18,"column":16},"end":{"line":18,"column":28}},"5":{"start":{"line":19,"column":16},"end":{"line":19,"column":31}},"6":{"start":{"line":21,"column":8},"end":{"line":21,"column":91}},"7":{"start":{"line":22,"column":8},"end":{"line":22,"column":98}},"8":{"start":{"line":23,"column":8},"end":{"line":23,"column":99}},"9":{"start":{"line":27,"column":46},"end":{"line":30,"column":10}},"10":{"start":{"line":32,"column":8},"end":{"line":32,"column":null}},"11":{"start":{"line":36,"column":8},"end":{"line":40,"column":null}},"12":{"start":{"line":44,"column":8},"end":{"line":48,"column":null}},"13":{"start":{"line":52,"column":8},"end":{"line":55,"column":null}},"14":{"start":{"line":12,"column":13},"end":{"line":12,"column":25}},"15":{"start":{"line":12,"column":13},"end":{"line":57,"column":null}}},"fnMap":{"0":{"name":"(anonymous_2)","decl":{"start":{"line":17,"column":4},"end":{"line":17,"column":null}},"loc":{"start":{"line":19,"column":44},"end":{"line":24,"column":5}}},"1":{"name":"(anonymous_3)","decl":{"start":{"line":26,"column":4},"end":{"line":26,"column":9}},"loc":{"start":{"line":26,"column":44},"end":{"line":33,"column":5}}},"2":{"name":"(anonymous_4)","decl":{"start":{"line":35,"column":12},"end":{"line":35,"column":17}},"loc":{"start":{"line":35,"column":56},"end":{"line":41,"column":5}}},"3":{"name":"(anonymous_5)","decl":{"start":{"line":43,"column":12},"end":{"line":43,"column":17}},"loc":{"start":{"line":43,"column":58},"end":{"line":49,"column":5}}},"4":{"name":"(anonymous_6)","decl":{"start":{"line":51,"column":4},"end":{"line":51,"column":15}},"loc":{"start":{"line":51,"column":28},"end":{"line":56,"column":5}}}},"branchMap":{"0":{"loc":{"start":{"line":21,"column":25},"end":{"line":21,"column":90}},"type":"binary-expr","locations":[{"start":{"line":21,"column":25},"end":{"line":21,"column":69}},{"start":{"line":21,"column":73},"end":{"line":21,"column":90}}]},"1":{"loc":{"start":{"line":22,"column":33},"end":{"line":22,"column":97}},"type":"binary-expr","locations":[{"start":{"line":22,"column":33},"end":{"line":22,"column":88}},{"start":{"line":22,"column":92},"end":{"line":22,"column":97}}]},"2":{"loc":{"start":{"line":23,"column":34},"end":{"line":23,"column":98}},"type":"binary-expr","locations":[{"start":{"line":23,"column":34},"end":{"line":23,"column":90}},{"start":{"line":23,"column":94},"end":{"line":23,"column":98}}]},"3":{"loc":{"start":{"line":18,"column":28},"end":{"line":18,"column":null}},"type":"cond-expr","locations":[{"start":{"line":18,"column":38},"end":{"line":18,"column":null}},{"start":{"line":18,"column":38},"end":{"line":18,"column":null}}]},"4":{"loc":{"start":{"line":18,"column":28},"end":{"line":18,"column":38}},"type":"binary-expr","locations":[{"start":{"line":18,"column":28},"end":{"line":18,"column":null}},{"start":{"line":18,"column":28},"end":{"line":18,"column":38}}]},"5":{"loc":{"start":{"line":18,"column":38},"end":{"line":19,"column":null}},"type":"cond-expr","locations":[{"start":{"line":19,"column":44},"end":{"line":19,"column":null}},{"start":{"line":19,"column":44},"end":{"line":19,"column":null}}]},"6":{"loc":{"start":{"line":18,"column":38},"end":{"line":19,"column":44}},"type":"binary-expr","locations":[{"start":{"line":18,"column":38},"end":{"line":19,"column":null}},{"start":{"line":19,"column":31},"end":{"line":19,"column":44}}]}},"s":{"0":9,"1":9,"2":9,"3":9,"4":9,"5":9,"6":9,"7":9,"8":9,"9":2,"10":2,"11":2,"12":2,"13":0,"14":9,"15":9},"f":{"0":9,"1":2,"2":2,"3":2,"4":0},"b":{"0":[9,0],"1":[9,0],"2":[9,0],"3":[9,0],"4":[9,9],"5":[9,0],"6":[9,9]}}
,"E:\\bimta-backend-1\\src\\utils\\validate-pipe.ts": {"path":"E:\\bimta-backend-1\\src\\utils\\validate-pipe.ts","statementMap":{"0":{"start":{"line":1,"column":0},"end":{"line":1,"column":80}},"1":{"start":{"line":4,"column":7},"end":{"line":11,"column":null}},"2":{"start":{"line":6,"column":8},"end":{"line":8,"column":9}},"3":{"start":{"line":7,"column":12},"end":{"line":7,"column":60}},"4":{"start":{"line":9,"column":8},"end":{"line":9,"column":28}},"5":{"start":{"line":4,"column":13},"end":{"line":4,"column":27}},"6":{"start":{"line":4,"column":13},"end":{"line":11,"column":null}}},"fnMap":{"0":{"name":"(anonymous_1)","decl":{"start":{"line":5,"column":4},"end":{"line":5,"column":13}},"loc":{"start":{"line":5,"column":27},"end":{"line":10,"column":5}}}},"branchMap":{"0":{"loc":{"start":{"line":6,"column":8},"end":{"line":8,"column":9}},"type":"if","locations":[{"start":{"line":6,"column":8},"end":{"line":8,"column":9}},{"start":{},"end":{}}]},"1":{"loc":{"start":{"line":6,"column":12},"end":{"line":6,"column":64}},"type":"binary-expr","locations":[{"start":{"line":6,"column":12},"end":{"line":6,"column":18}},{"start":{"line":6,"column":22},"end":{"line":6,"column":47}},{"start":{"line":6,"column":51},"end":{"line":6,"column":64}}]}},"s":{"0":0,"1":0,"2":0,"3":0,"4":0,"5":0,"6":0},"f":{"0":0},"b":{"0":[0,0],"1":[0,0,0]}}
,"E:\\bimta-backend-1\\src\\utils\\word_case.ts": {"path":"E:\\bimta-backend-1\\src\\utils\\word_case.ts","statementMap":{"0":{"start":{"line":1,"column":0},"end":{"line":1,"column":16}},"1":{"start":{"line":2,"column":2},"end":{"line":7,"column":15}},"2":{"start":{"line":6,"column":17},"end":{"line":6,"column":61}}},"fnMap":{"0":{"name":"toTitleCase","decl":{"start":{"line":1,"column":16},"end":{"line":1,"column":27}},"loc":{"start":{"line":1,"column":39},"end":{"line":8,"column":1}}},"1":{"name":"(anonymous_1)","decl":{"start":{"line":6,"column":9},"end":{"line":6,"column":13}},"loc":{"start":{"line":6,"column":17},"end":{"line":6,"column":61}}}},"branchMap":{},"s":{"0":9,"1":1,"2":2},"f":{"0":1,"1":2},"b":{}}
,"E:\\bimta-backend-1\\src\\validators\\user.validator.ts": {"path":"E:\\bimta-backend-1\\src\\validators\\user.validator.ts","statementMap":{"0":{"start":{"line":1,"column":0},"end":{"line":1,"column":67}},"1":{"start":{"line":2,"column":0},"end":{"line":2,"column":57}},"2":{"start":{"line":6,"column":7},"end":{"line":31,"column":null}},"3":{"start":{"line":8,"column":16},"end":{"line":8,"column":24}},"4":{"start":{"line":12,"column":8},"end":{"line":29,"column":9}},"5":{"start":{"line":13,"column":25},"end":{"line":17,"column":14}},"6":{"start":{"line":19,"column":12},"end":{"line":19,"column":78}},"7":{"start":{"line":19,"column":22},"end":{"line":19,"column":78}},"8":{"start":{"line":21,"column":12},"end":{"line":25,"column":null}},"9":{"start":{"line":27,"column":12},"end":{"line":27,"column":70}},"10":{"start":{"line":28,"column":12},"end":{"line":28,"column":24}},"11":{"start":{"line":6,"column":13},"end":{"line":6,"column":26}},"12":{"start":{"line":6,"column":13},"end":{"line":31,"column":null}}},"fnMap":{"0":{"name":"(anonymous_2)","decl":{"start":{"line":7,"column":4},"end":{"line":7,"column":null}},"loc":{"start":{"line":8,"column":37},"end":{"line":9,"column":7}}},"1":{"name":"(anonymous_3)","decl":{"start":{"line":11,"column":4},"end":{"line":11,"column":9}},"loc":{"start":{"line":11,"column":37},"end":{"line":30,"column":5}}}},"branchMap":{"0":{"loc":{"start":{"line":19,"column":12},"end":{"line":19,"column":78}},"type":"if","locations":[{"start":{"line":19,"column":12},"end":{"line":19,"column":78}},{"start":{},"end":{}}]},"1":{"loc":{"start":{"line":8,"column":24},"end":{"line":8,"column":null}},"type":"cond-expr","locations":[{"start":{"line":8,"column":37},"end":{"line":8,"column":null}},{"start":{"line":8,"column":37},"end":{"line":8,"column":null}}]},"2":{"loc":{"start":{"line":8,"column":24},"end":{"line":8,"column":37}},"type":"binary-expr","locations":[{"start":{"line":8,"column":24},"end":{"line":8,"column":null}},{"start":{"line":8,"column":24},"end":{"line":8,"column":37}}]}},"s":{"0":9,"1":9,"2":9,"3":9,"4":2,"5":2,"6":2,"7":0,"8":2,"9":0,"10":0,"11":9,"12":9},"f":{"0":9,"1":2},"b":{"0":[0,2],"1":[9,0],"2":[9,9]}}
}
