TN:
SF:src\app.controller.spec.ts
FN:5,(anonymous_0)
FN:8,(anonymous_1)
FN:17,(anonymous_2)
FN:18,(anonymous_3)
FNF:4
FNH:0
FNDA:0,(anonymous_0)
FNDA:0,(anonymous_1)
FNDA:0,(anonymous_2)
FNDA:0,(anonymous_3)
DA:1,0
DA:2,0
DA:3,0
DA:5,0
DA:8,0
DA:9,0
DA:14,0
DA:17,0
DA:18,0
DA:19,0
LF:10
LH:0
BRF:0
BRH:0
end_of_record
TN:
SF:src\app.controller.ts
FN:6,(anonymous_2)
FN:9,(anonymous_3)
FNF:2
FNH:2
FNDA:9,(anonymous_2)
FNDA:1,(anonymous_3)
DA:1,9
DA:2,9
DA:5,9
DA:6,9
DA:9,9
DA:10,1
LF:6
LH:6
BRDA:6,0,0,9
BRDA:6,0,1,0
BRDA:6,1,0,9
BRDA:6,1,1,9
BRF:4
BRH:3
end_of_record
TN:
SF:src\app.module.ts
FN:20,(anonymous_1)
FNF:1
FNH:1
FNDA:9,(anonymous_1)
DA:1,9
DA:2,9
DA:3,9
DA:4,9
DA:5,9
DA:6,9
DA:7,9
DA:8,9
DA:9,9
DA:10,9
DA:11,9
DA:12,9
DA:13,9
DA:20,9
DA:25,9
LF:15
LH:15
BRF:0
BRH:0
end_of_record
TN:
SF:src\app.service.ts
FN:5,(anonymous_1)
FNF:1
FNH:1
FNDA:1,(anonymous_1)
DA:1,9
DA:4,9
DA:6,1
LF:3
LH:3
BRF:0
BRH:0
end_of_record
TN:
SF:src\main.ts
FN:5,bootstrap
FNF:1
FNH:0
FNDA:0,bootstrap
DA:1,0
DA:2,0
DA:6,0
DA:8,0
DA:13,0
DA:14,0
DA:15,0
DA:17,0
LF:8
LH:0
BRDA:13,0,0,0
BRDA:13,0,1,0
BRF:2
BRH:0
end_of_record
TN:
SF:src\auth\auth.controller.ts
FN:10,(anonymous_4)
FN:15,(anonymous_5)
FN:20,(anonymous_6)
FN:27,(anonymous_7)
FNF:4
FNH:4
FNDA:9,(anonymous_4)
FNDA:2,(anonymous_5)
FNDA:4,(anonymous_6)
FNDA:1,(anonymous_7)
DA:1,9
DA:3,9
DA:4,9
DA:5,9
DA:6,9
DA:9,9
DA:11,9
DA:15,9
DA:16,2
DA:20,9
DA:21,4
DA:22,4
DA:27,9
DA:28,1
DA:29,1
DA:30,1
LF:16
LH:16
BRDA:28,0,0,1
BRDA:28,0,1,0
BRDA:15,1,0,9
BRDA:15,1,1,0
BRDA:15,2,0,9
BRDA:15,2,1,9
BRDA:20,3,0,9
BRDA:20,3,1,0
BRDA:20,4,0,9
BRDA:20,4,1,9
BRDA:11,5,0,9
BRDA:11,5,1,0
BRDA:11,6,0,9
BRDA:11,6,1,9
BRF:14
BRH:10
end_of_record
TN:
SF:src\auth\auth.module.ts
FN:20,(anonymous_1)
FNF:1
FNH:1
FNDA:9,(anonymous_1)
DA:1,9
DA:2,9
DA:3,9
DA:4,9
DA:5,9
DA:6,9
DA:7,9
DA:8,9
DA:9,9
DA:10,9
DA:11,9
DA:20,9
DA:31,9
LF:13
LH:13
BRDA:23,0,0,9
BRDA:23,0,1,0
BRF:2
BRH:1
end_of_record
TN:
SF:src\auth\auth.service.ts
FN:13,(anonymous_11)
FN:19,(anonymous_12)
FN:53,(anonymous_13)
FN:101,(anonymous_14)
FNF:4
FNH:4
FNDA:9,(anonymous_11)
FNDA:2,(anonymous_12)
FNDA:4,(anonymous_13)
FNDA:1,(anonymous_14)
DA:1,9
DA:2,9
DA:3,9
DA:4,9
DA:5,9
DA:7,9
DA:12,9
DA:14,9
DA:15,9
DA:16,9
DA:20,2
DA:21,2
DA:27,2
DA:28,1
DA:31,1
DA:32,1
DA:43,1
DA:45,1
DA:46,0
DA:47,0
DA:49,1
DA:54,4
DA:55,4
DA:67,4
DA:68,1
DA:71,3
DA:72,3
DA:73,1
DA:76,2
DA:77,2
DA:79,2
DA:80,2
DA:82,2
DA:93,2
DA:94,2
DA:95,0
DA:97,2
DA:102,1
DA:103,1
DA:104,0
DA:107,1
DA:109,1
DA:114,0
DA:116,0
DA:117,0
DA:120,0
LF:46
LH:38
BRDA:27,0,0,1
BRDA:27,0,1,1
BRDA:45,1,0,0
BRDA:45,1,1,1
BRDA:67,2,0,1
BRDA:67,2,1,3
BRDA:72,3,0,1
BRDA:72,3,1,2
BRDA:94,4,0,0
BRDA:94,4,1,2
BRDA:103,5,0,0
BRDA:103,5,1,1
BRDA:107,6,0,1
BRDA:107,6,1,1
BRDA:116,7,0,0
BRDA:116,7,1,0
BRDA:14,8,0,9
BRDA:14,8,1,0
BRDA:14,9,0,9
BRDA:14,9,1,9
BRDA:14,10,0,9
BRDA:14,10,1,0
BRDA:14,11,0,9
BRDA:14,11,1,9
BRDA:15,12,0,9
BRDA:15,12,1,0
BRDA:15,13,0,9
BRDA:15,13,1,9
BRF:28
BRH:20
end_of_record
TN:
SF:src\auth\dto\login.dto.ts
FNF:0
FNH:0
DA:1,9
DA:3,9
DA:6,9
DA:10,9
LF:4
LH:4
BRF:0
BRH:0
end_of_record
TN:
SF:src\auth\dto\register.dto.ts
FNF:0
FNH:0
DA:1,9
DA:2,9
DA:4,9
DA:7,9
DA:11,9
DA:15,9
DA:19,9
LF:7
LH:7
BRDA:19,0,0,0
BRDA:19,0,1,9
BRDA:19,1,0,9
BRDA:19,1,1,9
BRF:4
BRH:3
end_of_record
TN:
SF:src\auth\guards\jwt.guard.ts
FNF:0
FNH:0
DA:1,9
DA:2,9
DA:5,9
LF:3
LH:3
BRF:0
BRH:0
end_of_record
TN:
SF:src\auth\strategy\jwt.strategy.ts
FN:8,(anonymous_2)
FN:16,(anonymous_3)
FNF:2
FNH:2
FNDA:9,(anonymous_2)
FNDA:1,(anonymous_3)
DA:1,9
DA:2,9
DA:3,9
DA:7,9
DA:9,9
DA:17,1
LF:6
LH:6
BRDA:12,0,0,9
BRDA:12,0,1,9
BRF:2
BRH:2
end_of_record
TN:
SF:src\bimbingan\bimbingan.controller.ts
FN:7,(anonymous_4)
FN:13,(anonymous_5)
FN:19,(anonymous_6)
FN:26,(anonymous_7)
FN:33,(anonymous_8)
FN:38,(anonymous_9)
FN:48,(anonymous_10)
FN:54,(anonymous_11)
FNF:8
FNH:8
FNDA:9,(anonymous_4)
FNDA:5,(anonymous_5)
FNDA:4,(anonymous_6)
FNDA:4,(anonymous_7)
FNDA:12,(anonymous_8)
FNDA:6,(anonymous_9)
FNDA:6,(anonymous_10)
FNDA:31,(anonymous_11)
DA:1,9
DA:2,9
DA:3,9
DA:6,9
DA:8,9
DA:13,9
DA:14,5
DA:15,5
DA:19,9
DA:20,4
DA:21,4
DA:26,9
DA:27,4
DA:28,4
DA:33,9
DA:34,12
DA:38,9
DA:42,6
DA:43,6
DA:44,6
DA:48,9
DA:49,6
DA:50,6
DA:55,31
DA:56,0
LF:25
LH:24
BRDA:55,0,0,0
BRDA:55,0,1,31
BRDA:55,1,0,31
BRDA:55,1,1,31
BRDA:33,2,0,9
BRDA:33,2,1,0
BRDA:33,3,0,9
BRDA:33,3,1,9
BRDA:8,4,0,9
BRDA:8,4,1,0
BRDA:8,5,0,9
BRDA:8,5,1,9
BRF:12
BRH:9
end_of_record
TN:
SF:src\bimbingan\bimbingan.module.ts
FNF:0
FNH:0
DA:1,9
DA:2,9
DA:3,9
DA:4,9
DA:5,9
DA:12,9
LF:6
LH:6
BRF:0
BRH:0
end_of_record
TN:
SF:src\bimbingan\bimbingan.service.ts
FN:15,(anonymous_2)
FN:17,(anonymous_3)
FN:56,(anonymous_4)
FN:68,(anonymous_5)
FN:111,(anonymous_6)
FN:112,(anonymous_7)
FN:119,(anonymous_8)
FN:122,(anonymous_9)
FN:127,(anonymous_10)
FN:130,(anonymous_11)
FN:147,(anonymous_12)
FN:153,(anonymous_13)
FN:176,(anonymous_14)
FN:223,(anonymous_15)
FN:266,(anonymous_16)
FN:359,(anonymous_17)
FN:401,(anonymous_18)
FNF:17
FNH:16
FNDA:9,(anonymous_2)
FNDA:4,(anonymous_3)
FNDA:12,(anonymous_4)
FNDA:13,(anonymous_5)
FNDA:0,(anonymous_6)
FNDA:1,(anonymous_7)
FNDA:7,(anonymous_8)
FNDA:1,(anonymous_9)
FNDA:6,(anonymous_10)
FNDA:1,(anonymous_11)
FNDA:1,(anonymous_12)
FNDA:4,(anonymous_13)
FNDA:4,(anonymous_14)
FNDA:5,(anonymous_15)
FNDA:6,(anonymous_16)
FNDA:6,(anonymous_17)
FNDA:3,(anonymous_18)
DA:1,9
DA:9,9
DA:10,9
DA:14,9
DA:15,9
DA:18,4
DA:20,4
DA:25,4
DA:26,1
DA:29,3
DA:46,3
DA:48,1
DA:49,1
DA:50,1
DA:52,0
DA:58,12
DA:59,1
DA:62,11
DA:63,1
DA:67,10
DA:68,13
DA:71,10
DA:72,0
DA:75,10
DA:77,10
DA:86,10
DA:87,1
DA:90,9
DA:91,1
DA:94,8
DA:95,1
DA:99,7
DA:110,7
DA:111,1
DA:112,1
DA:113,1
DA:119,7
DA:120,6
DA:121,1
DA:122,1
DA:127,6
DA:128,5
DA:129,1
DA:130,1
DA:135,4
DA:146,4
DA:147,1
DA:148,1
DA:153,4
DA:161,3
DA:166,3
DA:168,7
DA:169,7
DA:170,7
DA:172,0
DA:178,4
DA:179,0
DA:182,4
DA:184,4
DA:192,4
DA:193,1
DA:196,3
DA:197,1
DA:200,2
DA:213,2
DA:215,2
DA:216,2
DA:217,2
DA:219,0
DA:225,5
DA:226,0
DA:229,5
DA:231,5
DA:239,5
DA:240,1
DA:243,4
DA:244,1
DA:247,3
DA:256,3
DA:258,2
DA:259,2
DA:260,2
DA:262,0
DA:268,6
DA:269,0
DA:272,6
DA:274,6
DA:285,6
DA:286,1
DA:289,5
DA:290,1
DA:293,4
DA:304,4
DA:305,1
DA:309,3
DA:310,1
DA:313,2
DA:316,2
DA:326,2
DA:328,1
DA:341,1
DA:346,2
DA:348,4
DA:349,4
DA:353,4
DA:355,0
DA:361,6
DA:362,0
DA:365,6
DA:367,6
DA:375,6
DA:376,1
DA:379,5
DA:380,1
DA:384,4
DA:397,4
DA:398,2
DA:401,3
DA:403,2
DA:414,2
DA:416,4
DA:417,4
DA:418,4
DA:420,0
LF:124
LH:113
BRDA:25,0,0,1
BRDA:25,0,1,3
BRDA:49,1,0,1
BRDA:49,1,1,0
BRDA:49,2,0,1
BRDA:49,2,1,0
BRDA:58,3,0,1
BRDA:58,3,1,11
BRDA:62,4,0,1
BRDA:62,4,1,10
BRDA:62,5,0,11
BRDA:62,5,1,11
BRDA:62,5,2,11
BRDA:68,6,0,13
BRDA:68,6,1,13
BRDA:68,6,2,13
BRDA:71,7,0,0
BRDA:71,7,1,10
BRDA:86,8,0,1
BRDA:86,8,1,9
BRDA:90,9,0,1
BRDA:90,9,1,8
BRDA:94,10,0,1
BRDA:94,10,1,7
BRDA:110,11,0,1
BRDA:110,11,1,6
BRDA:120,12,0,1
BRDA:120,12,1,5
BRDA:128,13,0,1
BRDA:128,13,1,4
BRDA:146,14,0,1
BRDA:146,14,1,3
BRDA:169,15,0,7
BRDA:169,15,1,0
BRDA:178,16,0,0
BRDA:178,16,1,4
BRDA:192,17,0,1
BRDA:192,17,1,3
BRDA:196,18,0,1
BRDA:196,18,1,2
BRDA:216,19,0,2
BRDA:216,19,1,0
BRDA:216,20,0,2
BRDA:216,20,1,1
BRDA:225,21,0,0
BRDA:225,21,1,5
BRDA:239,22,0,1
BRDA:239,22,1,4
BRDA:243,23,0,1
BRDA:243,23,1,3
BRDA:259,24,0,2
BRDA:259,24,1,0
BRDA:259,25,0,2
BRDA:259,25,1,1
BRDA:268,26,0,0
BRDA:268,26,1,6
BRDA:268,27,0,6
BRDA:268,27,1,6
BRDA:285,28,0,1
BRDA:285,28,1,5
BRDA:289,29,0,1
BRDA:289,29,1,4
BRDA:304,30,0,1
BRDA:304,30,1,3
BRDA:309,31,0,1
BRDA:309,31,1,2
BRDA:326,32,0,1
BRDA:326,32,1,1
BRDA:326,33,0,2
BRDA:326,33,1,1
BRDA:349,34,0,4
BRDA:349,34,1,0
BRDA:350,35,0,4
BRDA:350,35,1,1
BRDA:361,36,0,0
BRDA:361,36,1,6
BRDA:375,37,0,1
BRDA:375,37,1,5
BRDA:379,38,0,1
BRDA:379,38,1,4
BRDA:397,39,0,2
BRDA:397,39,1,2
BRDA:417,40,0,4
BRDA:417,40,1,0
BRDA:417,41,0,4
BRDA:417,41,1,1
BRDA:15,42,0,9
BRDA:15,42,1,0
BRDA:15,43,0,9
BRDA:15,43,1,9
BRF:90
BRH:77
end_of_record
TN:
SF:src\bimbingan\dto\add-mahasiswa.dto.ts
FNF:0
FNH:0
DA:1,9
DA:3,9
DA:6,9
DA:11,9
LF:4
LH:4
BRF:0
BRH:0
end_of_record
TN:
SF:src\config\app.config.ts
FNF:0
FNH:0
DA:1,0
LF:1
LH:0
BRF:0
BRH:0
end_of_record
TN:
SF:src\config\jwt.config.ts
FNF:0
FNH:0
DA:1,9
LF:1
LH:1
BRDA:2,0,0,9
BRDA:2,0,1,9
BRDA:3,1,0,9
BRDA:3,1,1,9
BRDA:4,2,0,9
BRDA:4,2,1,9
BRF:6
BRH:6
end_of_record
TN:
SF:src\general\general.controller.ts
FN:6,(anonymous_4)
FN:11,(anonymous_5)
FN:16,(anonymous_6)
FN:21,(anonymous_7)
FN:26,(anonymous_8)
FNF:5
FNH:5
FNDA:9,(anonymous_4)
FNDA:3,(anonymous_5)
FNDA:3,(anonymous_6)
FNDA:6,(anonymous_7)
FNDA:9,(anonymous_8)
DA:1,9
DA:2,9
DA:5,9
DA:7,9
DA:11,9
DA:12,3
DA:16,9
DA:17,3
DA:21,9
DA:22,6
DA:26,9
DA:27,9
LF:12
LH:12
BRDA:7,0,0,9
BRDA:7,0,1,0
BRDA:7,1,0,9
BRDA:7,1,1,9
BRF:4
BRH:3
end_of_record
TN:
SF:src\general\general.module.ts
FNF:0
FNH:0
DA:1,9
DA:2,9
DA:3,9
DA:4,9
DA:11,9
LF:5
LH:5
BRF:0
BRH:0
end_of_record
TN:
SF:src\general\general.service.ts
FN:7,(anonymous_2)
FN:11,(anonymous_3)
FN:34,(anonymous_4)
FN:62,(anonymous_5)
FN:76,(anonymous_6)
FN:90,(anonymous_7)
FN:101,(anonymous_8)
FN:108,(anonymous_9)
FN:117,(anonymous_10)
FN:131,(anonymous_11)
FN:145,(anonymous_12)
FN:158,(anonymous_13)
FN:168,(anonymous_14)
FN:181,(anonymous_15)
FN:190,(anonymous_16)
FNF:15
FNH:15
FNDA:9,(anonymous_2)
FNDA:3,(anonymous_3)
FNDA:3,(anonymous_4)
FNDA:6,(anonymous_5)
FNDA:6,(anonymous_6)
FNDA:6,(anonymous_7)
FNDA:3,(anonymous_8)
FNDA:3,(anonymous_9)
FNDA:1,(anonymous_10)
FNDA:9,(anonymous_11)
FNDA:10,(anonymous_12)
FNDA:6,(anonymous_13)
FNDA:10,(anonymous_14)
FNDA:4,(anonymous_15)
FNDA:2,(anonymous_16)
DA:1,9
DA:2,9
DA:3,9
DA:6,9
DA:8,9
DA:12,3
DA:13,3
DA:24,3
DA:26,0
DA:27,0
DA:28,0
DA:30,0
DA:35,3
DA:36,3
DA:52,3
DA:54,0
DA:55,0
DA:56,0
DA:58,0
DA:63,6
DA:64,6
DA:73,6
DA:76,6
DA:87,6
DA:90,6
DA:101,6
DA:108,6
DA:115,6
DA:117,6
DA:118,1
DA:121,6
DA:123,0
DA:124,0
DA:125,0
DA:127,0
DA:132,9
DA:133,9
DA:142,9
DA:145,10
DA:158,9
DA:165,9
DA:168,10
DA:181,9
DA:188,9
DA:190,9
DA:191,2
DA:194,9
DA:196,0
DA:197,0
DA:198,0
DA:200,0
LF:51
LH:35
BRDA:27,0,0,0
BRDA:27,0,1,0
BRDA:55,1,0,0
BRDA:55,1,1,0
BRDA:124,2,0,0
BRDA:124,2,1,0
BRDA:197,3,0,0
BRDA:197,3,1,0
BRDA:8,4,0,9
BRDA:8,4,1,0
BRDA:8,5,0,9
BRDA:8,5,1,9
BRF:12
BRH:3
end_of_record
TN:
SF:src\jadwal\jadwal.controller.ts
FN:8,(anonymous_4)
FN:13,(anonymous_5)
FN:20,(anonymous_6)
FN:25,(anonymous_7)
FN:30,(anonymous_8)
FN:39,(anonymous_9)
FN:48,(anonymous_10)
FN:57,(anonymous_11)
FNF:8
FNH:8
FNDA:9,(anonymous_4)
FNDA:3,(anonymous_5)
FNDA:3,(anonymous_6)
FNDA:2,(anonymous_7)
FNDA:2,(anonymous_8)
FNDA:1,(anonymous_9)
FNDA:1,(anonymous_10)
FNDA:1,(anonymous_11)
DA:1,9
DA:2,9
DA:3,9
DA:4,9
DA:7,9
DA:9,9
DA:13,9
DA:16,3
DA:20,9
DA:21,3
DA:25,9
DA:26,2
DA:30,9
DA:35,2
DA:39,9
DA:44,1
DA:48,9
DA:53,1
DA:57,9
DA:62,1
LF:20
LH:20
BRDA:14,0,0,9
BRDA:14,0,1,0
BRDA:14,1,0,9
BRDA:14,1,1,9
BRDA:33,2,0,9
BRDA:33,2,1,0
BRDA:33,3,0,9
BRDA:33,3,1,9
BRDA:42,4,0,9
BRDA:42,4,1,0
BRDA:42,5,0,9
BRDA:42,5,1,9
BRDA:51,6,0,9
BRDA:51,6,1,0
BRDA:51,7,0,9
BRDA:51,7,1,9
BRDA:60,8,0,9
BRDA:60,8,1,0
BRDA:60,9,0,9
BRDA:60,9,1,9
BRDA:9,10,0,9
BRDA:9,10,1,0
BRDA:9,11,0,9
BRDA:9,11,1,9
BRF:24
BRH:18
end_of_record
TN:
SF:src\jadwal\jadwal.module.ts
FNF:0
FNH:0
DA:1,9
DA:2,9
DA:3,9
DA:4,9
DA:11,9
LF:5
LH:5
BRF:0
BRH:0
end_of_record
TN:
SF:src\jadwal\jadwal.service.ts
FN:9,(anonymous_2)
FN:13,(anonymous_3)
FN:28,(anonymous_4)
FN:51,(anonymous_5)
FN:75,(anonymous_6)
FN:88,(anonymous_7)
FN:112,(anonymous_8)
FN:125,(anonymous_9)
FN:149,(anonymous_10)
FN:182,(anonymous_11)
FN:206,(anonymous_12)
FN:230,(anonymous_13)
FN:254,(anonymous_14)
FNF:13
FNH:13
FNDA:9,(anonymous_2)
FNDA:3,(anonymous_3)
FNDA:2,(anonymous_4)
FNDA:3,(anonymous_5)
FNDA:2,(anonymous_6)
FNDA:2,(anonymous_7)
FNDA:2,(anonymous_8)
FNDA:2,(anonymous_9)
FNDA:2,(anonymous_10)
FNDA:2,(anonymous_11)
FNDA:1,(anonymous_12)
FNDA:1,(anonymous_13)
FNDA:1,(anonymous_14)
DA:1,9
DA:2,9
DA:4,9
DA:8,9
DA:10,9
DA:14,3
DA:15,3
DA:24,3
DA:25,1
DA:28,2
DA:37,2
DA:41,2
DA:43,1
DA:44,1
DA:45,0
DA:47,1
DA:52,3
DA:53,3
DA:59,3
DA:68,3
DA:69,1
DA:72,2
DA:75,2
DA:88,2
DA:89,2
DA:91,2
DA:102,2
DA:104,1
DA:105,1
DA:106,0
DA:108,1
DA:113,2
DA:114,2
DA:122,2
DA:125,2
DA:149,2
DA:150,2
DA:152,2
DA:153,2
DA:155,2
DA:172,2
DA:174,0
DA:175,0
DA:176,0
DA:178,0
DA:183,2
DA:184,2
DA:196,2
DA:198,0
DA:199,0
DA:200,0
DA:202,0
DA:207,1
DA:208,1
DA:220,1
DA:222,0
DA:223,0
DA:224,0
DA:226,0
DA:231,1
DA:232,1
DA:244,1
DA:246,0
DA:247,0
DA:248,0
DA:250,0
DA:255,1
DA:256,1
DA:268,1
DA:270,0
DA:271,0
DA:272,0
DA:274,0
LF:73
LH:51
BRDA:24,0,0,1
BRDA:24,0,1,2
BRDA:44,1,0,0
BRDA:44,1,1,1
BRDA:68,2,0,1
BRDA:68,2,1,2
BRDA:105,3,0,0
BRDA:105,3,1,1
BRDA:175,4,0,0
BRDA:175,4,1,0
BRDA:199,5,0,0
BRDA:199,5,1,0
BRDA:223,6,0,0
BRDA:223,6,1,0
BRDA:247,7,0,0
BRDA:247,7,1,0
BRDA:271,8,0,0
BRDA:271,8,1,0
BRDA:10,9,0,9
BRDA:10,9,1,0
BRDA:10,10,0,9
BRDA:10,10,1,9
BRF:22
BRH:9
end_of_record
TN:
SF:src\jadwal\dto\accepted-jadwal.dto.ts
FNF:0
FNH:0
DA:1,9
DA:3,9
DA:6,9
LF:3
LH:3
BRF:0
BRH:0
end_of_record
TN:
SF:src\jadwal\dto\add-jadwal.dto.ts
FNF:0
FNH:0
DA:1,9
DA:3,9
DA:6,9
DA:10,9
DA:14,9
DA:18,9
DA:22,9
LF:7
LH:7
BRF:0
BRH:0
end_of_record
TN:
SF:src\kegiatan\kegiatan.controller.ts
FN:7,(anonymous_4)
FN:12,(anonymous_5)
FN:20,(anonymous_6)
FN:31,(anonymous_7)
FN:39,(anonymous_8)
FN:46,(anonymous_9)
FN:57,(anonymous_10)
FNF:7
FNH:7
FNDA:9,(anonymous_4)
FNDA:1,(anonymous_5)
FNDA:2,(anonymous_6)
FNDA:1,(anonymous_7)
FNDA:2,(anonymous_8)
FNDA:1,(anonymous_9)
FNDA:1,(anonymous_10)
DA:1,9
DA:2,9
DA:3,9
DA:6,9
DA:8,9
DA:12,9
DA:16,1
DA:20,9
DA:25,2
DA:26,2
DA:27,2
DA:31,9
DA:35,1
DA:39,9
DA:42,2
DA:46,9
DA:51,1
DA:52,1
DA:53,1
DA:57,9
DA:61,1
LF:21
LH:21
BRDA:14,0,0,9
BRDA:14,0,1,0
BRDA:14,1,0,9
BRDA:14,1,1,9
BRDA:8,2,0,9
BRDA:8,2,1,0
BRDA:8,3,0,9
BRDA:8,3,1,9
BRF:8
BRH:6
end_of_record
TN:
SF:src\kegiatan\kegiatan.module.ts
FNF:0
FNH:0
DA:1,9
DA:2,9
DA:3,9
DA:4,9
DA:11,9
LF:5
LH:5
BRF:0
BRH:0
end_of_record
TN:
SF:src\kegiatan\kegiatan.service.ts
FN:7,(anonymous_2)
FN:11,(anonymous_3)
FN:36,(anonymous_4)
FN:61,(anonymous_5)
FN:87,(anonymous_6)
FN:118,(anonymous_7)
FN:156,(anonymous_8)
FNF:7
FNH:7
FNDA:9,(anonymous_2)
FNDA:1,(anonymous_3)
FNDA:2,(anonymous_4)
FNDA:1,(anonymous_5)
FNDA:2,(anonymous_6)
FNDA:1,(anonymous_7)
FNDA:1,(anonymous_8)
DA:1,9
DA:2,9
DA:6,9
DA:8,9
DA:12,1
DA:13,1
DA:15,1
DA:16,1
DA:18,1
DA:29,1
DA:31,0
DA:32,0
DA:37,2
DA:38,2
DA:39,2
DA:41,2
DA:54,2
DA:56,0
DA:57,0
DA:62,1
DA:63,1
DA:64,1
DA:65,1
DA:67,1
DA:80,1
DA:82,0
DA:83,0
DA:88,2
DA:89,2
DA:95,2
DA:96,1
DA:99,1
DA:105,1
DA:110,1
DA:111,1
DA:112,1
DA:114,0
DA:119,1
DA:120,1
DA:121,1
DA:123,1
DA:131,1
DA:149,1
DA:151,0
DA:152,0
DA:157,1
DA:158,1
DA:159,1
DA:160,1
DA:162,1
DA:170,1
DA:188,1
DA:190,0
DA:191,0
LF:54
LH:43
BRDA:95,0,0,1
BRDA:95,0,1,1
BRDA:111,1,0,1
BRDA:111,1,1,0
BRDA:8,2,0,9
BRDA:8,2,1,0
BRDA:8,3,0,9
BRDA:8,3,1,9
BRF:8
BRH:6
end_of_record
TN:
SF:src\kegiatan\dto\add-kegiatan.dto.ts
FNF:0
FNH:0
DA:1,9
DA:3,9
DA:6,9
DA:10,9
DA:14,9
DA:18,9
LF:6
LH:6
BRF:0
BRH:0
end_of_record
TN:
SF:src\prisma\prisma.module.ts
FNF:0
FNH:0
DA:1,9
DA:2,9
DA:8,9
LF:3
LH:3
BRF:0
BRH:0
end_of_record
TN:
SF:src\prisma\prisma.service.ts
FN:6,(anonymous_2)
FN:10,(anonymous_3)
FN:14,(anonymous_4)
FNF:3
FNH:3
FNDA:9,(anonymous_2)
FNDA:9,(anonymous_3)
FNDA:8,(anonymous_4)
DA:1,9
DA:2,9
DA:5,9
DA:7,9
DA:11,9
DA:15,8
LF:6
LH:6
BRF:0
BRH:0
end_of_record
TN:
SF:src\profile\profil.controller.ts
FN:10,(anonymous_4)
FN:15,(anonymous_5)
FN:20,(anonymous_6)
FN:34,(anonymous_7)
FN:39,(anonymous_8)
FN:44,(anonymous_9)
FN:49,(anonymous_10)
FN:54,(anonymous_11)
FN:59,(anonymous_12)
FN:64,(anonymous_13)
FN:26,(anonymous_14)
FNF:11
FNH:9
FNDA:9,(anonymous_4)
FNDA:2,(anonymous_5)
FNDA:1,(anonymous_6)
FNDA:1,(anonymous_7)
FNDA:0,(anonymous_8)
FNDA:0,(anonymous_9)
FNDA:1,(anonymous_10)
FNDA:1,(anonymous_11)
FNDA:1,(anonymous_12)
FNDA:1,(anonymous_13)
FNDA:2,(anonymous_14)
DA:1,9
DA:2,9
DA:3,9
DA:4,9
DA:5,9
DA:6,9
DA:9,9
DA:11,9
DA:15,9
DA:16,2
DA:20,9
DA:21,1
DA:27,2
DA:28,1
DA:30,1
DA:34,9
DA:35,1
DA:39,9
DA:40,0
DA:44,9
DA:45,0
DA:49,9
DA:50,1
DA:54,9
DA:55,1
DA:59,9
DA:60,1
DA:64,9
DA:65,1
LF:29
LH:27
BRDA:27,0,0,1
BRDA:27,0,1,1
BRDA:34,1,0,0
BRDA:34,1,1,9
BRDA:34,2,0,9
BRDA:34,2,1,0
BRDA:34,2,2,0
BRDA:39,3,0,9
BRDA:39,3,1,0
BRDA:39,4,0,9
BRDA:39,4,1,9
BRDA:44,5,0,9
BRDA:44,5,1,0
BRDA:44,6,0,9
BRDA:44,6,1,9
BRDA:54,7,0,9
BRDA:54,7,1,0
BRDA:54,8,0,9
BRDA:54,8,1,9
BRDA:11,9,0,9
BRDA:11,9,1,0
BRDA:11,10,0,9
BRDA:11,10,1,9
BRF:23
BRH:16
end_of_record
TN:
SF:src\profile\profil.module.ts
FNF:0
FNH:0
DA:1,9
DA:2,9
DA:3,9
DA:4,9
DA:5,9
DA:12,9
LF:6
LH:6
BRF:0
BRH:0
end_of_record
TN:
SF:src\profile\profil.service.ts
FN:11,(anonymous_11)
FN:16,(anonymous_12)
FN:41,(anonymous_13)
FN:54,(anonymous_14)
FN:76,(anonymous_15)
FN:96,(anonymous_16)
FN:135,(anonymous_17)
FN:155,(anonymous_18)
FN:176,(anonymous_19)
FN:194,(anonymous_20)
FN:224,(anonymous_21)
FNF:11
FNH:8
FNDA:9,(anonymous_11)
FNDA:2,(anonymous_12)
FNDA:0,(anonymous_13)
FNDA:1,(anonymous_14)
FNDA:1,(anonymous_15)
FNDA:0,(anonymous_16)
FNDA:0,(anonymous_17)
FNDA:1,(anonymous_18)
FNDA:1,(anonymous_19)
FNDA:1,(anonymous_20)
FNDA:1,(anonymous_21)
DA:1,9
DA:2,9
DA:3,9
DA:5,9
DA:10,9
DA:12,9
DA:13,9
DA:17,2
DA:18,2
DA:35,2
DA:41,0
DA:44,2
DA:46,0
DA:47,0
DA:48,0
DA:50,0
DA:55,1
DA:56,1
DA:58,1
DA:66,1
DA:68,0
DA:69,0
DA:70,0
DA:72,0
DA:77,1
DA:78,1
DA:86,1
DA:88,0
DA:89,0
DA:90,0
DA:92,0
DA:97,0
DA:98,0
DA:106,0
DA:107,0
DA:108,0
DA:111,0
DA:112,0
DA:115,0
DA:117,0
DA:125,0
DA:127,0
DA:128,0
DA:129,0
DA:131,0
DA:136,0
DA:137,0
DA:145,0
DA:147,0
DA:148,0
DA:149,0
DA:151,0
DA:156,1
DA:157,1
DA:166,1
DA:168,0
DA:169,0
DA:170,0
DA:172,0
DA:177,1
DA:178,1
DA:186,0
DA:187,0
DA:188,0
DA:190,0
DA:195,1
DA:196,1
DA:205,1
DA:214,1
DA:216,0
DA:217,0
DA:218,0
DA:220,0
DA:225,1
DA:229,1
LF:75
LH:29
BRDA:47,0,0,0
BRDA:47,0,1,0
BRDA:69,1,0,0
BRDA:69,1,1,0
BRDA:86,2,0,1
BRDA:86,2,1,0
BRDA:89,3,0,0
BRDA:89,3,1,0
BRDA:107,4,0,0
BRDA:107,4,1,0
BRDA:111,5,0,0
BRDA:111,5,1,0
BRDA:128,6,0,0
BRDA:128,6,1,0
BRDA:148,7,0,0
BRDA:148,7,1,0
BRDA:169,8,0,0
BRDA:169,8,1,0
BRDA:187,9,0,0
BRDA:187,9,1,0
BRDA:217,10,0,0
BRDA:217,10,1,0
BRDA:12,11,0,9
BRDA:12,11,1,0
BRDA:12,12,0,9
BRDA:12,12,1,9
BRDA:12,13,0,9
BRDA:12,13,1,0
BRDA:12,14,0,9
BRDA:12,14,1,9
BRF:30
BRH:7
end_of_record
TN:
SF:src\profile\dto\changejudul.dto.ts
FNF:0
FNH:0
DA:1,9
DA:3,9
DA:6,9
LF:3
LH:3
BRF:0
BRH:0
end_of_record
TN:
SF:src\profile\dto\changenumber.dto.ts
FNF:0
FNH:0
DA:1,9
DA:3,9
DA:6,9
LF:3
LH:3
BRF:0
BRH:0
end_of_record
TN:
SF:src\profile\dto\changepassword.dto.ts
FNF:0
FNH:0
DA:1,9
DA:3,9
DA:6,9
DA:10,9
DA:14,9
LF:5
LH:5
BRF:0
BRH:0
end_of_record
TN:
SF:src\progress\progress.controller.ts
FN:9,(anonymous_4)
FN:24,(anonymous_5)
FN:33,(anonymous_6)
FN:38,(anonymous_7)
FN:43,(anonymous_8)
FN:48,(anonymous_9)
FN:63,(anonymous_10)
FN:15,(anonymous_11)
FN:54,(anonymous_12)
FNF:9
FNH:9
FNDA:9,(anonymous_4)
FNDA:2,(anonymous_5)
FNDA:3,(anonymous_6)
FNDA:2,(anonymous_7)
FNDA:2,(anonymous_8)
FNDA:3,(anonymous_9)
FNDA:4,(anonymous_10)
FNDA:4,(anonymous_11)
FNDA:2,(anonymous_12)
DA:1,9
DA:2,9
DA:3,9
DA:4,9
DA:5,9
DA:8,9
DA:10,9
DA:16,4
DA:18,1
DA:20,3
DA:24,9
DA:29,2
DA:33,9
DA:34,3
DA:38,9
DA:39,2
DA:43,9
DA:44,2
DA:48,9
DA:49,3
DA:55,2
DA:57,1
DA:59,1
DA:63,9
DA:68,4
LF:25
LH:25
BRDA:16,0,0,1
BRDA:16,0,1,3
BRDA:25,1,0,9
BRDA:25,1,1,0
BRDA:25,2,0,9
BRDA:25,2,1,9
BRDA:25,3,0,0
BRDA:25,3,1,9
BRDA:25,4,0,9
BRDA:25,4,1,0
BRDA:25,4,2,0
BRDA:55,5,0,1
BRDA:55,5,1,1
BRDA:65,6,0,9
BRDA:65,6,1,0
BRDA:65,7,0,9
BRDA:65,7,1,9
BRDA:65,8,0,0
BRDA:65,8,1,9
BRDA:65,9,0,9
BRDA:65,9,1,0
BRDA:65,9,2,0
BRDA:10,10,0,9
BRDA:10,10,1,0
BRDA:10,11,0,9
BRDA:10,11,1,9
BRF:26
BRH:17
end_of_record
TN:
SF:src\progress\progress.module.ts
FNF:0
FNH:0
DA:1,9
DA:2,9
DA:3,9
DA:4,9
DA:5,9
DA:12,9
LF:6
LH:6
BRF:0
BRH:0
end_of_record
TN:
SF:src\progress\progress.service.ts
FN:10,(anonymous_2)
FN:15,(anonymous_3)
FN:33,(anonymous_4)
FN:65,(anonymous_5)
FN:91,(anonymous_6)
FN:125,(anonymous_7)
FN:137,(anonymous_8)
FN:159,(anonymous_9)
FN:179,(anonymous_10)
FN:196,(anonymous_11)
FN:211,(anonymous_12)
FN:248,(anonymous_13)
FNF:12
FNH:12
FNDA:9,(anonymous_2)
FNDA:2,(anonymous_3)
FNDA:1,(anonymous_4)
FNDA:3,(anonymous_5)
FNDA:1,(anonymous_6)
FNDA:2,(anonymous_7)
FNDA:1,(anonymous_8)
FNDA:1,(anonymous_9)
FNDA:2,(anonymous_10)
FNDA:2,(anonymous_11)
FNDA:3,(anonymous_12)
FNDA:4,(anonymous_13)
DA:1,9
DA:2,9
DA:3,9
DA:4,9
DA:9,9
DA:11,9
DA:12,9
DA:16,2
DA:17,2
DA:26,2
DA:27,1
DA:30,1
DA:31,1
DA:33,1
DA:46,1
DA:51,1
DA:53,1
DA:55,1
DA:56,1
DA:58,0
DA:59,0
DA:61,0
DA:66,3
DA:67,3
DA:76,3
DA:77,1
DA:80,2
DA:91,2
DA:92,1
DA:94,1
DA:111,2
DA:113,1
DA:115,1
DA:116,1
DA:118,0
DA:119,0
DA:121,0
DA:126,2
DA:127,2
DA:133,2
DA:137,1
DA:159,2
DA:169,2
DA:171,0
DA:172,0
DA:173,0
DA:175,0
DA:180,2
DA:181,2
DA:189,2
DA:196,2
DA:201,2
DA:203,0
DA:204,0
DA:205,0
DA:207,0
DA:212,3
DA:213,3
DA:217,3
DA:218,1
DA:221,2
DA:222,1
DA:229,1
DA:235,1
DA:241,1
DA:242,1
DA:244,0
DA:253,4
DA:254,4
DA:265,4
DA:266,1
DA:269,3
DA:270,1
DA:273,2
DA:275,2
DA:276,1
DA:277,1
DA:280,2
DA:290,2
DA:291,1
DA:292,1
DA:294,1
DA:310,2
DA:319,2
DA:320,2
DA:322,0
LF:86
LH:70
BRDA:26,0,0,1
BRDA:26,0,1,1
BRDA:55,1,0,1
BRDA:55,1,1,0
BRDA:55,2,0,1
BRDA:55,2,1,0
BRDA:58,3,0,0
BRDA:58,3,1,0
BRDA:76,4,0,1
BRDA:76,4,1,2
BRDA:115,5,0,1
BRDA:115,5,1,0
BRDA:115,6,0,1
BRDA:115,6,1,0
BRDA:118,7,0,0
BRDA:118,7,1,0
BRDA:172,8,0,0
BRDA:172,8,1,0
BRDA:204,9,0,0
BRDA:204,9,1,0
BRDA:217,10,0,1
BRDA:217,10,1,2
BRDA:221,11,0,1
BRDA:221,11,1,1
BRDA:241,12,0,1
BRDA:241,12,1,0
BRDA:265,13,0,1
BRDA:265,13,1,3
BRDA:269,14,0,1
BRDA:269,14,1,2
BRDA:269,15,0,3
BRDA:269,15,1,2
BRDA:275,16,0,1
BRDA:275,16,1,1
BRDA:290,17,0,1
BRDA:290,17,1,1
BRDA:312,18,0,1
BRDA:312,18,1,1
BRDA:319,19,0,2
BRDA:319,19,1,0
BRDA:319,20,0,2
BRDA:319,20,1,1
BRDA:11,21,0,9
BRDA:11,21,1,0
BRDA:11,22,0,9
BRDA:11,22,1,9
BRDA:11,23,0,9
BRDA:11,23,1,0
BRDA:11,24,0,9
BRDA:11,24,1,9
BRF:50
BRH:34
end_of_record
TN:
SF:src\progress\dto\add-progress.dto.ts
FNF:0
FNH:0
DA:1,9
DA:3,9
DA:6,9
DA:10,9
LF:4
LH:4
BRF:0
BRH:0
end_of_record
TN:
SF:src\progress\dto\koreksi-progress.dto.ts
FNF:0
FNH:0
DA:1,9
DA:3,9
DA:6,9
DA:12,9
LF:4
LH:4
BRF:0
BRH:0
end_of_record
TN:
SF:src\riwayat\riwayat.controller.ts
FN:6,(anonymous_4)
FN:11,(anonymous_5)
FNF:2
FNH:2
FNDA:9,(anonymous_4)
FNDA:3,(anonymous_5)
DA:1,9
DA:2,9
DA:5,9
DA:7,9
DA:11,9
DA:12,3
LF:6
LH:6
BRDA:7,0,0,9
BRDA:7,0,1,0
BRDA:7,1,0,9
BRDA:7,1,1,9
BRF:4
BRH:3
end_of_record
TN:
SF:src\riwayat\riwayat.module.ts
FNF:0
FNH:0
DA:1,9
DA:2,9
DA:3,9
DA:4,9
DA:11,9
LF:5
LH:5
BRF:0
BRH:0
end_of_record
TN:
SF:src\riwayat\riwayat.service.ts
FN:7,(anonymous_2)
FN:11,(anonymous_3)
FN:42,(anonymous_4)
FN:62,(anonymous_5)
FN:71,(anonymous_6)
FNF:5
FNH:5
FNDA:9,(anonymous_2)
FNDA:3,(anonymous_3)
FNDA:1,(anonymous_4)
FNDA:1,(anonymous_5)
FNDA:1,(anonymous_6)
DA:1,9
DA:2,9
DA:3,9
DA:6,9
DA:8,9
DA:12,3
DA:14,3
DA:18,3
DA:19,1
DA:22,2
DA:30,2
DA:42,2
DA:50,2
DA:62,2
DA:70,2
DA:71,1
DA:74,2
DA:76,1
DA:77,1
DA:78,0
DA:80,1
LF:21
LH:20
BRDA:18,0,0,1
BRDA:18,0,1,2
BRDA:77,1,0,0
BRDA:77,1,1,1
BRDA:8,2,0,9
BRDA:8,2,1,0
BRDA:8,3,0,9
BRDA:8,3,1,9
BRF:8
BRH:6
end_of_record
TN:
SF:src\supabase\supabase.module.ts
FNF:0
FNH:0
DA:1,0
DA:2,0
DA:9,0
LF:3
LH:0
BRF:0
BRH:0
end_of_record
TN:
SF:src\supabase\supabase.service.ts
FN:9,(anonymous_3)
FN:18,(anonymous_4)
FN:51,(anonymous_5)
FNF:3
FNH:1
FNDA:14,(anonymous_3)
FNDA:0,(anonymous_4)
FNDA:0,(anonymous_5)
DA:1,9
DA:2,9
DA:3,9
DA:6,9
DA:10,14
DA:11,14
DA:13,14
DA:14,14
DA:19,0
DA:20,0
DA:21,0
DA:22,0
DA:23,0
DA:25,0
DA:32,0
DA:33,0
DA:34,0
DA:37,0
DA:41,0
DA:46,0
DA:47,0
DA:52,0
DA:53,0
DA:54,0
DA:55,0
DA:56,0
DA:58,0
DA:65,0
DA:66,0
DA:67,0
DA:70,0
DA:74,0
DA:76,0
DA:78,0
DA:79,0
LF:35
LH:8
BRDA:13,0,0,14
BRDA:13,0,1,0
BRDA:13,1,0,14
BRDA:13,1,1,14
BRDA:18,2,0,0
BRDA:32,3,0,0
BRDA:32,3,1,0
BRDA:51,4,0,0
BRDA:65,5,0,0
BRDA:65,5,1,0
BRF:10
BRH:3
end_of_record
TN:
SF:src\utils\jwt_token.ts
FN:17,(anonymous_2)
FN:26,(anonymous_3)
FN:35,(anonymous_4)
FN:43,(anonymous_5)
FN:51,(anonymous_6)
FNF:5
FNH:4
FNDA:9,(anonymous_2)
FNDA:2,(anonymous_3)
FNDA:2,(anonymous_4)
FNDA:2,(anonymous_5)
FNDA:0,(anonymous_6)
DA:1,9
DA:2,9
DA:3,9
DA:12,9
DA:18,9
DA:19,9
DA:21,9
DA:22,9
DA:23,9
DA:27,2
DA:32,2
DA:36,2
DA:44,2
DA:52,0
LF:14
LH:13
BRDA:21,0,0,9
BRDA:21,0,1,0
BRDA:22,1,0,9
BRDA:22,1,1,0
BRDA:23,2,0,9
BRDA:23,2,1,0
BRDA:18,3,0,9
BRDA:18,3,1,0
BRDA:18,4,0,9
BRDA:18,4,1,9
BRDA:18,5,0,9
BRDA:18,5,1,0
BRDA:18,6,0,9
BRDA:18,6,1,9
BRF:14
BRH:9
end_of_record
TN:
SF:src\utils\validate-pipe.ts
FN:5,(anonymous_1)
FNF:1
FNH:0
FNDA:0,(anonymous_1)
DA:1,0
DA:4,0
DA:6,0
DA:7,0
DA:9,0
LF:5
LH:0
BRDA:6,0,0,0
BRDA:6,0,1,0
BRDA:6,1,0,0
BRDA:6,1,1,0
BRDA:6,1,2,0
BRF:5
BRH:0
end_of_record
TN:
SF:src\utils\word_case.ts
FN:1,toTitleCase
FN:6,(anonymous_1)
FNF:2
FNH:2
FNDA:1,toTitleCase
FNDA:2,(anonymous_1)
DA:1,9
DA:2,1
DA:6,2
LF:3
LH:3
BRF:0
BRH:0
end_of_record
TN:
SF:src\validators\user.validator.ts
FN:7,(anonymous_2)
FN:11,(anonymous_3)
FNF:2
FNH:2
FNDA:9,(anonymous_2)
FNDA:2,(anonymous_3)
DA:1,9
DA:2,9
DA:6,9
DA:8,9
DA:12,2
DA:13,2
DA:19,2
DA:21,2
DA:27,0
DA:28,0
LF:10
LH:8
BRDA:19,0,0,0
BRDA:19,0,1,2
BRDA:8,1,0,9
BRDA:8,1,1,0
BRDA:8,2,0,9
BRDA:8,2,1,9
BRF:6
BRH:4
end_of_record
