TN:
SF:src\app.controller.ts
FN:6,(anonymous_2)
FN:9,(anonymous_3)
FNF:2
FNH:1
FNDA:1,(anonymous_2)
FNDA:0,(anonymous_3)
DA:1,1
DA:2,1
DA:5,1
DA:6,1
DA:9,1
DA:10,0
LF:6
LH:5
BRDA:6,0,0,1
BRDA:6,0,1,0
BRDA:6,1,0,1
BRDA:6,1,1,1
BRF:4
BRH:3
end_of_record
TN:
SF:src\app.module.ts
FN:20,(anonymous_1)
FNF:1
FNH:1
FNDA:1,(anonymous_1)
DA:1,1
DA:2,1
DA:3,1
DA:4,1
DA:5,1
DA:6,1
DA:7,1
DA:8,1
DA:9,1
DA:10,1
DA:11,1
DA:12,1
DA:13,1
DA:20,1
DA:25,1
LF:15
LH:15
BRF:0
BRH:0
end_of_record
TN:
SF:src\app.service.ts
FN:5,(anonymous_1)
FNF:1
FNH:0
FNDA:0,(anonymous_1)
DA:1,1
DA:4,1
DA:6,0
LF:3
LH:2
BRF:0
BRH:0
end_of_record
TN:
SF:src\main.ts
FN:5,bootstrap
FNF:1
FNH:0
FNDA:0,bootstrap
DA:1,0
DA:2,0
DA:6,0
DA:8,0
DA:13,0
DA:14,0
DA:15,0
DA:17,0
LF:8
LH:0
BRDA:13,0,0,0
BRDA:13,0,1,0
BRF:2
BRH:0
end_of_record
TN:
SF:src\auth\auth.controller.ts
FN:10,(anonymous_4)
FN:15,(anonymous_5)
FN:20,(anonymous_6)
FN:27,(anonymous_7)
FNF:4
FNH:1
FNDA:1,(anonymous_4)
FNDA:0,(anonymous_5)
FNDA:0,(anonymous_6)
FNDA:0,(anonymous_7)
DA:1,1
DA:3,1
DA:4,1
DA:5,1
DA:6,1
DA:9,1
DA:11,1
DA:15,1
DA:16,0
DA:20,1
DA:21,0
DA:22,0
DA:27,1
DA:28,0
DA:29,0
DA:30,0
LF:16
LH:10
BRDA:28,0,0,0
BRDA:28,0,1,0
BRDA:15,1,0,1
BRDA:15,1,1,0
BRDA:15,2,0,1
BRDA:15,2,1,1
BRDA:20,3,0,1
BRDA:20,3,1,0
BRDA:20,4,0,1
BRDA:20,4,1,1
BRDA:11,5,0,1
BRDA:11,5,1,0
BRDA:11,6,0,1
BRDA:11,6,1,1
BRF:14
BRH:9
end_of_record
TN:
SF:src\auth\auth.module.ts
FN:20,(anonymous_1)
FNF:1
FNH:1
FNDA:1,(anonymous_1)
DA:1,1
DA:2,1
DA:3,1
DA:4,1
DA:5,1
DA:6,1
DA:7,1
DA:8,1
DA:9,1
DA:10,1
DA:11,1
DA:20,1
DA:31,1
LF:13
LH:13
BRDA:23,0,0,1
BRDA:23,0,1,0
BRF:2
BRH:1
end_of_record
TN:
SF:src\auth\auth.service.ts
FN:13,(anonymous_11)
FN:19,(anonymous_12)
FN:53,(anonymous_13)
FN:101,(anonymous_14)
FNF:4
FNH:1
FNDA:1,(anonymous_11)
FNDA:0,(anonymous_12)
FNDA:0,(anonymous_13)
FNDA:0,(anonymous_14)
DA:1,1
DA:2,1
DA:3,1
DA:4,1
DA:5,1
DA:7,1
DA:12,1
DA:14,1
DA:15,1
DA:16,1
DA:20,0
DA:21,0
DA:27,0
DA:28,0
DA:31,0
DA:32,0
DA:43,0
DA:45,0
DA:46,0
DA:47,0
DA:49,0
DA:54,0
DA:55,0
DA:67,0
DA:68,0
DA:71,0
DA:72,0
DA:73,0
DA:76,0
DA:77,0
DA:79,0
DA:80,0
DA:82,0
DA:93,0
DA:94,0
DA:95,0
DA:97,0
DA:102,0
DA:103,0
DA:104,0
DA:107,0
DA:109,0
DA:114,0
DA:116,0
DA:117,0
DA:120,0
LF:46
LH:10
BRDA:27,0,0,0
BRDA:27,0,1,0
BRDA:45,1,0,0
BRDA:45,1,1,0
BRDA:67,2,0,0
BRDA:67,2,1,0
BRDA:72,3,0,0
BRDA:72,3,1,0
BRDA:94,4,0,0
BRDA:94,4,1,0
BRDA:103,5,0,0
BRDA:103,5,1,0
BRDA:107,6,0,0
BRDA:107,6,1,0
BRDA:116,7,0,0
BRDA:116,7,1,0
BRDA:14,8,0,1
BRDA:14,8,1,0
BRDA:14,9,0,1
BRDA:14,9,1,1
BRDA:14,10,0,1
BRDA:14,10,1,0
BRDA:14,11,0,1
BRDA:14,11,1,1
BRDA:15,12,0,1
BRDA:15,12,1,0
BRDA:15,13,0,1
BRDA:15,13,1,1
BRF:28
BRH:9
end_of_record
TN:
SF:src\auth\dto\login.dto.ts
FNF:0
FNH:0
DA:1,1
DA:3,1
DA:6,1
DA:10,1
LF:4
LH:4
BRF:0
BRH:0
end_of_record
TN:
SF:src\auth\dto\register.dto.ts
FNF:0
FNH:0
DA:1,1
DA:2,1
DA:4,1
DA:7,1
DA:11,1
DA:15,1
DA:19,1
LF:7
LH:7
BRDA:19,0,0,0
BRDA:19,0,1,1
BRDA:19,1,0,1
BRDA:19,1,1,1
BRF:4
BRH:3
end_of_record
TN:
SF:src\auth\guards\jwt.guard.ts
FNF:0
FNH:0
DA:1,1
DA:2,1
DA:5,1
LF:3
LH:3
BRF:0
BRH:0
end_of_record
TN:
SF:src\auth\strategy\jwt.strategy.ts
FN:8,(anonymous_2)
FN:16,(anonymous_3)
FNF:2
FNH:1
FNDA:1,(anonymous_2)
FNDA:0,(anonymous_3)
DA:1,1
DA:2,1
DA:3,1
DA:7,1
DA:9,1
DA:17,0
LF:6
LH:5
BRDA:12,0,0,1
BRDA:12,0,1,0
BRF:2
BRH:1
end_of_record
TN:
SF:src\bimbingan\bimbingan.controller.ts
FN:7,(anonymous_4)
FN:13,(anonymous_5)
FN:19,(anonymous_6)
FN:26,(anonymous_7)
FN:33,(anonymous_8)
FN:38,(anonymous_9)
FN:48,(anonymous_10)
FN:54,(anonymous_11)
FNF:8
FNH:1
FNDA:1,(anonymous_4)
FNDA:0,(anonymous_5)
FNDA:0,(anonymous_6)
FNDA:0,(anonymous_7)
FNDA:0,(anonymous_8)
FNDA:0,(anonymous_9)
FNDA:0,(anonymous_10)
FNDA:0,(anonymous_11)
DA:1,1
DA:2,1
DA:3,1
DA:6,1
DA:8,1
DA:13,1
DA:14,0
DA:15,0
DA:19,1
DA:20,0
DA:21,0
DA:26,1
DA:27,0
DA:28,0
DA:33,1
DA:34,0
DA:38,1
DA:42,0
DA:43,0
DA:44,0
DA:48,1
DA:49,0
DA:50,0
DA:55,0
DA:56,0
LF:25
LH:11
BRDA:55,0,0,0
BRDA:55,0,1,0
BRDA:55,1,0,0
BRDA:55,1,1,0
BRDA:33,2,0,1
BRDA:33,2,1,0
BRDA:33,3,0,1
BRDA:33,3,1,1
BRDA:8,4,0,1
BRDA:8,4,1,0
BRDA:8,5,0,1
BRDA:8,5,1,1
BRF:12
BRH:6
end_of_record
TN:
SF:src\bimbingan\bimbingan.module.ts
FNF:0
FNH:0
DA:1,1
DA:2,1
DA:3,1
DA:4,1
DA:5,1
DA:12,1
LF:6
LH:6
BRF:0
BRH:0
end_of_record
TN:
SF:src\bimbingan\bimbingan.service.ts
FN:15,(anonymous_2)
FN:17,(anonymous_3)
FN:56,(anonymous_4)
FN:68,(anonymous_5)
FN:111,(anonymous_6)
FN:112,(anonymous_7)
FN:119,(anonymous_8)
FN:122,(anonymous_9)
FN:127,(anonymous_10)
FN:130,(anonymous_11)
FN:147,(anonymous_12)
FN:153,(anonymous_13)
FN:176,(anonymous_14)
FN:223,(anonymous_15)
FN:266,(anonymous_16)
FN:359,(anonymous_17)
FN:401,(anonymous_18)
FNF:17
FNH:1
FNDA:1,(anonymous_2)
FNDA:0,(anonymous_3)
FNDA:0,(anonymous_4)
FNDA:0,(anonymous_5)
FNDA:0,(anonymous_6)
FNDA:0,(anonymous_7)
FNDA:0,(anonymous_8)
FNDA:0,(anonymous_9)
FNDA:0,(anonymous_10)
FNDA:0,(anonymous_11)
FNDA:0,(anonymous_12)
FNDA:0,(anonymous_13)
FNDA:0,(anonymous_14)
FNDA:0,(anonymous_15)
FNDA:0,(anonymous_16)
FNDA:0,(anonymous_17)
FNDA:0,(anonymous_18)
DA:1,1
DA:9,1
DA:10,1
DA:14,1
DA:15,1
DA:18,0
DA:20,0
DA:25,0
DA:26,0
DA:29,0
DA:46,0
DA:48,0
DA:49,0
DA:50,0
DA:52,0
DA:58,0
DA:59,0
DA:62,0
DA:63,0
DA:67,0
DA:68,0
DA:71,0
DA:72,0
DA:75,0
DA:77,0
DA:86,0
DA:87,0
DA:90,0
DA:91,0
DA:94,0
DA:95,0
DA:99,0
DA:110,0
DA:111,0
DA:112,0
DA:113,0
DA:119,0
DA:120,0
DA:121,0
DA:122,0
DA:127,0
DA:128,0
DA:129,0
DA:130,0
DA:135,0
DA:146,0
DA:147,0
DA:148,0
DA:153,0
DA:161,0
DA:166,0
DA:168,0
DA:169,0
DA:170,0
DA:172,0
DA:178,0
DA:179,0
DA:182,0
DA:184,0
DA:192,0
DA:193,0
DA:196,0
DA:197,0
DA:200,0
DA:213,0
DA:215,0
DA:216,0
DA:217,0
DA:219,0
DA:225,0
DA:226,0
DA:229,0
DA:231,0
DA:239,0
DA:240,0
DA:243,0
DA:244,0
DA:247,0
DA:256,0
DA:258,0
DA:259,0
DA:260,0
DA:262,0
DA:268,0
DA:269,0
DA:272,0
DA:274,0
DA:285,0
DA:286,0
DA:289,0
DA:290,0
DA:293,0
DA:304,0
DA:305,0
DA:309,0
DA:310,0
DA:313,0
DA:316,0
DA:326,0
DA:328,0
DA:341,0
DA:346,0
DA:348,0
DA:349,0
DA:353,0
DA:355,0
DA:361,0
DA:362,0
DA:365,0
DA:367,0
DA:375,0
DA:376,0
DA:379,0
DA:380,0
DA:384,0
DA:397,0
DA:398,0
DA:401,0
DA:403,0
DA:414,0
DA:416,0
DA:417,0
DA:418,0
DA:420,0
LF:124
LH:5
BRDA:25,0,0,0
BRDA:25,0,1,0
BRDA:49,1,0,0
BRDA:49,1,1,0
BRDA:49,2,0,0
BRDA:49,2,1,0
BRDA:58,3,0,0
BRDA:58,3,1,0
BRDA:62,4,0,0
BRDA:62,4,1,0
BRDA:62,5,0,0
BRDA:62,5,1,0
BRDA:62,5,2,0
BRDA:68,6,0,0
BRDA:68,6,1,0
BRDA:68,6,2,0
BRDA:71,7,0,0
BRDA:71,7,1,0
BRDA:86,8,0,0
BRDA:86,8,1,0
BRDA:90,9,0,0
BRDA:90,9,1,0
BRDA:94,10,0,0
BRDA:94,10,1,0
BRDA:110,11,0,0
BRDA:110,11,1,0
BRDA:120,12,0,0
BRDA:120,12,1,0
BRDA:128,13,0,0
BRDA:128,13,1,0
BRDA:146,14,0,0
BRDA:146,14,1,0
BRDA:169,15,0,0
BRDA:169,15,1,0
BRDA:178,16,0,0
BRDA:178,16,1,0
BRDA:192,17,0,0
BRDA:192,17,1,0
BRDA:196,18,0,0
BRDA:196,18,1,0
BRDA:216,19,0,0
BRDA:216,19,1,0
BRDA:216,20,0,0
BRDA:216,20,1,0
BRDA:225,21,0,0
BRDA:225,21,1,0
BRDA:239,22,0,0
BRDA:239,22,1,0
BRDA:243,23,0,0
BRDA:243,23,1,0
BRDA:259,24,0,0
BRDA:259,24,1,0
BRDA:259,25,0,0
BRDA:259,25,1,0
BRDA:268,26,0,0
BRDA:268,26,1,0
BRDA:268,27,0,0
BRDA:268,27,1,0
BRDA:285,28,0,0
BRDA:285,28,1,0
BRDA:289,29,0,0
BRDA:289,29,1,0
BRDA:304,30,0,0
BRDA:304,30,1,0
BRDA:309,31,0,0
BRDA:309,31,1,0
BRDA:326,32,0,0
BRDA:326,32,1,0
BRDA:326,33,0,0
BRDA:326,33,1,0
BRDA:349,34,0,0
BRDA:349,34,1,0
BRDA:350,35,0,0
BRDA:350,35,1,0
BRDA:361,36,0,0
BRDA:361,36,1,0
BRDA:375,37,0,0
BRDA:375,37,1,0
BRDA:379,38,0,0
BRDA:379,38,1,0
BRDA:397,39,0,0
BRDA:397,39,1,0
BRDA:417,40,0,0
BRDA:417,40,1,0
BRDA:417,41,0,0
BRDA:417,41,1,0
BRDA:15,42,0,1
BRDA:15,42,1,0
BRDA:15,43,0,1
BRDA:15,43,1,1
BRF:90
BRH:3
end_of_record
TN:
SF:src\bimbingan\dto\add-mahasiswa.dto.ts
FNF:0
FNH:0
DA:1,1
DA:3,1
DA:6,1
DA:11,1
LF:4
LH:4
BRF:0
BRH:0
end_of_record
TN:
SF:src\config\app.config.ts
FNF:0
FNH:0
DA:1,0
LF:1
LH:0
BRF:0
BRH:0
end_of_record
TN:
SF:src\config\jwt.config.ts
FNF:0
FNH:0
DA:1,1
LF:1
LH:1
BRDA:2,0,0,1
BRDA:2,0,1,0
BRDA:3,1,0,1
BRDA:3,1,1,0
BRDA:4,2,0,1
BRDA:4,2,1,0
BRF:6
BRH:3
end_of_record
TN:
SF:src\general\general.controller.ts
FN:6,(anonymous_4)
FN:11,(anonymous_5)
FN:16,(anonymous_6)
FN:21,(anonymous_7)
FN:26,(anonymous_8)
FNF:5
FNH:1
FNDA:1,(anonymous_4)
FNDA:0,(anonymous_5)
FNDA:0,(anonymous_6)
FNDA:0,(anonymous_7)
FNDA:0,(anonymous_8)
DA:1,1
DA:2,1
DA:5,1
DA:7,1
DA:11,1
DA:12,0
DA:16,1
DA:17,0
DA:21,1
DA:22,0
DA:26,1
DA:27,0
LF:12
LH:8
BRDA:7,0,0,1
BRDA:7,0,1,0
BRDA:7,1,0,1
BRDA:7,1,1,1
BRF:4
BRH:3
end_of_record
TN:
SF:src\general\general.module.ts
FNF:0
FNH:0
DA:1,1
DA:2,1
DA:3,1
DA:4,1
DA:11,1
LF:5
LH:5
BRF:0
BRH:0
end_of_record
TN:
SF:src\general\general.service.ts
FN:7,(anonymous_2)
FN:11,(anonymous_3)
FN:34,(anonymous_4)
FN:62,(anonymous_5)
FN:76,(anonymous_6)
FN:90,(anonymous_7)
FN:101,(anonymous_8)
FN:108,(anonymous_9)
FN:117,(anonymous_10)
FN:131,(anonymous_11)
FN:145,(anonymous_12)
FN:158,(anonymous_13)
FN:168,(anonymous_14)
FN:181,(anonymous_15)
FN:190,(anonymous_16)
FNF:15
FNH:1
FNDA:1,(anonymous_2)
FNDA:0,(anonymous_3)
FNDA:0,(anonymous_4)
FNDA:0,(anonymous_5)
FNDA:0,(anonymous_6)
FNDA:0,(anonymous_7)
FNDA:0,(anonymous_8)
FNDA:0,(anonymous_9)
FNDA:0,(anonymous_10)
FNDA:0,(anonymous_11)
FNDA:0,(anonymous_12)
FNDA:0,(anonymous_13)
FNDA:0,(anonymous_14)
FNDA:0,(anonymous_15)
FNDA:0,(anonymous_16)
DA:1,1
DA:2,1
DA:3,1
DA:6,1
DA:8,1
DA:12,0
DA:13,0
DA:24,0
DA:26,0
DA:27,0
DA:28,0
DA:30,0
DA:35,0
DA:36,0
DA:52,0
DA:54,0
DA:55,0
DA:56,0
DA:58,0
DA:63,0
DA:64,0
DA:73,0
DA:76,0
DA:87,0
DA:90,0
DA:101,0
DA:108,0
DA:115,0
DA:117,0
DA:118,0
DA:121,0
DA:123,0
DA:124,0
DA:125,0
DA:127,0
DA:132,0
DA:133,0
DA:142,0
DA:145,0
DA:158,0
DA:165,0
DA:168,0
DA:181,0
DA:188,0
DA:190,0
DA:191,0
DA:194,0
DA:196,0
DA:197,0
DA:198,0
DA:200,0
LF:51
LH:5
BRDA:27,0,0,0
BRDA:27,0,1,0
BRDA:55,1,0,0
BRDA:55,1,1,0
BRDA:124,2,0,0
BRDA:124,2,1,0
BRDA:197,3,0,0
BRDA:197,3,1,0
BRDA:8,4,0,1
BRDA:8,4,1,0
BRDA:8,5,0,1
BRDA:8,5,1,1
BRF:12
BRH:3
end_of_record
TN:
SF:src\jadwal\jadwal.controller.ts
FN:8,(anonymous_4)
FN:13,(anonymous_5)
FN:20,(anonymous_6)
FN:25,(anonymous_7)
FN:30,(anonymous_8)
FN:39,(anonymous_9)
FN:48,(anonymous_10)
FN:57,(anonymous_11)
FNF:8
FNH:1
FNDA:1,(anonymous_4)
FNDA:0,(anonymous_5)
FNDA:0,(anonymous_6)
FNDA:0,(anonymous_7)
FNDA:0,(anonymous_8)
FNDA:0,(anonymous_9)
FNDA:0,(anonymous_10)
FNDA:0,(anonymous_11)
DA:1,1
DA:2,1
DA:3,1
DA:4,1
DA:7,1
DA:9,1
DA:13,1
DA:16,0
DA:20,1
DA:21,0
DA:25,1
DA:26,0
DA:30,1
DA:35,0
DA:39,1
DA:44,0
DA:48,1
DA:53,0
DA:57,1
DA:62,0
LF:20
LH:13
BRDA:14,0,0,1
BRDA:14,0,1,0
BRDA:14,1,0,1
BRDA:14,1,1,1
BRDA:33,2,0,1
BRDA:33,2,1,0
BRDA:33,3,0,1
BRDA:33,3,1,1
BRDA:42,4,0,1
BRDA:42,4,1,0
BRDA:42,5,0,1
BRDA:42,5,1,1
BRDA:51,6,0,1
BRDA:51,6,1,0
BRDA:51,7,0,1
BRDA:51,7,1,1
BRDA:60,8,0,1
BRDA:60,8,1,0
BRDA:60,9,0,1
BRDA:60,9,1,1
BRDA:9,10,0,1
BRDA:9,10,1,0
BRDA:9,11,0,1
BRDA:9,11,1,1
BRF:24
BRH:18
end_of_record
TN:
SF:src\jadwal\jadwal.module.ts
FNF:0
FNH:0
DA:1,1
DA:2,1
DA:3,1
DA:4,1
DA:11,1
LF:5
LH:5
BRF:0
BRH:0
end_of_record
TN:
SF:src\jadwal\jadwal.service.ts
FN:9,(anonymous_2)
FN:13,(anonymous_3)
FN:28,(anonymous_4)
FN:51,(anonymous_5)
FN:75,(anonymous_6)
FN:88,(anonymous_7)
FN:112,(anonymous_8)
FN:125,(anonymous_9)
FN:149,(anonymous_10)
FN:182,(anonymous_11)
FN:206,(anonymous_12)
FN:230,(anonymous_13)
FN:254,(anonymous_14)
FNF:13
FNH:1
FNDA:1,(anonymous_2)
FNDA:0,(anonymous_3)
FNDA:0,(anonymous_4)
FNDA:0,(anonymous_5)
FNDA:0,(anonymous_6)
FNDA:0,(anonymous_7)
FNDA:0,(anonymous_8)
FNDA:0,(anonymous_9)
FNDA:0,(anonymous_10)
FNDA:0,(anonymous_11)
FNDA:0,(anonymous_12)
FNDA:0,(anonymous_13)
FNDA:0,(anonymous_14)
DA:1,1
DA:2,1
DA:4,1
DA:8,1
DA:10,1
DA:14,0
DA:15,0
DA:24,0
DA:25,0
DA:28,0
DA:37,0
DA:41,0
DA:43,0
DA:44,0
DA:45,0
DA:47,0
DA:52,0
DA:53,0
DA:59,0
DA:68,0
DA:69,0
DA:72,0
DA:75,0
DA:88,0
DA:89,0
DA:91,0
DA:102,0
DA:104,0
DA:105,0
DA:106,0
DA:108,0
DA:113,0
DA:114,0
DA:122,0
DA:125,0
DA:149,0
DA:150,0
DA:152,0
DA:153,0
DA:155,0
DA:172,0
DA:174,0
DA:175,0
DA:176,0
DA:178,0
DA:183,0
DA:184,0
DA:196,0
DA:198,0
DA:199,0
DA:200,0
DA:202,0
DA:207,0
DA:208,0
DA:220,0
DA:222,0
DA:223,0
DA:224,0
DA:226,0
DA:231,0
DA:232,0
DA:244,0
DA:246,0
DA:247,0
DA:248,0
DA:250,0
DA:255,0
DA:256,0
DA:268,0
DA:270,0
DA:271,0
DA:272,0
DA:274,0
LF:73
LH:5
BRDA:24,0,0,0
BRDA:24,0,1,0
BRDA:44,1,0,0
BRDA:44,1,1,0
BRDA:68,2,0,0
BRDA:68,2,1,0
BRDA:105,3,0,0
BRDA:105,3,1,0
BRDA:175,4,0,0
BRDA:175,4,1,0
BRDA:199,5,0,0
BRDA:199,5,1,0
BRDA:223,6,0,0
BRDA:223,6,1,0
BRDA:247,7,0,0
BRDA:247,7,1,0
BRDA:271,8,0,0
BRDA:271,8,1,0
BRDA:10,9,0,1
BRDA:10,9,1,0
BRDA:10,10,0,1
BRDA:10,10,1,1
BRF:22
BRH:3
end_of_record
TN:
SF:src\jadwal\dto\accepted-jadwal.dto.ts
FNF:0
FNH:0
DA:1,1
DA:3,1
DA:6,1
LF:3
LH:3
BRF:0
BRH:0
end_of_record
TN:
SF:src\jadwal\dto\add-jadwal.dto.ts
FNF:0
FNH:0
DA:1,1
DA:3,1
DA:6,1
DA:10,1
DA:14,1
DA:18,1
DA:22,1
LF:7
LH:7
BRF:0
BRH:0
end_of_record
TN:
SF:src\kegiatan\kegiatan.controller.ts
FN:7,(anonymous_4)
FN:12,(anonymous_5)
FN:20,(anonymous_6)
FN:31,(anonymous_7)
FN:39,(anonymous_8)
FN:46,(anonymous_9)
FN:57,(anonymous_10)
FNF:7
FNH:1
FNDA:1,(anonymous_4)
FNDA:0,(anonymous_5)
FNDA:0,(anonymous_6)
FNDA:0,(anonymous_7)
FNDA:0,(anonymous_8)
FNDA:0,(anonymous_9)
FNDA:0,(anonymous_10)
DA:1,1
DA:2,1
DA:3,1
DA:6,1
DA:8,1
DA:12,1
DA:16,0
DA:20,1
DA:25,0
DA:26,0
DA:27,0
DA:31,1
DA:35,0
DA:39,1
DA:42,0
DA:46,1
DA:51,0
DA:52,0
DA:53,0
DA:57,1
DA:61,0
LF:21
LH:11
BRDA:14,0,0,1
BRDA:14,0,1,0
BRDA:14,1,0,1
BRDA:14,1,1,1
BRDA:8,2,0,1
BRDA:8,2,1,0
BRDA:8,3,0,1
BRDA:8,3,1,1
BRF:8
BRH:6
end_of_record
TN:
SF:src\kegiatan\kegiatan.module.ts
FNF:0
FNH:0
DA:1,1
DA:2,1
DA:3,1
DA:4,1
DA:11,1
LF:5
LH:5
BRF:0
BRH:0
end_of_record
TN:
SF:src\kegiatan\kegiatan.service.ts
FN:7,(anonymous_2)
FN:11,(anonymous_3)
FN:36,(anonymous_4)
FN:61,(anonymous_5)
FN:87,(anonymous_6)
FN:118,(anonymous_7)
FN:156,(anonymous_8)
FNF:7
FNH:1
FNDA:1,(anonymous_2)
FNDA:0,(anonymous_3)
FNDA:0,(anonymous_4)
FNDA:0,(anonymous_5)
FNDA:0,(anonymous_6)
FNDA:0,(anonymous_7)
FNDA:0,(anonymous_8)
DA:1,1
DA:2,1
DA:6,1
DA:8,1
DA:12,0
DA:13,0
DA:15,0
DA:16,0
DA:18,0
DA:29,0
DA:31,0
DA:32,0
DA:37,0
DA:38,0
DA:39,0
DA:41,0
DA:54,0
DA:56,0
DA:57,0
DA:62,0
DA:63,0
DA:64,0
DA:65,0
DA:67,0
DA:80,0
DA:82,0
DA:83,0
DA:88,0
DA:89,0
DA:95,0
DA:96,0
DA:99,0
DA:105,0
DA:110,0
DA:111,0
DA:112,0
DA:114,0
DA:119,0
DA:120,0
DA:121,0
DA:123,0
DA:131,0
DA:149,0
DA:151,0
DA:152,0
DA:157,0
DA:158,0
DA:159,0
DA:160,0
DA:162,0
DA:170,0
DA:188,0
DA:190,0
DA:191,0
LF:54
LH:4
BRDA:95,0,0,0
BRDA:95,0,1,0
BRDA:111,1,0,0
BRDA:111,1,1,0
BRDA:8,2,0,1
BRDA:8,2,1,0
BRDA:8,3,0,1
BRDA:8,3,1,1
BRF:8
BRH:3
end_of_record
TN:
SF:src\kegiatan\dto\add-kegiatan.dto.ts
FNF:0
FNH:0
DA:1,1
DA:3,1
DA:6,1
DA:10,1
DA:14,1
DA:18,1
LF:6
LH:6
BRF:0
BRH:0
end_of_record
TN:
SF:src\prisma\prisma.module.ts
FNF:0
FNH:0
DA:1,1
DA:2,1
DA:8,1
LF:3
LH:3
BRF:0
BRH:0
end_of_record
TN:
SF:src\prisma\prisma.service.ts
FN:6,(anonymous_2)
FN:10,(anonymous_3)
FN:14,(anonymous_4)
FNF:3
FNH:3
FNDA:1,(anonymous_2)
FNDA:1,(anonymous_3)
FNDA:1,(anonymous_4)
DA:1,1
DA:2,1
DA:5,1
DA:7,1
DA:11,1
DA:15,1
LF:6
LH:6
BRF:0
BRH:0
end_of_record
TN:
SF:src\profile\profil.controller.ts
FN:10,(anonymous_4)
FN:15,(anonymous_5)
FN:20,(anonymous_6)
FN:34,(anonymous_7)
FN:39,(anonymous_8)
FN:44,(anonymous_9)
FN:49,(anonymous_10)
FN:54,(anonymous_11)
FN:59,(anonymous_12)
FN:64,(anonymous_13)
FN:26,(anonymous_14)
FNF:11
FNH:1
FNDA:1,(anonymous_4)
FNDA:0,(anonymous_5)
FNDA:0,(anonymous_6)
FNDA:0,(anonymous_7)
FNDA:0,(anonymous_8)
FNDA:0,(anonymous_9)
FNDA:0,(anonymous_10)
FNDA:0,(anonymous_11)
FNDA:0,(anonymous_12)
FNDA:0,(anonymous_13)
FNDA:0,(anonymous_14)
DA:1,1
DA:2,1
DA:3,1
DA:4,1
DA:5,1
DA:6,1
DA:9,1
DA:11,1
DA:15,1
DA:16,0
DA:20,1
DA:21,0
DA:27,0
DA:28,0
DA:30,0
DA:34,1
DA:35,0
DA:39,1
DA:40,0
DA:44,1
DA:45,0
DA:49,1
DA:50,0
DA:54,1
DA:55,0
DA:59,1
DA:60,0
DA:64,1
DA:65,0
LF:29
LH:17
BRDA:27,0,0,0
BRDA:27,0,1,0
BRDA:34,1,0,0
BRDA:34,1,1,1
BRDA:34,2,0,1
BRDA:34,2,1,0
BRDA:34,2,2,0
BRDA:39,3,0,1
BRDA:39,3,1,0
BRDA:39,4,0,1
BRDA:39,4,1,1
BRDA:44,5,0,1
BRDA:44,5,1,0
BRDA:44,6,0,1
BRDA:44,6,1,1
BRDA:54,7,0,1
BRDA:54,7,1,0
BRDA:54,8,0,1
BRDA:54,8,1,1
BRDA:11,9,0,1
BRDA:11,9,1,0
BRDA:11,10,0,1
BRDA:11,10,1,1
BRF:23
BRH:14
end_of_record
TN:
SF:src\profile\profil.module.ts
FNF:0
FNH:0
DA:1,1
DA:2,1
DA:3,1
DA:4,1
DA:5,1
DA:12,1
LF:6
LH:6
BRF:0
BRH:0
end_of_record
TN:
SF:src\profile\profil.service.ts
FN:11,(anonymous_11)
FN:16,(anonymous_12)
FN:41,(anonymous_13)
FN:54,(anonymous_14)
FN:76,(anonymous_15)
FN:96,(anonymous_16)
FN:135,(anonymous_17)
FN:155,(anonymous_18)
FN:176,(anonymous_19)
FN:214,(anonymous_20)
FN:244,(anonymous_21)
FNF:11
FNH:1
FNDA:1,(anonymous_11)
FNDA:0,(anonymous_12)
FNDA:0,(anonymous_13)
FNDA:0,(anonymous_14)
FNDA:0,(anonymous_15)
FNDA:0,(anonymous_16)
FNDA:0,(anonymous_17)
FNDA:0,(anonymous_18)
FNDA:0,(anonymous_19)
FNDA:0,(anonymous_20)
FNDA:0,(anonymous_21)
DA:1,1
DA:2,1
DA:3,1
DA:5,1
DA:10,1
DA:12,1
DA:13,1
DA:17,0
DA:18,0
DA:35,0
DA:41,0
DA:44,0
DA:46,0
DA:47,0
DA:48,0
DA:50,0
DA:55,0
DA:56,0
DA:58,0
DA:66,0
DA:68,0
DA:69,0
DA:70,0
DA:72,0
DA:77,0
DA:78,0
DA:86,0
DA:88,0
DA:89,0
DA:90,0
DA:92,0
DA:97,0
DA:98,0
DA:106,0
DA:107,0
DA:108,0
DA:111,0
DA:112,0
DA:115,0
DA:117,0
DA:125,0
DA:127,0
DA:128,0
DA:129,0
DA:131,0
DA:136,0
DA:137,0
DA:145,0
DA:147,0
DA:148,0
DA:149,0
DA:151,0
DA:156,0
DA:157,0
DA:166,0
DA:168,0
DA:169,0
DA:170,0
DA:172,0
DA:177,0
DA:179,0
DA:186,0
DA:187,0
DA:193,0
DA:202,0
DA:206,0
DA:207,0
DA:208,0
DA:210,0
DA:215,0
DA:216,0
DA:225,0
DA:234,0
DA:236,0
DA:237,0
DA:238,0
DA:240,0
DA:245,0
DA:249,0
LF:79
LH:7
BRDA:47,0,0,0
BRDA:47,0,1,0
BRDA:69,1,0,0
BRDA:69,1,1,0
BRDA:86,2,0,0
BRDA:86,2,1,0
BRDA:89,3,0,0
BRDA:89,3,1,0
BRDA:107,4,0,0
BRDA:107,4,1,0
BRDA:111,5,0,0
BRDA:111,5,1,0
BRDA:128,6,0,0
BRDA:128,6,1,0
BRDA:148,7,0,0
BRDA:148,7,1,0
BRDA:169,8,0,0
BRDA:169,8,1,0
BRDA:186,9,0,0
BRDA:186,9,1,0
BRDA:207,10,0,0
BRDA:207,10,1,0
BRDA:237,11,0,0
BRDA:237,11,1,0
BRDA:12,12,0,1
BRDA:12,12,1,0
BRDA:12,13,0,1
BRDA:12,13,1,1
BRDA:12,14,0,1
BRDA:12,14,1,0
BRDA:12,15,0,1
BRDA:12,15,1,1
BRF:32
BRH:6
end_of_record
TN:
SF:src\profile\dto\changejudul.dto.ts
FNF:0
FNH:0
DA:1,1
DA:3,1
DA:6,1
LF:3
LH:3
BRF:0
BRH:0
end_of_record
TN:
SF:src\profile\dto\changenumber.dto.ts
FNF:0
FNH:0
DA:1,1
DA:3,1
DA:6,1
LF:3
LH:3
BRF:0
BRH:0
end_of_record
TN:
SF:src\profile\dto\changepassword.dto.ts
FNF:0
FNH:0
DA:1,1
DA:3,1
DA:6,1
DA:10,1
DA:14,1
LF:5
LH:5
BRF:0
BRH:0
end_of_record
TN:
SF:src\progress\progress.controller.ts
FN:10,(anonymous_4)
FN:18,(anonymous_5)
FN:27,(anonymous_6)
FN:32,(anonymous_7)
FN:37,(anonymous_8)
FN:42,(anonymous_9)
FN:56,(anonymous_10)
FN:48,(anonymous_11)
FNF:8
FNH:1
FNDA:1,(anonymous_4)
FNDA:0,(anonymous_5)
FNDA:0,(anonymous_6)
FNDA:0,(anonymous_7)
FNDA:0,(anonymous_8)
FNDA:0,(anonymous_9)
FNDA:0,(anonymous_10)
FNDA:0,(anonymous_11)
DA:1,1
DA:2,1
DA:3,1
DA:4,1
DA:5,1
DA:6,1
DA:9,1
DA:11,1
DA:18,1
DA:23,0
DA:27,1
DA:28,0
DA:32,1
DA:33,0
DA:37,1
DA:38,0
DA:42,1
DA:43,0
DA:49,0
DA:50,0
DA:52,0
DA:56,1
DA:61,0
LF:23
LH:14
BRDA:19,0,0,1
BRDA:19,0,1,0
BRDA:19,1,0,1
BRDA:19,1,1,1
BRDA:19,2,0,0
BRDA:19,2,1,1
BRDA:19,3,0,1
BRDA:19,3,1,0
BRDA:19,3,2,0
BRDA:49,4,0,0
BRDA:49,4,1,0
BRDA:58,5,0,1
BRDA:58,5,1,0
BRDA:58,6,0,1
BRDA:58,6,1,1
BRDA:58,7,0,0
BRDA:58,7,1,1
BRDA:58,8,0,1
BRDA:58,8,1,0
BRDA:58,8,2,0
BRDA:11,9,0,1
BRDA:11,9,1,0
BRDA:11,10,0,1
BRDA:11,10,1,1
BRF:24
BRH:13
end_of_record
TN:
SF:src\progress\progress.module.ts
FNF:0
FNH:0
DA:1,1
DA:2,1
DA:3,1
DA:4,1
DA:5,1
DA:12,1
LF:6
LH:6
BRF:0
BRH:0
end_of_record
TN:
SF:src\progress\progress.service.ts
FN:10,(anonymous_2)
FN:15,(anonymous_3)
FN:33,(anonymous_4)
FN:65,(anonymous_5)
FN:101,(anonymous_6)
FN:138,(anonymous_7)
FN:150,(anonymous_8)
FN:178,(anonymous_9)
FN:204,(anonymous_10)
FN:221,(anonymous_11)
FN:236,(anonymous_12)
FN:285,(anonymous_13)
FNF:12
FNH:1
FNDA:1,(anonymous_2)
FNDA:0,(anonymous_3)
FNDA:0,(anonymous_4)
FNDA:0,(anonymous_5)
FNDA:0,(anonymous_6)
FNDA:0,(anonymous_7)
FNDA:0,(anonymous_8)
FNDA:0,(anonymous_9)
FNDA:0,(anonymous_10)
FNDA:0,(anonymous_11)
FNDA:0,(anonymous_12)
FNDA:0,(anonymous_13)
DA:1,1
DA:2,1
DA:3,1
DA:4,1
DA:9,1
DA:11,1
DA:12,1
DA:16,0
DA:17,0
DA:26,0
DA:27,0
DA:30,0
DA:31,0
DA:33,0
DA:46,0
DA:51,0
DA:53,0
DA:55,0
DA:56,0
DA:58,0
DA:59,0
DA:61,0
DA:66,0
DA:67,0
DA:76,0
DA:77,0
DA:80,0
DA:101,0
DA:102,0
DA:104,0
DA:124,0
DA:126,0
DA:128,0
DA:129,0
DA:131,0
DA:132,0
DA:134,0
DA:139,0
DA:140,0
DA:146,0
DA:150,0
DA:178,0
DA:194,0
DA:196,0
DA:197,0
DA:198,0
DA:200,0
DA:205,0
DA:206,0
DA:214,0
DA:221,0
DA:226,0
DA:228,0
DA:229,0
DA:230,0
DA:232,0
DA:237,0
DA:238,0
DA:240,0
DA:244,0
DA:246,0
DA:247,0
DA:251,0
DA:252,0
DA:259,0
DA:261,0
DA:268,0
DA:275,0
DA:277,0
DA:278,0
DA:281,0
DA:290,0
DA:291,0
DA:292,0
DA:293,0
DA:295,0
DA:306,0
DA:307,0
DA:311,0
DA:312,0
DA:315,0
DA:318,0
DA:319,0
DA:320,0
DA:321,0
DA:322,0
DA:326,0
DA:336,0
DA:338,0
DA:347,0
DA:349,0
DA:350,0
DA:353,0
LF:93
LH:7
BRDA:26,0,0,0
BRDA:26,0,1,0
BRDA:55,1,0,0
BRDA:55,1,1,0
BRDA:55,2,0,0
BRDA:55,2,1,0
BRDA:58,3,0,0
BRDA:58,3,1,0
BRDA:76,4,0,0
BRDA:76,4,1,0
BRDA:128,5,0,0
BRDA:128,5,1,0
BRDA:128,6,0,0
BRDA:128,6,1,0
BRDA:131,7,0,0
BRDA:131,7,1,0
BRDA:197,8,0,0
BRDA:197,8,1,0
BRDA:229,9,0,0
BRDA:229,9,1,0
BRDA:246,10,0,0
BRDA:246,10,1,0
BRDA:251,11,0,0
BRDA:251,11,1,0
BRDA:277,12,0,0
BRDA:277,12,1,0
BRDA:293,13,0,0
BRDA:293,13,1,0
BRDA:306,14,0,0
BRDA:306,14,1,0
BRDA:311,15,0,0
BRDA:311,15,1,0
BRDA:311,16,0,0
BRDA:311,16,1,0
BRDA:318,17,0,0
BRDA:318,17,1,0
BRDA:340,18,0,0
BRDA:340,18,1,0
BRDA:349,19,0,0
BRDA:349,19,1,0
BRDA:349,20,0,0
BRDA:349,20,1,0
BRDA:11,21,0,1
BRDA:11,21,1,0
BRDA:11,22,0,1
BRDA:11,22,1,1
BRDA:11,23,0,1
BRDA:11,23,1,0
BRDA:11,24,0,1
BRDA:11,24,1,1
BRF:50
BRH:6
end_of_record
TN:
SF:src\progress\dto\add-progress.dto.ts
FNF:0
FNH:0
DA:1,1
DA:3,1
DA:6,1
DA:10,1
LF:4
LH:4
BRF:0
BRH:0
end_of_record
TN:
SF:src\progress\dto\koreksi-progress.dto.ts
FNF:0
FNH:0
DA:1,1
DA:3,1
DA:6,1
DA:12,1
LF:4
LH:4
BRF:0
BRH:0
end_of_record
TN:
SF:src\riwayat\riwayat.controller.ts
FN:6,(anonymous_4)
FN:11,(anonymous_5)
FNF:2
FNH:2
FNDA:1,(anonymous_4)
FNDA:3,(anonymous_5)
DA:1,1
DA:2,1
DA:5,1
DA:7,1
DA:11,1
DA:12,3
LF:6
LH:6
BRDA:7,0,0,1
BRDA:7,0,1,0
BRDA:7,1,0,1
BRDA:7,1,1,1
BRF:4
BRH:3
end_of_record
TN:
SF:src\riwayat\riwayat.module.ts
FNF:0
FNH:0
DA:1,1
DA:2,1
DA:3,1
DA:4,1
DA:11,1
LF:5
LH:5
BRF:0
BRH:0
end_of_record
TN:
SF:src\riwayat\riwayat.service.ts
FN:7,(anonymous_2)
FN:11,(anonymous_3)
FN:42,(anonymous_4)
FN:62,(anonymous_5)
FN:71,(anonymous_6)
FNF:5
FNH:5
FNDA:1,(anonymous_2)
FNDA:3,(anonymous_3)
FNDA:1,(anonymous_4)
FNDA:1,(anonymous_5)
FNDA:1,(anonymous_6)
DA:1,1
DA:2,1
DA:3,1
DA:6,1
DA:8,1
DA:12,3
DA:14,3
DA:18,3
DA:19,1
DA:22,2
DA:30,2
DA:42,2
DA:50,2
DA:62,2
DA:70,2
DA:71,1
DA:74,2
DA:76,1
DA:77,1
DA:78,0
DA:80,1
LF:21
LH:20
BRDA:18,0,0,1
BRDA:18,0,1,2
BRDA:77,1,0,0
BRDA:77,1,1,1
BRDA:8,2,0,1
BRDA:8,2,1,0
BRDA:8,3,0,1
BRDA:8,3,1,1
BRF:8
BRH:6
end_of_record
TN:
SF:src\supabase\supabase.module.ts
FNF:0
FNH:0
DA:1,0
DA:2,0
DA:9,0
LF:3
LH:0
BRF:0
BRH:0
end_of_record
TN:
SF:src\supabase\supabase.service.ts
FN:7,(anonymous_3)
FN:12,(anonymous_4)
FN:21,(anonymous_5)
FN:54,(anonymous_6)
FNF:4
FNH:1
FNDA:0,(anonymous_3)
FNDA:2,(anonymous_4)
FNDA:0,(anonymous_5)
FNDA:0,(anonymous_6)
DA:1,1
DA:2,1
DA:3,1
DA:6,1
DA:8,0
DA:13,2
DA:14,2
DA:16,2
DA:17,2
DA:22,0
DA:23,0
DA:24,0
DA:25,0
DA:26,0
DA:28,0
DA:35,0
DA:36,0
DA:37,0
DA:40,0
DA:44,0
DA:49,0
DA:50,0
DA:55,0
DA:56,0
DA:57,0
DA:58,0
DA:59,0
DA:61,0
DA:68,0
DA:69,0
DA:70,0
DA:73,0
DA:77,0
DA:79,0
DA:81,0
DA:82,0
LF:36
LH:8
BRDA:16,0,0,2
BRDA:16,0,1,0
BRDA:16,1,0,2
BRDA:16,1,1,2
BRDA:21,2,0,0
BRDA:35,3,0,0
BRDA:35,3,1,0
BRDA:54,4,0,0
BRDA:68,5,0,0
BRDA:68,5,1,0
BRF:10
BRH:3
end_of_record
TN:
SF:src\utils\image-file-filter.util.ts
FN:1,(anonymous_0)
FNF:1
FNH:0
FNDA:0,(anonymous_0)
DA:1,0
DA:6,0
DA:7,0
DA:9,0
LF:4
LH:0
BRDA:6,0,0,0
BRDA:6,0,1,0
BRF:2
BRH:0
end_of_record
TN:
SF:src\utils\jwt_token.ts
FN:17,(anonymous_2)
FN:26,(anonymous_3)
FN:35,(anonymous_4)
FN:43,(anonymous_5)
FN:51,(anonymous_6)
FNF:5
FNH:1
FNDA:1,(anonymous_2)
FNDA:0,(anonymous_3)
FNDA:0,(anonymous_4)
FNDA:0,(anonymous_5)
FNDA:0,(anonymous_6)
DA:1,1
DA:2,1
DA:3,1
DA:12,1
DA:18,1
DA:19,1
DA:21,1
DA:22,1
DA:23,1
DA:27,0
DA:32,0
DA:36,0
DA:44,0
DA:52,0
LF:14
LH:9
BRDA:21,0,0,1
BRDA:21,0,1,0
BRDA:22,1,0,1
BRDA:22,1,1,0
BRDA:23,2,0,1
BRDA:23,2,1,0
BRDA:18,3,0,1
BRDA:18,3,1,0
BRDA:18,4,0,1
BRDA:18,4,1,1
BRDA:18,5,0,1
BRDA:18,5,1,0
BRDA:18,6,0,1
BRDA:18,6,1,1
BRF:14
BRH:9
end_of_record
TN:
SF:src\utils\pdf-file-filter.util.ts
FN:3,(anonymous_0)
FNF:1
FNH:0
FNDA:0,(anonymous_0)
DA:1,1
DA:3,1
DA:8,0
DA:9,0
DA:11,0
LF:5
LH:2
BRDA:8,0,0,0
BRDA:8,0,1,0
BRF:2
BRH:0
end_of_record
TN:
SF:src\utils\validate-pipe.ts
FN:5,(anonymous_1)
FNF:1
FNH:0
FNDA:0,(anonymous_1)
DA:1,0
DA:4,0
DA:6,0
DA:7,0
DA:9,0
LF:5
LH:0
BRDA:6,0,0,0
BRDA:6,0,1,0
BRDA:6,1,0,0
BRDA:6,1,1,0
BRDA:6,1,2,0
BRF:5
BRH:0
end_of_record
TN:
SF:src\utils\word_case.ts
FN:1,toTitleCase
FN:6,(anonymous_1)
FNF:2
FNH:0
FNDA:0,toTitleCase
FNDA:0,(anonymous_1)
DA:1,1
DA:2,0
DA:6,0
LF:3
LH:1
BRF:0
BRH:0
end_of_record
TN:
SF:src\validators\user.validator.ts
FN:7,(anonymous_2)
FN:11,(anonymous_3)
FNF:2
FNH:1
FNDA:1,(anonymous_2)
FNDA:0,(anonymous_3)
DA:1,1
DA:2,1
DA:6,1
DA:8,1
DA:12,0
DA:13,0
DA:19,0
DA:21,0
DA:27,0
DA:28,0
LF:10
LH:4
BRDA:19,0,0,0
BRDA:19,0,1,0
BRDA:8,1,0,1
BRDA:8,1,1,0
BRDA:8,2,0,1
BRDA:8,2,1,1
BRF:6
BRH:3
end_of_record
